[I 2026-07-09 22:33:28,697] Trial 448 finished with value: 0.0 and parameters: {'b': 2048, 'ub': 512, 'ngl': 28, 'ngld': 3, 'spec_n': 4, 'moe': 8, 't': 12, 'tb': 24}. Best is trial 0 with value: 0.0.

════════════════════════════════════════════════════════════════════════════════
🤖 OPTUNA DENEMESİ [#450 / 1000] BAŞLIYOR...
🧪 Test Edilen Set: B:2048 | UB:2048 | NGL:28 | DRAFT:1 | MTP:2 | MOE:4 | T:6 | TB:16
      🔍 [Watchdog] Anlık Hız: 205.95 tok/s
      🔍 [Watchdog] Anlık Hız: 151.97 tok/s
   💀 BAŞARISIZ! (Sebep: KILLED_LOW_TPS | Son Hız: 152.0) -> Optuna bu seti cezalandırdı (Skor: 0)
[I 2026-07-09 22:34:03,091] Trial 449 finished with value: 0.0 and parameters: {'b': 2048, 'ub': 2048, 'ngl': 28, 'ngld': 1, 'spec_n': 2, 'moe': 4, 't': 6, 'tb': 16}. Best is trial 0 with value: 0.0.

════════════════════════════════════════════════════════════════════════════════
🤖 OPTUNA DENEMESİ [#451 / 1000] BAŞLIYOR...
🧪 Test Edilen Set: B:2048 | UB:1024 | NGL:20 | DRAFT:5 | MTP:2 | MOE:2 | T:3 | TB:24
      🔍 [Watchdog] Anlık Hız: 229.07 tok/s
      🔍 [Watchdog] Anlık Hız: 162.99 tok/s
   💀 BAŞARISIZ! (Sebep: KILLED_LOW_TPS | Son Hız: 163.0) -> Optuna bu seti cezalandırdı (Skor: 0)
[I 2026-07-09 22:34:36,336] Trial 450 finished with value: 0.0 and parameters: {'b': 2048, 'ub': 1024, 'ngl': 20, 'ngld': 5, 'spec_n': 2, 'moe': 2, 't': 3, 'tb': 24}. Best is trial 0 with value: 0.0.

════════════════════════════════════════════════════════════════════════════════
🤖 OPTUNA DENEMESİ [#452 / 1000] BAŞLIYOR...
🧪 Test Edilen Set: B:2048 | UB:512 | NGL:28 | DRAFT:7 | MTP:4 | MOE:10 | T:12 | TB:8
      🔍 [Watchdog] Anlık Hız: 145.44 tok/s
   💀 BAŞARISIZ! (Sebep: KILLED_LOW_TPS | Son Hız: 145.4) -> Optuna bu seti cezalandırdı (Skor: 0)
[I 2026-07-09 22:34:58,137] Trial 451 finished with value: 0.0 and parameters: {'b': 2048, 'ub': 512, 'ngl': 28, 'ngld': 7, 'spec_n': 4, 'moe': 10, 't': 12, 'tb': 8}. Best is trial 0 with value: 0.0.

════════════════════════════════════════════════════════════════════════════════
🤖 OPTUNA DENEMESİ [#453 / 1000] BAŞLIYOR...
🧪 Test Edilen Set: B:2048 | UB:2048 | NGL:24 | DRAFT:5 | MTP:3 | MOE:0 | T:6 | TB:16
      🔍 [Watchdog] Anlık Hız: 203.72 tok/s
      🔍 [Watchdog] Anlık Hız: 150.30 tok/s
   💀 BAŞARISIZ! (Sebep: KILLED_LOW_TPS | Son Hız: 150.3) -> Optuna bu seti cezalandırdı (Skor: 0)
[I 2026-07-09 22:35:33,527] Trial 452 finished with value: 0.0 and parameters: {'b': 2048, 'ub': 2048, 'ngl': 24, 'ngld': 5, 'spec_n': 3, 'moe': 0, 't': 6, 'tb': 16}. Best is trial 0 with value: 0.0.

════════════════════════════════════════════════════════════════════════════════
🤖 OPTUNA DENEMESİ [#454 / 1000] BAŞLIYOR...
🧪 Test Edilen Set: B:2048 | UB:1024 | NGL:20 | DRAFT:1 | MTP:2 | MOE:4 | T:3 | TB:24
      🔍 [Watchdog] Anlık Hız: 225.64 tok/s
      🔍 [Watchdog] Anlık Hız: 165.52 tok/s
   💀 BAŞARISIZ! (Sebep: KILLED_LOW_TPS | Son Hız: 165.5) -> Optuna bu seti cezalandırdı (Skor: 0)
[I 2026-07-09 22:36:05,957] Trial 453 finished with value: 0.0 and parameters: {'b': 2048, 'ub': 1024, 'ngl': 20, 'ngld': 1, 'spec_n': 2, 'moe': 4, 't': 3, 'tb': 24}. Best is trial 0 with value: 0.0.

════════════════════════════════════════════════════════════════════════════════
🤖 OPTUNA DENEMESİ [#455 / 1000] BAŞLIYOR...
🧪 Test Edilen Set: B:2048 | UB:512 | NGL:28 | DRAFT:9 | MTP:4 | MOE:2 | T:12 | TB:16
      🔍 [Watchdog] Anlık Hız: 208.87 tok/s
      🔍 [Watchdog] Anlık Hız: 152.91 tok/s
   💀 BAŞARISIZ! (Sebep: KILLED_LOW_TPS | Son Hız: 152.9) -> Optuna bu seti cezalandırdı (Skor: 0)
[I 2026-07-09 22:36:40,457] Trial 454 finished with value: 0.0 and parameters: {'b': 2048, 'ub': 512, 'ngl': 28, 'ngld': 9, 'spec_n': 4, 'moe': 2, 't': 12, 'tb': 16}. Best is trial 0 with value: 0.0.

════════════════════════════════════════════════════════════════════════════════
🤖 OPTUNA DENEMESİ [#456 / 1000] BAŞLIYOR...
🧪 Test Edilen Set: B:2048 | UB:2048 | NGL:28 | DRAFT:5 | MTP:2 | MOE:8 | T:6 | TB:24
      🔍 [Watchdog] Anlık Hız: 229.33 tok/s
      🔍 [Watchdog] Anlık Hız: 169.94 tok/s
   💀 BAŞARISIZ! (Sebep: KILLED_LOW_TPS | Son Hız: 169.9) -> Optuna bu seti cezalandırdı (Skor: 0)
[I 2026-07-09 22:37:12,869] Trial 455 finished with value: 0.0 and parameters: {'b': 2048, 'ub': 2048, 'ngl': 28, 'ngld': 5, 'spec_n': 2, 'moe': 8, 't': 6, 'tb': 24}. Best is trial 0 with value: 0.0.

════════════════════════════════════════════════════════════════════════════════
🤖 OPTUNA DENEMESİ [#457 / 1000] BAŞLIYOR...
🧪 Test Edilen Set: B:2048 | UB:1024 | NGL:20 | DRAFT:3 | MTP:4 | MOE:10 | T:3 | TB:16
      🔍 [Watchdog] Anlık Hız: 200.63 tok/s
      🔍 [Watchdog] Anlık Hız: 140.41 tok/s
   💀 BAŞARISIZ! (Sebep: KILLED_LOW_TPS | Son Hız: 140.4) -> Optuna bu seti cezalandırdı (Skor: 0)
[I 2026-07-09 22:37:49,359] Trial 456 finished with value: 0.0 and parameters: {'b': 2048, 'ub': 1024, 'ngl': 20, 'ngld': 3, 'spec_n': 4, 'moe': 10, 't': 3, 'tb': 16}. Best is trial 0 with value: 0.0.

════════════════════════════════════════════════════════════════════════════════
🤖 OPTUNA DENEMESİ [#458 / 1000] BAŞLIYOR...
🧪 Test Edilen Set: B:2048 | UB:512 | NGL:28 | DRAFT:1 | MTP:2 | MOE:4 | T:12 | TB:8
      🔍 [Watchdog] Anlık Hız: 152.03 tok/s
   💀 BAŞARISIZ! (Sebep: KILLED_LOW_TPS | Son Hız: 152.0) -> Optuna bu seti cezalandırdı (Skor: 0)
[I 2026-07-09 22:38:10,143] Trial 457 finished with value: 0.0 and parameters: {'b': 2048, 'ub': 512, 'ngl': 28, 'ngld': 1, 'spec_n': 2, 'moe': 4, 't': 12, 'tb': 8}. Best is trial 0 with value: 0.0.

════════════════════════════════════════════════════════════════════════════════
🤖 OPTUNA DENEMESİ [#459 / 1000] BAŞLIYOR...
🧪 Test Edilen Set: B:2048 | UB:2048 | NGL:24 | DRAFT:5 | MTP:3 | MOE:2 | T:6 | TB:16
      🔍 [Watchdog] Anlık Hız: 205.63 tok/s
      🔍 [Watchdog] Anlık Hız: 152.02 tok/s
   💀 BAŞARISIZ! (Sebep: KILLED_LOW_TPS | Son Hız: 152.0) -> Optuna bu seti cezalandırdı (Skor: 0)
[I 2026-07-09 22:38:44,505] Trial 458 finished with value: 0.0 and parameters: {'b': 2048, 'ub': 2048, 'ngl': 24, 'ngld': 5, 'spec_n': 3, 'moe': 2, 't': 6, 'tb': 16}. Best is trial 0 with value: 0.0.

════════════════════════════════════════════════════════════════════════════════
🤖 OPTUNA DENEMESİ [#460 / 1000] BAŞLIYOR...
🧪 Test Edilen Set: B:2048 | UB:1024 | NGL:20 | DRAFT:7 | MTP:4 | MOE:0 | T:3 | TB:24
      🔍 [Watchdog] Anlık Hız: 224.81 tok/s
      🔍 [Watchdog] Anlık Hız: 153.13 tok/s
   💀 BAŞARISIZ! (Sebep: KILLED_LOW_TPS | Son Hız: 153.1) -> Optuna bu seti cezalandırdı (Skor: 0)
[I 2026-07-09 22:39:18,990] Trial 459 finished with value: 0.0 and parameters: {'b': 2048, 'ub': 1024, 'ngl': 20, 'ngld': 7, 'spec_n': 4, 'moe': 0, 't': 3, 'tb': 24}. Best is trial 0 with value: 0.0.

════════════════════════════════════════════════════════════════════════════════
🤖 OPTUNA DENEMESİ [#461 / 1000] BAŞLIYOR...
🧪 Test Edilen Set: B:2048 | UB:512 | NGL:28 | DRAFT:5 | MTP:2 | MOE:4 | T:12 | TB:16
      🔍 [Watchdog] Anlık Hız: 206.31 tok/s
      🔍 [Watchdog] Anlık Hız: 150.22 tok/s
   💀 BAŞARISIZ! (Sebep: KILLED_LOW_TPS | Son Hız: 150.2) -> Optuna bu seti cezalandırdı (Skor: 0)
[I 2026-07-09 22:39:53,329] Trial 460 finished with value: 0.0 and parameters: {'b': 2048, 'ub': 512, 'ngl': 28, 'ngld': 5, 'spec_n': 2, 'moe': 4, 't': 12, 'tb': 16}. Best is trial 0 with value: 0.0.

════════════════════════════════════════════════════════════════════════════════
🤖 OPTUNA DENEMESİ [#462 / 1000] BAŞLIYOR...
🧪 Test Edilen Set: B:2048 | UB:2048 | NGL:28 | DRAFT:9 | MTP:2 | MOE:10 | T:6 | TB:24
      🔍 [Watchdog] Anlık Hız: 224.63 tok/s
      🔍 [Watchdog] Anlık Hız: 169.24 tok/s
   💀 BAŞARISIZ! (Sebep: KILLED_LOW_TPS | Son Hız: 169.2) -> Optuna bu seti cezalandırdı (Skor: 0)
[I 2026-07-09 22:40:25,726] Trial 461 finished with value: 0.0 and parameters: {'b': 2048, 'ub': 2048, 'ngl': 28, 'ngld': 9, 'spec_n': 2, 'moe': 10, 't': 6, 'tb': 24}. Best is trial 0 with value: 0.0.

════════════════════════════════════════════════════════════════════════════════
🤖 OPTUNA DENEMESİ [#463 / 1000] BAŞLIYOR...
🧪 Test Edilen Set: B:2048 | UB:1024 | NGL:20 | DRAFT:1 | MTP:4 | MOE:8 | T:12 | TB:8
      🔍 [Watchdog] Anlık Hız: 146.03 tok/s
   💀 BAŞARISIZ! (Sebep: KILLED_LOW_TPS | Son Hız: 146.0) -> Optuna bu seti cezalandırdı (Skor: 0)
[I 2026-07-09 22:40:47,547] Trial 462 finished with value: 0.0 and parameters: {'b': 2048, 'ub': 1024, 'ngl': 20, 'ngld': 1, 'spec_n': 4, 'moe': 8, 't': 12, 'tb': 8}. Best is trial 0 with value: 0.0.

════════════════════════════════════════════════════════════════════════════════
🤖 OPTUNA DENEMESİ [#464 / 1000] BAŞLIYOR...
🧪 Test Edilen Set: B:2048 | UB:2048 | NGL:24 | DRAFT:3 | MTP:3 | MOE:2 | T:3 | TB:16
      🔍 [Watchdog] Anlık Hız: 202.21 tok/s
      🔍 [Watchdog] Anlık Hız: 147.61 tok/s
   💀 BAŞARISIZ! (Sebep: KILLED_LOW_TPS | Son Hız: 147.6) -> Optuna bu seti cezalandırdı (Skor: 0)
[I 2026-07-09 22:41:23,012] Trial 463 finished with value: 0.0 and parameters: {'b': 2048, 'ub': 2048, 'ngl': 24, 'ngld': 3, 'spec_n': 3, 'moe': 2, 't': 3, 'tb': 16}. Best is trial 0 with value: 0.0.

════════════════════════════════════════════════════════════════════════════════
🤖 OPTUNA DENEMESİ [#465 / 1000] BAŞLIYOR...
🧪 Test Edilen Set: B:2048 | UB:512 | NGL:28 | DRAFT:5 | MTP:2 | MOE:4 | T:6 | TB:24
      🔍 [Watchdog] Anlık Hız: 231.11 tok/s
      🔍 [Watchdog] Anlık Hız: 172.71 tok/s
   💀 BAŞARISIZ! (Sebep: KILLED_LOW_TPS | Son Hız: 172.7) -> Optuna bu seti cezalandırdı (Skor: 0)
[I 2026-07-09 22:41:54,140] Trial 464 finished with value: 0.0 and parameters: {'b': 2048, 'ub': 512, 'ngl': 28, 'ngld': 5, 'spec_n': 2, 'moe': 4, 't': 6, 'tb': 24}. Best is trial 0 with value: 0.0.

════════════════════════════════════════════════════════════════════════════════
🤖 OPTUNA DENEMESİ [#466 / 1000] BAŞLIYOR...
🧪 Test Edilen Set: B:2048 | UB:1024 | NGL:20 | DRAFT:1 | MTP:4 | MOE:10 | T:12 | TB:16
      🔍 [Watchdog] Anlık Hız: 199.01 tok/s
   💀 BAŞARISIZ! (Sebep: KILLED_LOW_TPS | Son Hız: 199.0) -> Optuna bu seti cezalandırdı (Skor: 0)
[I 2026-07-09 22:42:11,906] Trial 465 finished with value: 0.0 and parameters: {'b': 2048, 'ub': 1024, 'ngl': 20, 'ngld': 1, 'spec_n': 4, 'moe': 10, 't': 12, 'tb': 16}. Best is trial 0 with value: 0.0.

════════════════════════════════════════════════════════════════════════════════
🤖 OPTUNA DENEMESİ [#467 / 1000] BAŞLIYOR...
🧪 Test Edilen Set: B:2048 | UB:2048 | NGL:28 | DRAFT:5 | MTP:2 | MOE:0 | T:3 | TB:16
   💀 BAŞARISIZ! (Sebep: CRASH_OR_TIMEOUT | Son Hız: 0.0) -> Optuna bu seti cezalandırdı (Skor: 0)
[I 2026-07-09 22:42:19,199] Trial 466 finished with value: 0.0 and parameters: {'b': 2048, 'ub': 2048, 'ngl': 28, 'ngld': 5, 'spec_n': 2, 'moe': 0, 't': 3, 'tb': 16}. Best is trial 0 with value: 0.0.

════════════════════════════════════════════════════════════════════════════════
🤖 OPTUNA DENEMESİ [#468 / 1000] BAŞLIYOR...
🧪 Test Edilen Set: B:2048 | UB:512 | NGL:28 | DRAFT:7 | MTP:4 | MOE:2 | T:12 | TB:24
      🔍 [Watchdog] Anlık Hız: 233.28 tok/s
      🔍 [Watchdog] Anlık Hız: 174.51 tok/s
   💀 BAŞARISIZ! (Sebep: KILLED_LOW_TPS | Son Hız: 174.5) -> Optuna bu seti cezalandırdı (Skor: 0)
[I 2026-07-09 22:42:50,228] Trial 467 finished with value: 0.0 and parameters: {'b': 2048, 'ub': 512, 'ngl': 28, 'ngld': 7, 'spec_n': 4, 'moe': 2, 't': 12, 'tb': 24}. Best is trial 0 with value: 0.0.

════════════════════════════════════════════════════════════════════════════════
🤖 OPTUNA DENEMESİ [#469 / 1000] BAŞLIYOR...
🧪 Test Edilen Set: B:2048 | UB:1024 | NGL:20 | DRAFT:9 | MTP:2 | MOE:4 | T:6 | TB:8
      🔍 [Watchdog] Anlık Hız: 146.57 tok/s
   💀 BAŞARISIZ! (Sebep: KILLED_LOW_TPS | Son Hız: 146.6) -> Optuna bu seti cezalandırdı (Skor: 0)
[I 2026-07-09 22:43:12,065] Trial 468 finished with value: 0.0 and parameters: {'b': 2048, 'ub': 1024, 'ngl': 20, 'ngld': 9, 'spec_n': 2, 'moe': 4, 't': 6, 'tb': 8}. Best is trial 0 with value: 0.0.

════════════════════════════════════════════════════════════════════════════════
🤖 OPTUNA DENEMESİ [#470 / 1000] BAŞLIYOR...
🧪 Test Edilen Set: B:2048 | UB:2048 | NGL:24 | DRAFT:5 | MTP:3 | MOE:10 | T:3 | TB:16
      🔍 [Watchdog] Anlık Hız: 197.12 tok/s
   💀 BAŞARISIZ! (Sebep: KILLED_LOW_TPS | Son Hız: 197.1) -> Optuna bu seti cezalandırdı (Skor: 0)
[I 2026-07-09 22:43:30,929] Trial 469 finished with value: 0.0 and parameters: {'b': 2048, 'ub': 2048, 'ngl': 24, 'ngld': 5, 'spec_n': 3, 'moe': 10, 't': 3, 'tb': 16}. Best is trial 0 with value: 0.0.

════════════════════════════════════════════════════════════════════════════════
🤖 OPTUNA DENEMESİ [#471 / 1000] BAŞLIYOR...
🧪 Test Edilen Set: B:2048 | UB:512 | NGL:28 | DRAFT:1 | MTP:2 | MOE:8 | T:12 | TB:24
      🔍 [Watchdog] Anlık Hız: 225.31 tok/s
      🔍 [Watchdog] Anlık Hız: 167.31 tok/s
   💀 BAŞARISIZ! (Sebep: KILLED_LOW_TPS | Son Hız: 167.3) -> Optuna bu seti cezalandırdı (Skor: 0)
[I 2026-07-09 22:44:03,227] Trial 470 finished with value: 0.0 and parameters: {'b': 2048, 'ub': 512, 'ngl': 28, 'ngld': 1, 'spec_n': 2, 'moe': 8, 't': 12, 'tb': 24}. Best is trial 0 with value: 0.0.

════════════════════════════════════════════════════════════════════════════════
🤖 OPTUNA DENEMESİ [#472 / 1000] BAŞLIYOR...
🧪 Test Edilen Set: B:2048 | UB:1024 | NGL:20 | DRAFT:3 | MTP:4 | MOE:4 | T:6 | TB:16
      🔍 [Watchdog] Anlık Hız: 199.25 tok/s
   💀 BAŞARISIZ! (Sebep: KILLED_LOW_TPS | Son Hız: 199.2) -> Optuna bu seti cezalandırdı (Skor: 0)
[I 2026-07-09 22:44:20,956] Trial 471 finished with value: 0.0 and parameters: {'b': 2048, 'ub': 1024, 'ngl': 20, 'ngld': 3, 'spec_n': 4, 'moe': 4, 't': 6, 'tb': 16}. Best is trial 0 with value: 0.0.

════════════════════════════════════════════════════════════════════════════════
🤖 OPTUNA DENEMESİ [#473 / 1000] BAŞLIYOR...
🧪 Test Edilen Set: B:2048 | UB:2048 | NGL:28 | DRAFT:5 | MTP:2 | MOE:2 | T:3 | TB:24
   💀 BAŞARISIZ! (Sebep: CRASH_OR_TIMEOUT | Son Hız: 0.0) -> Optuna bu seti cezalandırdı (Skor: 0)
[I 2026-07-09 22:44:28,247] Trial 472 finished with value: 0.0 and parameters: {'b': 2048, 'ub': 2048, 'ngl': 28, 'ngld': 5, 'spec_n': 2, 'moe': 2, 't': 3, 'tb': 24}. Best is trial 0 with value: 0.0.

════════════════════════════════════════════════════════════════════════════════
🤖 OPTUNA DENEMESİ [#474 / 1000] BAŞLIYOR...
🧪 Test Edilen Set: B:2048 | UB:512 | NGL:28 | DRAFT:7 | MTP:4 | MOE:10 | T:12 | TB:8
      🔍 [Watchdog] Anlık Hız: 147.09 tok/s
   💀 BAŞARISIZ! (Sebep: KILLED_LOW_TPS | Son Hız: 147.1) -> Optuna bu seti cezalandırdı (Skor: 0)
[I 2026-07-09 22:44:50,058] Trial 473 finished with value: 0.0 and parameters: {'b': 2048, 'ub': 512, 'ngl': 28, 'ngld': 7, 'spec_n': 4, 'moe': 10, 't': 12, 'tb': 8}. Best is trial 0 with value: 0.0.

════════════════════════════════════════════════════════════════════════════════
🤖 OPTUNA DENEMESİ [#475 / 1000] BAŞLIYOR...
🧪 Test Edilen Set: B:2048 | UB:2048 | NGL:24 | DRAFT:1 | MTP:3 | MOE:0 | T:6 | TB:16
      🔍 [Watchdog] Anlık Hız: 204.46 tok/s
      🔍 [Watchdog] Anlık Hız: 150.72 tok/s
   💀 BAŞARISIZ! (Sebep: KILLED_LOW_TPS | Son Hız: 150.7) -> Optuna bu seti cezalandırdı (Skor: 0)
[I 2026-07-09 22:45:25,641] Trial 474 finished with value: 0.0 and parameters: {'b': 2048, 'ub': 2048, 'ngl': 24, 'ngld': 1, 'spec_n': 3, 'moe': 0, 't': 6, 'tb': 16}. Best is trial 0 with value: 0.0.

════════════════════════════════════════════════════════════════════════════════
🤖 OPTUNA DENEMESİ [#476 / 1000] BAŞLIYOR...
🧪 Test Edilen Set: B:2048 | UB:1024 | NGL:20 | DRAFT:5 | MTP:2 | MOE:4 | T:3 | TB:24
      🔍 [Watchdog] Anlık Hız: 227.95 tok/s
      🔍 [Watchdog] Anlık Hız: 170.39 tok/s
   💀 BAŞARISIZ! (Sebep: KILLED_LOW_TPS | Son Hız: 170.4) -> Optuna bu seti cezalandırdı (Skor: 0)
[I 2026-07-09 22:45:57,887] Trial 475 finished with value: 0.0 and parameters: {'b': 2048, 'ub': 1024, 'ngl': 20, 'ngld': 5, 'spec_n': 2, 'moe': 4, 't': 3, 'tb': 24}. Best is trial 0 with value: 0.0.

════════════════════════════════════════════════════════════════════════════════
🤖 OPTUNA DENEMESİ [#477 / 1000] BAŞLIYOR...
🧪 Test Edilen Set: B:2048 | UB:512 | NGL:28 | DRAFT:9 | MTP:4 | MOE:2 | T:12 | TB:16
      🔍 [Watchdog] Anlık Hız: 208.41 tok/s
      🔍 [Watchdog] Anlık Hız: 152.61 tok/s
   💀 BAŞARISIZ! (Sebep: KILLED_LOW_TPS | Son Hız: 152.6) -> Optuna bu seti cezalandırdı (Skor: 0)
[I 2026-07-09 22:46:32,260] Trial 476 finished with value: 0.0 and parameters: {'b': 2048, 'ub': 512, 'ngl': 28, 'ngld': 9, 'spec_n': 4, 'moe': 2, 't': 12, 'tb': 16}. Best is trial 0 with value: 0.0.

════════════════════════════════════════════════════════════════════════════════
🤖 OPTUNA DENEMESİ [#478 / 1000] BAŞLIYOR...
🧪 Test Edilen Set: B:2048 | UB:2048 | NGL:28 | DRAFT:5 | MTP:2 | MOE:8 | T:6 | TB:16
      🔍 [Watchdog] Anlık Hız: 203.10 tok/s
      🔍 [Watchdog] Anlık Hız: 150.71 tok/s
   💀 BAŞARISIZ! (Sebep: KILLED_LOW_TPS | Son Hız: 150.7) -> Optuna bu seti cezalandırdı (Skor: 0)
[I 2026-07-09 22:47:07,734] Trial 477 finished with value: 0.0 and parameters: {'b': 2048, 'ub': 2048, 'ngl': 28, 'ngld': 5, 'spec_n': 2, 'moe': 8, 't': 6, 'tb': 16}. Best is trial 0 with value: 0.0.

════════════════════════════════════════════════════════════════════════════════
🤖 OPTUNA DENEMESİ [#479 / 1000] BAŞLIYOR...
🧪 Test Edilen Set: B:2048 | UB:1024 | NGL:20 | DRAFT:3 | MTP:4 | MOE:10 | T:3 | TB:24
      🔍 [Watchdog] Anlık Hız: 229.31 tok/s
      🔍 [Watchdog] Anlık Hız: 163.33 tok/s
   💀 BAŞARISIZ! (Sebep: KILLED_LOW_TPS | Son Hız: 163.3) -> Optuna bu seti cezalandırdı (Skor: 0)
[I 2026-07-09 22:47:40,974] Trial 478 finished with value: 0.0 and parameters: {'b': 2048, 'ub': 1024, 'ngl': 20, 'ngld': 3, 'spec_n': 4, 'moe': 10, 't': 3, 'tb': 24}. Best is trial 0 with value: 0.0.

════════════════════════════════════════════════════════════════════════════════
🤖 OPTUNA DENEMESİ [#480 / 1000] BAŞLIYOR...
🧪 Test Edilen Set: B:2048 | UB:512 | NGL:28 | DRAFT:1 | MTP:2 | MOE:4 | T:12 | TB:8
      🔍 [Watchdog] Anlık Hız: 152.10 tok/s
   💀 BAŞARISIZ! (Sebep: KILLED_LOW_TPS | Son Hız: 152.1) -> Optuna bu seti cezalandırdı (Skor: 0)
[I 2026-07-09 22:48:01,773] Trial 479 finished with value: 0.0 and parameters: {'b': 2048, 'ub': 512, 'ngl': 28, 'ngld': 1, 'spec_n': 2, 'moe': 4, 't': 12, 'tb': 8}. Best is trial 0 with value: 0.0.

════════════════════════════════════════════════════════════════════════════════
🤖 OPTUNA DENEMESİ [#481 / 1000] BAŞLIYOR...
🧪 Test Edilen Set: B:2048 | UB:2048 | NGL:24 | DRAFT:5 | MTP:3 | MOE:2 | T:6 | TB:16
      🔍 [Watchdog] Anlık Hız: 204.63 tok/s
      🔍 [Watchdog] Anlık Hız: 150.18 tok/s
   💀 BAŞARISIZ! (Sebep: KILLED_LOW_TPS | Son Hız: 150.2) -> Optuna bu seti cezalandırdı (Skor: 0)
[I 2026-07-09 22:48:37,150] Trial 480 finished with value: 0.0 and parameters: {'b': 2048, 'ub': 2048, 'ngl': 24, 'ngld': 5, 'spec_n': 3, 'moe': 2, 't': 6, 'tb': 16}. Best is trial 0 with value: 0.0.

════════════════════════════════════════════════════════════════════════════════
🤖 OPTUNA DENEMESİ [#482 / 1000] BAŞLIYOR...
🧪 Test Edilen Set: B:2048 | UB:1024 | NGL:20 | DRAFT:7 | MTP:2 | MOE:0 | T:3 | TB:24
      🔍 [Watchdog] Anlık Hız: 228.75 tok/s
      🔍 [Watchdog] Anlık Hız: 170.27 tok/s
   💀 BAŞARISIZ! (Sebep: KILLED_LOW_TPS | Son Hız: 170.3) -> Optuna bu seti cezalandırdı (Skor: 0)
[I 2026-07-09 22:49:09,467] Trial 481 finished with value: 0.0 and parameters: {'b': 2048, 'ub': 1024, 'ngl': 20, 'ngld': 7, 'spec_n': 2, 'moe': 0, 't': 3, 'tb': 24}. Best is trial 0 with value: 0.0.

════════════════════════════════════════════════════════════════════════════════
🤖 OPTUNA DENEMESİ [#483 / 1000] BAŞLIYOR...
🧪 Test Edilen Set: B:2048 | UB:512 | NGL:28 | DRAFT:5 | MTP:4 | MOE:10 | T:12 | TB:16
      🔍 [Watchdog] Anlık Hız: 196.12 tok/s
   💀 BAŞARISIZ! (Sebep: KILLED_LOW_TPS | Son Hız: 196.1) -> Optuna bu seti cezalandırdı (Skor: 0)
[I 2026-07-09 22:49:27,163] Trial 482 finished with value: 0.0 and parameters: {'b': 2048, 'ub': 512, 'ngl': 28, 'ngld': 5, 'spec_n': 4, 'moe': 10, 't': 12, 'tb': 16}. Best is trial 0 with value: 0.0.

════════════════════════════════════════════════════════════════════════════════
🤖 OPTUNA DENEMESİ [#484 / 1000] BAŞLIYOR...
🧪 Test Edilen Set: B:2048 | UB:2048 | NGL:28 | DRAFT:9 | MTP:2 | MOE:4 | T:6 | TB:24
      🔍 [Watchdog] Anlık Hız: 230.74 tok/s
      🔍 [Watchdog] Anlık Hız: 172.26 tok/s
   💀 BAŞARISIZ! (Sebep: KILLED_LOW_TPS | Son Hız: 172.3) -> Optuna bu seti cezalandırdı (Skor: 0)
[I 2026-07-09 22:49:59,327] Trial 483 finished with value: 0.0 and parameters: {'b': 2048, 'ub': 2048, 'ngl': 28, 'ngld': 9, 'spec_n': 2, 'moe': 4, 't': 6, 'tb': 24}. Best is trial 0 with value: 0.0.

════════════════════════════════════════════════════════════════════════════════
🤖 OPTUNA DENEMESİ [#485 / 1000] BAŞLIYOR...
🧪 Test Edilen Set: B:2048 | UB:1024 | NGL:20 | DRAFT:1 | MTP:4 | MOE:8 | T:3 | TB:8
      🔍 [Watchdog] Anlık Hız: 145.55 tok/s
   💀 BAŞARISIZ! (Sebep: KILLED_LOW_TPS | Son Hız: 145.6) -> Optuna bu seti cezalandırdı (Skor: 0)
[I 2026-07-09 22:50:21,160] Trial 484 finished with value: 0.0 and parameters: {'b': 2048, 'ub': 1024, 'ngl': 20, 'ngld': 1, 'spec_n': 4, 'moe': 8, 't': 3, 'tb': 8}. Best is trial 0 with value: 0.0.

════════════════════════════════════════════════════════════════════════════════
🤖 OPTUNA DENEMESİ [#486 / 1000] BAŞLIYOR...
🧪 Test Edilen Set: B:2048 | UB:512 | NGL:24 | DRAFT:3 | MTP:3 | MOE:2 | T:12 | TB:16
      🔍 [Watchdog] Anlık Hız: 199.81 tok/s
   💀 BAŞARISIZ! (Sebep: KILLED_LOW_TPS | Son Hız: 199.8) -> Optuna bu seti cezalandırdı (Skor: 0)
[I 2026-07-09 22:50:38,899] Trial 485 finished with value: 0.0 and parameters: {'b': 2048, 'ub': 512, 'ngl': 24, 'ngld': 3, 'spec_n': 3, 'moe': 2, 't': 12, 'tb': 16}. Best is trial 0 with value: 0.0.

════════════════════════════════════════════════════════════════════════════════
🤖 OPTUNA DENEMESİ [#487 / 1000] BAŞLIYOR...
🧪 Test Edilen Set: B:2048 | UB:2048 | NGL:28 | DRAFT:5 | MTP:2 | MOE:10 | T:6 | TB:16
      🔍 [Watchdog] Anlık Hız: 203.18 tok/s
      🔍 [Watchdog] Anlık Hız: 151.53 tok/s
   💀 BAŞARISIZ! (Sebep: KILLED_LOW_TPS | Son Hız: 151.5) -> Optuna bu seti cezalandırdı (Skor: 0)
