[I 2026-07-09 19:36:31,390] Trial 74 finished with value: 0.0 and parameters: {'b': 2048, 'ub': 2048, 'ngl': 28, 'ngld': 5, 'spec_n': 3, 'moe': 2, 't': 6, 'tb': 24}. Best is trial 0 with value: 0.0.

════════════════════════════════════════════════════════════════════════════════
🤖 OPTUNA DENEMESİ [#76 / 1000] BAŞLIYOR...
🧪 Test Edilen Set: B:2048 | UB:1024 | NGL:24 | DRAFT:7 | MTP:2 | MOE:8 | T:12 | TB:8
      🔍 [Watchdog] Anlık Hız: 149.39 tok/s
   💀 BAŞARISIZ! (Sebep: KILLED_LOW_TPS | Son Hız: 149.4) -> Optuna bu seti cezalandırdı (Skor: 0)
[I 2026-07-09 19:36:52,217] Trial 75 finished with value: 0.0 and parameters: {'b': 2048, 'ub': 1024, 'ngl': 24, 'ngld': 7, 'spec_n': 2, 'moe': 8, 't': 12, 'tb': 8}. Best is trial 0 with value: 0.0.

════════════════════════════════════════════════════════════════════════════════
🤖 OPTUNA DENEMESİ [#77 / 1000] BAŞLIYOR...
🧪 Test Edilen Set: B:2048 | UB:512 | NGL:28 | DRAFT:3 | MTP:3 | MOE:0 | T:6 | TB:24
      🔍 [Watchdog] Anlık Hız: 237.43 tok/s
      🔍 [Watchdog] Anlık Hız: 175.32 tok/s
   💀 BAŞARISIZ! (Sebep: KILLED_LOW_TPS | Son Hız: 175.3) -> Optuna bu seti cezalandırdı (Skor: 0)
[I 2026-07-09 19:37:23,330] Trial 76 finished with value: 0.0 and parameters: {'b': 2048, 'ub': 512, 'ngl': 28, 'ngld':3, 'spec_n': 3, 'moe': 0, 't': 6, 'tb': 24}. Best is trial 0 with value: 0.0.

════════════════════════════════════════════════════════════════════════════════
🤖 OPTUNA DENEMESİ [#78 / 1000] BAŞLIYOR...
🧪 Test Edilen Set: B:2048 | UB:2048 | NGL:20 | DRAFT:5 | MTP:4 | MOE:4 | T:3 | TB:16
      🔍 [Watchdog] Anlık Hız: 205.64 tok/s
      🔍 [Watchdog] Anlık Hız: 150.44 tok/s
   💀 BAŞARISIZ! (Sebep: KILLED_LOW_TPS | Son Hız: 150.4) -> Optuna bu seti cezalandırdı (Skor: 0)
[I 2026-07-09 19:37:58,769] Trial 77 finished with value: 0.0 and parameters: {'b': 2048, 'ub': 2048, 'ngl': 20, 'ngld': 5, 'spec_n': 4, 'moe': 4, 't': 3, 'tb': 16}. Best is trial 0 with value: 0.0.

════════════════════════════════════════════════════════════════════════════════
🤖 OPTUNA DENEMESİ [#79 / 1000] BAŞLIYOR...
🧪 Test Edilen Set: B:2048 | UB:512 | NGL:24 | DRAFT:1 | MTP:2 | MOE:2 | T:12 | TB:24
      🔍 [Watchdog] Anlık Hız: 227.01 tok/s
      🔍 [Watchdog] Anlık Hız: 169.60 tok/s
   💀 BAŞARISIZ! (Sebep: KILLED_LOW_TPS | Son Hız: 169.6) -> Optuna bu seti cezalandırdı (Skor: 0)
[I 2026-07-09 19:38:31,057] Trial 78 finished with value: 0.0 and parameters: {'b': 2048, 'ub': 512, 'ngl': 24, 'ngld':1, 'spec_n': 2, 'moe': 2, 't': 12, 'tb': 24}. Best is trial 0 with value: 0.0.

════════════════════════════════════════════════════════════════════════════════
🤖 OPTUNA DENEMESİ [#80 / 1000] BAŞLIYOR...
🧪 Test Edilen Set: B:2048 | UB:2048 | NGL:28 | DRAFT:9 | MTP:2 | MOE:10 | T:6 | TB:16
      🔍 [Watchdog] Anlık Hız: 203.28 tok/s
      🔍 [Watchdog] Anlık Hız: 151.04 tok/s
   💀 BAŞARISIZ! (Sebep: KILLED_LOW_TPS | Son Hız: 151.0) -> Optuna bu seti cezalandırdı (Skor: 0)
[I 2026-07-09 19:39:05,454] Trial 79 finished with value: 0.0 and parameters: {'b': 2048, 'ub': 2048, 'ngl': 28, 'ngld': 9, 'spec_n': 2, 'moe': 10, 't': 6, 'tb': 16}. Best is trial 0 with value: 0.0.

════════════════════════════════════════════════════════════════════════════════
🤖 OPTUNA DENEMESİ [#81 / 1000] BAŞLIYOR...
🧪 Test Edilen Set: B:2048 | UB:1024 | NGL:20 | DRAFT:5 | MTP:2 | MOE:2 | T:3 | TB:8
      🔍 [Watchdog] Anlık Hız: 146.91 tok/s
   💀 BAŞARISIZ! (Sebep: KILLED_LOW_TPS | Son Hız: 146.9) -> Optuna bu seti cezalandırdı (Skor: 0)
[I 2026-07-09 19:39:27,265] Trial 80 finished with value: 0.0 and parameters: {'b': 2048, 'ub': 1024, 'ngl': 20, 'ngld': 5, 'spec_n': 2, 'moe': 2, 't': 3, 'tb': 8}. Best is trial 0 with value: 0.0.

════════════════════════════════════════════════════════════════════════════════
🤖 OPTUNA DENEMESİ [#82 / 1000] BAŞLIYOR...
🧪 Test Edilen Set: B:2048 | UB:1024 | NGL:28 | DRAFT:5 | MTP:3 | MOE:4 | T:6 | TB:24
      🔍 [Watchdog] Anlık Hız: 242.84 tok/s
      🔍 [Watchdog] Anlık Hız: 178.46 tok/s
   💀 BAŞARISIZ! (Sebep: KILLED_LOW_TPS | Son Hız: 178.5) -> Optuna bu seti cezalandırdı (Skor: 0)
[I 2026-07-09 19:39:57,748] Trial 81 finished with value: 0.0 and parameters: {'b': 2048, 'ub': 1024, 'ngl': 28, 'ngld': 5, 'spec_n': 3, 'moe': 4, 't': 6, 'tb': 24}. Best is trial 0 with value: 0.0.

════════════════════════════════════════════════════════════════════════════════
🤖 OPTUNA DENEMESİ [#83 / 1000] BAŞLIYOR...
🧪 Test Edilen Set: B:2048 | UB:1024 | NGL:28 | DRAFT:5 | MTP:3 | MOE:4 | T:6 | TB:24
      🔍 [Watchdog] Anlık Hız: 240.06 tok/s
      🔍 [Watchdog] Anlık Hız: 169.82 tok/s
   💀 BAŞARISIZ! (Sebep: KILLED_LOW_TPS | Son Hız: 169.8) -> Optuna bu seti cezalandırdı (Skor: 0)
[I 2026-07-09 19:40:30,002] Trial 82 finished with value: 0.0 and parameters: {'b': 2048, 'ub': 1024, 'ngl': 28, 'ngld': 5, 'spec_n': 3, 'moe': 4, 't': 6, 'tb': 24}. Best is trial 0 with value: 0.0.

════════════════════════════════════════════════════════════════════════════════
🤖 OPTUNA DENEMESİ [#84 / 1000] BAŞLIYOR...
🧪 Test Edilen Set: B:2048 | UB:1024 | NGL:28 | DRAFT:5 | MTP:3 | MOE:4 | T:6 | TB:24
      🔍 [Watchdog] Anlık Hız: 242.00 tok/s
      🔍 [Watchdog] Anlık Hız: 174.65 tok/s
   💀 BAŞARISIZ! (Sebep: KILLED_LOW_TPS | Son Hız: 174.7) -> Optuna bu seti cezalandırdı (Skor: 0)
[I 2026-07-09 19:41:01,335] Trial 83 finished with value: 0.0 and parameters: {'b': 2048, 'ub': 1024, 'ngl': 28, 'ngld': 5, 'spec_n': 3, 'moe': 4, 't': 6, 'tb': 24}. Best is trial 0 with value: 0.0.

════════════════════════════════════════════════════════════════════════════════
🤖 OPTUNA DENEMESİ [#85 / 1000] BAŞLIYOR...
🧪 Test Edilen Set: B:2048 | UB:1024 | NGL:28 | DRAFT:5 | MTP:3 | MOE:4 | T:6 | TB:24
      🔍 [Watchdog] Anlık Hız: 240.02 tok/s
      🔍 [Watchdog] Anlık Hız: 176.93 tok/s
   💀 BAŞARISIZ! (Sebep: KILLED_LOW_TPS | Son Hız: 176.9) -> Optuna bu seti cezalandırdı (Skor: 0)
[I 2026-07-09 19:41:31,617] Trial 84 finished with value: 0.0 and parameters: {'b': 2048, 'ub': 1024, 'ngl': 28, 'ngld': 5, 'spec_n': 3, 'moe': 4, 't': 6, 'tb': 24}. Best is trial 0 with value: 0.0.

════════════════════════════════════════════════════════════════════════════════
🤖 OPTUNA DENEMESİ [#86 / 1000] BAŞLIYOR...
🧪 Test Edilen Set: B:2048 | UB:2048 | NGL:24 | DRAFT:9 | MTP:4 | MOE:10 | T:12 | TB:24
      🔍 [Watchdog] Anlık Hız: 222.29 tok/s
      🔍 [Watchdog] Anlık Hız: 166.98 tok/s
   💀 BAŞARISIZ! (Sebep: KILLED_LOW_TPS | Son Hız: 167.0) -> Optuna bu seti cezalandırdı (Skor: 0)
[I 2026-07-09 19:42:03,972] Trial 85 finished with value: 0.0 and parameters: {'b': 2048, 'ub': 2048, 'ngl': 24, 'ngld': 9, 'spec_n': 4, 'moe': 10, 't': 12, 'tb': 24}. Best is trial 0 with value: 0.0.

════════════════════════════════════════════════════════════════════════════════
🤖 OPTUNA DENEMESİ [#87 / 1000] BAŞLIYOR...
🧪 Test Edilen Set: B:2048 | UB:512 | NGL:28 | DRAFT:3 | MTP:2 | MOE:2 | T:3 | TB:16
      🔍 [Watchdog] Anlık Hız: 211.24 tok/s
      🔍 [Watchdog] Anlık Hız: 156.73 tok/s
   💀 BAŞARISIZ! (Sebep: KILLED_LOW_TPS | Son Hız: 156.7) -> Optuna bu seti cezalandırdı (Skor: 0)
[I 2026-07-09 19:42:37,297] Trial 86 finished with value: 0.0 and parameters: {'b': 2048, 'ub': 512, 'ngl': 28, 'ngld':3, 'spec_n': 2, 'moe': 2, 't': 3, 'tb': 16}. Best is trial 0 with value: 0.0.

════════════════════════════════════════════════════════════════════════════════
🤖 OPTUNA DENEMESİ [#88 / 1000] BAŞLIYOR...
🧪 Test Edilen Set: B:2048 | UB:1024 | NGL:20 | DRAFT:5 | MTP:3 | MOE:4 | T:6 | TB:24
      🔍 [Watchdog] Anlık Hız: 230.35 tok/s
      🔍 [Watchdog] Anlık Hız: 171.06 tok/s
   💀 BAŞARISIZ! (Sebep: KILLED_LOW_TPS | Son Hız: 171.1) -> Optuna bu seti cezalandırdı (Skor: 0)
[I 2026-07-09 19:43:09,285] Trial 87 finished with value: 0.0 and parameters: {'b': 2048, 'ub': 1024, 'ngl': 20, 'ngld': 5, 'spec_n': 3, 'moe': 4, 't': 6, 'tb': 24}. Best is trial 0 with value: 0.0.

════════════════════════════════════════════════════════════════════════════════
🤖 OPTUNA DENEMESİ [#89 / 1000] BAŞLIYOR...
🧪 Test Edilen Set: B:2048 | UB:2048 | NGL:24 | DRAFT:1 | MTP:2 | MOE:8 | T:12 | TB:16
      🔍 [Watchdog] Anlık Hız: 206.32 tok/s
      🔍 [Watchdog] Anlık Hız: 151.87 tok/s
   💀 BAŞARISIZ! (Sebep: KILLED_LOW_TPS | Son Hız: 151.9) -> Optuna bu seti cezalandırdı (Skor: 0)
[I 2026-07-09 19:43:43,669] Trial 88 finished with value: 0.0 and parameters: {'b': 2048, 'ub': 2048, 'ngl': 24, 'ngld': 1, 'spec_n': 2, 'moe': 8, 't': 12, 'tb': 16}. Best is trial 0 with value: 0.0.

════════════════════════════════════════════════════════════════════════════════
🤖 OPTUNA DENEMESİ [#90 / 1000] BAŞLIYOR...
🧪 Test Edilen Set: B:2048 | UB:512 | NGL:28 | DRAFT:7 | MTP:4 | MOE:10 | T:3 | TB:24
      🔍 [Watchdog] Anlık Hız: 222.08 tok/s
      🔍 [Watchdog] Anlık Hız: 166.45 tok/s
   💀 BAŞARISIZ! (Sebep: KILLED_LOW_TPS | Son Hız: 166.4) -> Optuna bu seti cezalandırdı (Skor: 0)
[I 2026-07-09 19:44:15,848] Trial 89 finished with value: 0.0 and parameters: {'b': 2048, 'ub': 512, 'ngl': 28, 'ngld':7, 'spec_n': 4, 'moe': 10, 't': 3, 'tb': 24}. Best is trial 0 with value: 0.0.

════════════════════════════════════════════════════════════════════════════════
🤖 OPTUNA DENEMESİ [#91 / 1000] BAŞLIYOR...
🧪 Test Edilen Set: B:2048 | UB:512 | NGL:20 | DRAFT:9 | MTP:2 | MOE:0 | T:6 | TB:16
      🔍 [Watchdog] Anlık Hız: 191.02 tok/s
   💀 BAŞARISIZ! (Sebep: KILLED_LOW_TPS | Son Hız: 191.0) -> Optuna bu seti cezalandırdı (Skor: 0)
[I 2026-07-09 19:44:34,705] Trial 90 finished with value: 0.0 and parameters: {'b': 2048, 'ub': 512, 'ngl': 20, 'ngld':9, 'spec_n': 2, 'moe': 0, 't': 6, 'tb': 16}. Best is trial 0 with value: 0.0.

════════════════════════════════════════════════════════════════════════════════
🤖 OPTUNA DENEMESİ [#92 / 1000] BAŞLIYOR...
🧪 Test Edilen Set: B:2048 | UB:1024 | NGL:24 | DRAFT:3 | MTP:2 | MOE:10 | T:6 | TB:24
      🔍 [Watchdog] Anlık Hız: 232.87 tok/s
      🔍 [Watchdog] Anlık Hız: 164.17 tok/s
   💀 BAŞARISIZ! (Sebep: KILLED_LOW_TPS | Son Hız: 164.2) -> Optuna bu seti cezalandırdı (Skor: 0)
[I 2026-07-09 19:45:07,901] Trial 91 finished with value: 0.0 and parameters: {'b': 2048, 'ub': 1024, 'ngl': 24, 'ngld': 3, 'spec_n': 2, 'moe': 10, 't': 6, 'tb': 24}. Best is trial 0 with value: 0.0.

════════════════════════════════════════════════════════════════════════════════
🤖 OPTUNA DENEMESİ [#93 / 1000] BAŞLIYOR...
🧪 Test Edilen Set: B:2048 | UB:1024 | NGL:24 | DRAFT:3 | MTP:2 | MOE:10 | T:6 | TB:24
      🔍 [Watchdog] Anlık Hız: 231.31 tok/s
      🔍 [Watchdog] Anlık Hız: 171.20 tok/s
   💀 BAŞARISIZ! (Sebep: KILLED_LOW_TPS | Son Hız: 171.2) -> Optuna bu seti cezalandırdı (Skor: 0)
[I 2026-07-09 19:45:39,185] Trial 92 finished with value: 0.0 and parameters: {'b': 2048, 'ub': 1024, 'ngl': 24, 'ngld': 3, 'spec_n': 2, 'moe': 10, 't': 6, 'tb': 24}. Best is trial 0 with value: 0.0.

════════════════════════════════════════════════════════════════════════════════
🤖 OPTUNA DENEMESİ [#94 / 1000] BAŞLIYOR...
🧪 Test Edilen Set: B:2048 | UB:1024 | NGL:24 | DRAFT:3 | MTP:2 | MOE:10 | T:6 | TB:24
      🔍 [Watchdog] Anlık Hız: 230.05 tok/s
      🔍 [Watchdog] Anlık Hız: 166.98 tok/s
   💀 BAŞARISIZ! (Sebep: KILLED_LOW_TPS | Son Hız: 167.0) -> Optuna bu seti cezalandırdı (Skor: 0)
[I 2026-07-09 19:46:11,722] Trial 93 finished with value: 0.0 and parameters: {'b': 2048, 'ub': 1024, 'ngl': 24, 'ngld': 3, 'spec_n': 2, 'moe': 10, 't': 6, 'tb': 24}. Best is trial 0 with value: 0.0.

════════════════════════════════════════════════════════════════════════════════
🤖 OPTUNA DENEMESİ [#95 / 1000] BAŞLIYOR...
🧪 Test Edilen Set: B:2048 | UB:1024 | NGL:24 | DRAFT:5 | MTP:2 | MOE:2 | T:6 | TB:24
      🔍 [Watchdog] Anlık Hız: 233.26 tok/s
      🔍 [Watchdog] Anlık Hız: 165.11 tok/s
   💀 BAŞARISIZ! (Sebep: KILLED_LOW_TPS | Son Hız: 165.1) -> Optuna bu seti cezalandırdı (Skor: 0)
[I 2026-07-09 19:46:43,968] Trial 94 finished with value: 0.0 and parameters: {'b': 2048, 'ub': 1024, 'ngl': 24, 'ngld': 5, 'spec_n': 2, 'moe': 2, 't': 6, 'tb': 24}. Best is trial 0 with value: 0.0.

════════════════════════════════════════════════════════════════════════════════
🤖 OPTUNA DENEMESİ [#96 / 1000] BAŞLIYOR...
🧪 Test Edilen Set: B:2048 | UB:2048 | NGL:24 | DRAFT:3 | MTP:2 | MOE:10 | T:3 | TB:8
      🔍 [Watchdog] Anlık Hız: 139.53 tok/s
   💀 BAŞARISIZ! (Sebep: KILLED_LOW_TPS | Son Hız: 139.5) -> Optuna bu seti cezalandırdı (Skor: 0)
[I 2026-07-09 19:47:06,813] Trial 95 finished with value: 0.0 and parameters: {'b': 2048, 'ub': 2048, 'ngl': 24, 'ngld': 3, 'spec_n': 2, 'moe': 10, 't': 3, 'tb': 8}. Best is trial 0 with value: 0.0.

════════════════════════════════════════════════════════════════════════════════
🤖 OPTUNA DENEMESİ [#97 / 1000] BAŞLIYOR...
🧪 Test Edilen Set: B:2048 | UB:1024 | NGL:28 | DRAFT:1 | MTP:4 | MOE:2 | T:12 | TB:24
      🔍 [Watchdog] Anlık Hız: 235.90 tok/s
      🔍 [Watchdog] Anlık Hız: 176.73 tok/s
   💀 BAŞARISIZ! (Sebep: KILLED_LOW_TPS | Son Hız: 176.7) -> Optuna bu seti cezalandırdı (Skor: 0)
[I 2026-07-09 19:47:37,025] Trial 96 finished with value: 0.0 and parameters: {'b': 2048, 'ub': 1024, 'ngl': 28, 'ngld': 1, 'spec_n': 4, 'moe': 2, 't': 12, 'tb': 24}. Best is trial 0 with value: 0.0.

════════════════════════════════════════════════════════════════════════════════
🤖 OPTUNA DENEMESİ [#98 / 1000] BAŞLIYOR...
🧪 Test Edilen Set: B:2048 | UB:512 | NGL:20 | DRAFT:5 | MTP:2 | MOE:4 | T:6 | TB:16
      🔍 [Watchdog] Anlık Hız: 189.24 tok/s
   💀 BAŞARISIZ! (Sebep: KILLED_LOW_TPS | Son Hız: 189.2) -> Optuna bu seti cezalandırdı (Skor: 0)
[I 2026-07-09 19:47:55,881] Trial 97 finished with value: 0.0 and parameters: {'b': 2048, 'ub': 512, 'ngl': 20, 'ngld':5, 'spec_n': 2, 'moe': 4, 't': 6, 'tb': 16}. Best is trial 0 with value: 0.0.

════════════════════════════════════════════════════════════════════════════════
🤖 OPTUNA DENEMESİ [#99 / 1000] BAŞLIYOR...
🧪 Test Edilen Set: B:2048 | UB:2048 | NGL:24 | DRAFT:9 | MTP:3 | MOE:8 | T:3 | TB:24
      🔍 [Watchdog] Anlık Hız: 227.55 tok/s
      🔍 [Watchdog] Anlık Hız: 169.10 tok/s
   💀 BAŞARISIZ! (Sebep: KILLED_LOW_TPS | Son Hız: 169.1) -> Optuna bu seti cezalandırdı (Skor: 0)
[I 2026-07-09 19:48:28,194] Trial 98 finished with value: 0.0 and parameters: {'b': 2048, 'ub': 2048, 'ngl': 24, 'ngld': 9, 'spec_n': 3, 'moe': 8, 't': 3, 'tb': 24}. Best is trial 0 with value: 0.0.

════════════════════════════════════════════════════════════════════════════════
🤖 OPTUNA DENEMESİ [#100 / 1000] BAŞLIYOR...
🧪 Test Edilen Set: B:2048 | UB:512 | NGL:28 | DRAFT:7 | MTP:2 | MOE:10 | T:6 | TB:8
      🔍 [Watchdog] Anlık Hız: 132.80 tok/s
   💀 BAŞARISIZ! (Sebep: KILLED_LOW_TPS | Son Hız: 132.8) -> Optuna bu seti cezalandırdı (Skor: 0)
[I 2026-07-09 19:48:51,034] Trial 99 finished with value: 0.0 and parameters: {'b': 2048, 'ub': 512, 'ngl': 28, 'ngld':7, 'spec_n': 2, 'moe': 10, 't': 6, 'tb': 8}. Best is trial 0 with value: 0.0.

════════════════════════════════════════════════════════════════════════════════
🤖 OPTUNA DENEMESİ [#101 / 1000] BAŞLIYOR...
🧪 Test Edilen Set: B:2048 | UB:1024 | NGL:20 | DRAFT:5 | MTP:4 | MOE:2 | T:12 | TB:16
      🔍 [Watchdog] Anlık Hız: 200.81 tok/s
      🔍 [Watchdog] Anlık Hız: 148.75 tok/s
   💀 BAŞARISIZ! (Sebep: KILLED_LOW_TPS | Son Hız: 148.8) -> Optuna bu seti cezalandırdı (Skor: 0)
[I 2026-07-09 19:49:26,480] Trial 100 finished with value: 0.0 and parameters: {'b': 2048, 'ub': 1024, 'ngl': 20, 'ngld': 5, 'spec_n': 4, 'moe': 2, 't': 12, 'tb': 16}. Best is trial 0 with value: 0.0.

════════════════════════════════════════════════════════════════════════════════
🤖 OPTUNA DENEMESİ [#102 / 1000] BAŞLIYOR...
🧪 Test Edilen Set: B:2048 | UB:2048 | NGL:20 | DRAFT:1 | MTP:4 | MOE:2 | T:6 | TB:16
      🔍 [Watchdog] Anlık Hız: 196.11 tok/s
   💀 BAŞARISIZ! (Sebep: KILLED_LOW_TPS | Son Hız: 196.1) -> Optuna bu seti cezalandırdı (Skor: 0)
[I 2026-07-09 19:49:45,386] Trial 101 finished with value: 0.0 and parameters: {'b': 2048, 'ub': 2048, 'ngl': 20, 'ngld': 1, 'spec_n': 4, 'moe': 2, 't': 6, 'tb': 16}. Best is trial 0 with value: 0.0.

════════════════════════════════════════════════════════════════════════════════
🤖 OPTUNA DENEMESİ [#103 / 1000] BAŞLIYOR...
🧪 Test Edilen Set: B:2048 | UB:2048 | NGL:20 | DRAFT:1 | MTP:4 | MOE:2 | T:6 | TB:16
      🔍 [Watchdog] Anlık Hız: 191.23 tok/s
   💀 BAŞARISIZ! (Sebep: KILLED_LOW_TPS | Son Hız: 191.2) -> Optuna bu seti cezalandırdı (Skor: 0)
[I 2026-07-09 19:50:04,197] Trial 102 finished with value: 0.0 and parameters: {'b': 2048, 'ub': 2048, 'ngl': 20, 'ngld': 1, 'spec_n': 4, 'moe': 2, 't': 6, 'tb': 16}. Best is trial 0 with value: 0.0.

════════════════════════════════════════════════════════════════════════════════
🤖 OPTUNA DENEMESİ [#104 / 1000] BAŞLIYOR...
🧪 Test Edilen Set: B:2048 | UB:2048 | NGL:20 | DRAFT:1 | MTP:4 | MOE:2 | T:6 | TB:16
      🔍 [Watchdog] Anlık Hız: 197.78 tok/s
   💀 BAŞARISIZ! (Sebep: KILLED_LOW_TPS | Son Hız: 197.8) -> Optuna bu seti cezalandırdı (Skor: 0)
[I 2026-07-09 19:50:23,150] Trial 103 finished with value: 0.0 and parameters: {'b': 2048, 'ub': 2048, 'ngl': 20, 'ngld': 1, 'spec_n': 4, 'moe': 2, 't': 6, 'tb': 16}. Best is trial 0 with value: 0.0.

════════════════════════════════════════════════════════════════════════════════
🤖 OPTUNA DENEMESİ [#105 / 1000] BAŞLIYOR...
🧪 Test Edilen Set: B:2048 | UB:2048 | NGL:20 | DRAFT:1 | MTP:4 | MOE:2 | T:6 | TB:16
      🔍 [Watchdog] Anlık Hız: 193.10 tok/s
   💀 BAŞARISIZ! (Sebep: KILLED_LOW_TPS | Son Hız: 193.1) -> Optuna bu seti cezalandırdı (Skor: 0)
[I 2026-07-09 19:50:41,918] Trial 104 finished with value: 0.0 and parameters: {'b': 2048, 'ub': 2048, 'ngl': 20, 'ngld': 1, 'spec_n': 4, 'moe': 2, 't': 6, 'tb': 16}. Best is trial 0 with value: 0.0.

════════════════════════════════════════════════════════════════════════════════
🤖 OPTUNA DENEMESİ [#106 / 1000] BAŞLIYOR...
🧪 Test Edilen Set: B:2048 | UB:2048 | NGL:20 | DRAFT:3 | MTP:2 | MOE:0 | T:3 | TB:24
      🔍 [Watchdog] Anlık Hız: 212.33 tok/s
      🔍 [Watchdog] Anlık Hız: 157.40 tok/s
   💀 BAŞARISIZ! (Sebep: KILLED_LOW_TPS | Son Hız: 157.4) -> Optuna bu seti cezalandırdı (Skor: 0)
[I 2026-07-09 19:51:16,500] Trial 105 finished with value: 0.0 and parameters: {'b': 2048, 'ub': 2048, 'ngl': 20, 'ngld': 3, 'spec_n': 2, 'moe': 0, 't': 3, 'tb': 24}. Best is trial 0 with value: 0.0.

════════════════════════════════════════════════════════════════════════════════
🤖 OPTUNA DENEMESİ [#107 / 1000] BAŞLIYOR...
🧪 Test Edilen Set: B:2048 | UB:512 | NGL:28 | DRAFT:9 | MTP:2 | MOE:10 | T:6 | TB:16
      🔍 [Watchdog] Anlık Hız: 193.47 tok/s
   💀 BAŞARISIZ! (Sebep: KILLED_LOW_TPS | Son Hız: 193.5) -> Optuna bu seti cezalandırdı (Skor: 0)
[I 2026-07-09 19:51:34,234] Trial 106 finished with value: 0.0 and parameters: {'b': 2048, 'ub': 512, 'ngl': 28, 'ngld': 9, 'spec_n': 2, 'moe': 10, 't': 6, 'tb': 16}. Best is trial 0 with value: 0.0.

════════════════════════════════════════════════════════════════════════════════
🤖 OPTUNA DENEMESİ [#108 / 1000] BAŞLIYOR...
🧪 Test Edilen Set: B:2048 | UB:2048 | NGL:24 | DRAFT:5 | MTP:4 | MOE:4 | T:12 | TB:8
      🔍 [Watchdog] Anlık Hız: 140.82 tok/s
   💀 BAŞARISIZ! (Sebep: KILLED_LOW_TPS | Son Hız: 140.8) -> Optuna bu seti cezalandırdı (Skor: 0)
[I 2026-07-09 19:51:56,068] Trial 107 finished with value: 0.0 and parameters: {'b': 2048, 'ub': 2048, 'ngl': 24, 'ngld': 5, 'spec_n': 4, 'moe': 4, 't': 12, 'tb': 8}. Best is trial 0 with value: 0.0.

════════════════════════════════════════════════════════════════════════════════
🤖 OPTUNA DENEMESİ [#109 / 1000] BAŞLIYOR...
🧪 Test Edilen Set: B:2048 | UB:512 | NGL:20 | DRAFT:1 | MTP:3 | MOE:8 | T:3 | TB:24
      🔍 [Watchdog] Anlık Hız: 215.38 tok/s
      🔍 [Watchdog] Anlık Hız: 164.06 tok/s
   💀 BAŞARISIZ! (Sebep: KILLED_LOW_TPS | Son Hız: 164.1) -> Optuna bu seti cezalandırdı (Skor: 0)
[I 2026-07-09 19:52:29,265] Trial 108 finished with value: 0.0 and parameters: {'b': 2048, 'ub': 512, 'ngl': 20, 'ngld': 1, 'spec_n': 3, 'moe': 8, 't': 3, 'tb': 24}. Best is trial 0 with value: 0.0.

════════════════════════════════════════════════════════════════════════════════
🤖 OPTUNA DENEMESİ [#110 / 1000] BAŞLIYOR...
🧪 Test Edilen Set: B:2048 | UB:1024 | NGL:28 | DRAFT:7 | MTP:2 | MOE:2 | T:6 | TB:16
      🔍 [Watchdog] Anlık Hız: 215.70 tok/s
      🔍 [Watchdog] Anlık Hız: 147.70 tok/s
   💀 BAŞARISIZ! (Sebep: KILLED_LOW_TPS | Son Hız: 147.7) -> Optuna bu seti cezalandırdı (Skor: 0)
[I 2026-07-09 19:53:04,704] Trial 109 finished with value: 0.0 and parameters: {'b': 2048, 'ub': 1024, 'ngl': 28, 'ngld': 7, 'spec_n': 2, 'moe': 2, 't': 6, 'tb': 16}. Best is trial 0 with value: 0.0.

════════════════════════════════════════════════════════════════════════════════
🤖 OPTUNA DENEMESİ [#111 / 1000] BAŞLIYOR...
🧪 Test Edilen Set: B:2048 | UB:2048 | NGL:24 | DRAFT:9 | MTP:2 | MOE:10 | T:6 | TB:24
      🔍 [Watchdog] Anlık Hız: 225.87 tok/s
      🔍 [Watchdog] Anlık Hız: 168.35 tok/s
   💀 BAŞARISIZ! (Sebep: KILLED_LOW_TPS | Son Hız: 168.3) -> Optuna bu seti cezalandırdı (Skor: 0)
[I 2026-07-09 19:53:37,104] Trial 110 finished with value: 0.0 and parameters: {'b': 2048, 'ub': 2048, 'ngl': 24, 'ngld': 9, 'spec_n': 2, 'moe': 10, 't': 6, 'tb': 24}. Best is trial 0 with value: 0.0.

════════════════════════════════════════════════════════════════════════════════
🤖 OPTUNA DENEMESİ [#112 / 1000] BAŞLIYOR...
🧪 Test Edilen Set: B:2048 | UB:512 | NGL:20 | DRAFT:5 | MTP:4 | MOE:10 | T:12 | TB:16
      🔍 [Watchdog] Anlık Hız: 192.55 tok/s
   💀 BAŞARISIZ! (Sebep: KILLED_LOW_TPS | Son Hız: 192.6) -> Optuna bu seti cezalandırdı (Skor: 0)
[I 2026-07-09 19:53:54,826] Trial 111 finished with value: 0.0 and parameters: {'b': 2048, 'ub': 512, 'ngl': 20, 'ngld': 5, 'spec_n': 4, 'moe': 10, 't': 12, 'tb': 16}. Best is trial 0 with value: 0.0.

════════════════════════════════════════════════════════════════════════════════
🤖 OPTUNA DENEMESİ [#113 / 1000] BAŞLIYOR...
🧪 Test Edilen Set: B:2048 | UB:512 | NGL:20 | DRAFT:5 | MTP:4 | MOE:10 | T:12 | TB:16
      🔍 [Watchdog] Anlık Hız: 195.90 tok/s
   💀 BAŞARISIZ! (Sebep: KILLED_LOW_TPS | Son Hız: 195.9) -> Optuna bu seti cezalandırdı (Skor: 0)
