[I 2026-07-10 00:02:16,849] Trial 637 finished with value: 0.0 and parameters: {'b': 2048, 'ub': 2048, 'ngl': 28, 'ngld': 5, 'spec_n': 3, 'moe': 10, 't': 3, 'tb': 8}. Best is trial 0 with value: 0.0.

════════════════════════════════════════════════════════════════════════════════
🤖 OPTUNA DENEMESİ [#639 / 1000] BAŞLIYOR...
🧪 Test Edilen Set: B:2048 | UB:512 | NGL:24 | DRAFT:1 | MTP:2 | MOE:4 | T:6 | TB:24
      🔍 [Watchdog] Anlık Hız: 227.17 tok/s
      🔍 [Watchdog] Anlık Hız: 169.66 tok/s
   💀 BAŞARISIZ! (Sebep: KILLED_LOW_TPS | Son Hız: 169.7) -> Optuna bu seti cezalandırdı (Skor: 0)
[I 2026-07-10 00:02:48,129] Trial 638 finished with value: 0.0 and parameters: {'b': 2048, 'ub': 512, 'ngl': 24, 'ngld': 1, 'spec_n': 2, 'moe': 4, 't': 6, 'tb': 24}. Best is trial 0 with value: 0.0.

════════════════════════════════════════════════════════════════════════════════
🤖 OPTUNA DENEMESİ [#640 / 1000] BAŞLIYOR...
🧪 Test Edilen Set: B:2048 | UB:1024 | NGL:20 | DRAFT:9 | MTP:4 | MOE:2 | T:12 | TB:16
      🔍 [Watchdog] Anlık Hız: 202.59 tok/s
      🔍 [Watchdog] Anlık Hız: 145.15 tok/s
   💀 BAŞARISIZ! (Sebep: KILLED_LOW_TPS | Son Hız: 145.2) -> Optuna bu seti cezalandırdı (Skor: 0)
[I 2026-07-10 00:03:23,566] Trial 639 finished with value: 0.0 and parameters: {'b': 2048, 'ub': 1024, 'ngl': 20, 'ngld': 9, 'spec_n': 4, 'moe': 2, 't': 12, 'tb': 16}. Best is trial 0 with value: 0.0.

════════════════════════════════════════════════════════════════════════════════
🤖 OPTUNA DENEMESİ [#641 / 1000] BAŞLIYOR...
🧪 Test Edilen Set: B:2048 | UB:2048 | NGL:28 | DRAFT:3 | MTP:2 | MOE:8 | T:3 | TB:16
      🔍 [Watchdog] Anlık Hız: 201.83 tok/s
      🔍 [Watchdog] Anlık Hız: 150.71 tok/s
   💀 BAŞARISIZ! (Sebep: KILLED_LOW_TPS | Son Hız: 150.7) -> Optuna bu seti cezalandırdı (Skor: 0)
[I 2026-07-10 00:03:58,978] Trial 640 finished with value: 0.0 and parameters: {'b': 2048, 'ub': 2048, 'ngl': 28, 'ngld': 3, 'spec_n': 2, 'moe': 8, 't': 3, 'tb': 16}. Best is trial 0 with value: 0.0.

════════════════════════════════════════════════════════════════════════════════
🤖 OPTUNA DENEMESİ [#642 / 1000] BAŞLIYOR...
🧪 Test Edilen Set: B:2048 | UB:512 | NGL:28 | DRAFT:5 | MTP:4 | MOE:10 | T:6 | TB:24
      🔍 [Watchdog] Anlık Hız: 220.00 tok/s
      🔍 [Watchdog] Anlık Hız: 166.14 tok/s
   💀 BAŞARISIZ! (Sebep: KILLED_LOW_TPS | Son Hız: 166.1) -> Optuna bu seti cezalandırdı (Skor: 0)
[I 2026-07-10 00:04:31,180] Trial 641 finished with value: 0.0 and parameters: {'b': 2048, 'ub': 512, 'ngl': 28, 'ngld': 5, 'spec_n': 4, 'moe': 10, 't': 6, 'tb': 24}. Best is trial 0 with value: 0.0.

════════════════════════════════════════════════════════════════════════════════
🤖 OPTUNA DENEMESİ [#643 / 1000] BAŞLIYOR...
🧪 Test Edilen Set: B:2048 | UB:1024 | NGL:20 | DRAFT:1 | MTP:2 | MOE:4 | T:12 | TB:8
      🔍 [Watchdog] Anlık Hız: 147.26 tok/s
   💀 BAŞARISIZ! (Sebep: KILLED_LOW_TPS | Son Hız: 147.3) -> Optuna bu seti cezalandırdı (Skor: 0)
[I 2026-07-10 00:04:52,981] Trial 642 finished with value: 0.0 and parameters: {'b': 2048, 'ub': 1024, 'ngl': 20, 'ngld': 1, 'spec_n': 2, 'moe': 4, 't': 12, 'tb': 8}. Best is trial 0 with value: 0.0.

════════════════════════════════════════════════════════════════════════════════
🤖 OPTUNA DENEMESİ [#644 / 1000] BAŞLIYOR...
🧪 Test Edilen Set: B:2048 | UB:2048 | NGL:24 | DRAFT:5 | MTP:3 | MOE:2 | T:3 | TB:16
      🔍 [Watchdog] Anlık Hız: 205.28 tok/s
      🔍 [Watchdog] Anlık Hız: 152.61 tok/s
   💀 BAŞARISIZ! (Sebep: KILLED_LOW_TPS | Son Hız: 152.6) -> Optuna bu seti cezalandırdı (Skor: 0)
[I 2026-07-10 00:05:27,421] Trial 643 finished with value: 0.0 and parameters: {'b': 2048, 'ub': 2048, 'ngl': 24, 'ngld': 5, 'spec_n': 3, 'moe': 2, 't': 3, 'tb': 16}. Best is trial 0 with value: 0.0.

════════════════════════════════════════════════════════════════════════════════
🤖 OPTUNA DENEMESİ [#645 / 1000] BAŞLIYOR...
🧪 Test Edilen Set: B:2048 | UB:512 | NGL:28 | DRAFT:7 | MTP:2 | MOE:0 | T:12 | TB:24
      🔍 [Watchdog] Anlık Hız: 238.60 tok/s
      🔍 [Watchdog] Anlık Hız: 176.42 tok/s
   💀 BAŞARISIZ! (Sebep: KILLED_LOW_TPS | Son Hız: 176.4) -> Optuna bu seti cezalandırdı (Skor: 0)
[I 2026-07-10 00:05:58,448] Trial 644 finished with value: 0.0 and parameters: {'b': 2048, 'ub': 512, 'ngl': 28, 'ngld': 7, 'spec_n': 2, 'moe': 0, 't': 12, 'tb': 24}. Best is trial 0 with value: 0.0.

════════════════════════════════════════════════════════════════════════════════
🤖 OPTUNA DENEMESİ [#646 / 1000] BAŞLIYOR...
🧪 Test Edilen Set: B:2048 | UB:1024 | NGL:28 | DRAFT:9 | MTP:4 | MOE:4 | T:6 | TB:16
      🔍 [Watchdog] Anlık Hız: 211.64 tok/s
      🔍 [Watchdog] Anlık Hız: 156.08 tok/s
   💀 BAŞARISIZ! (Sebep: KILLED_LOW_TPS | Son Hız: 156.1) -> Optuna bu seti cezalandırdı (Skor: 0)
[I 2026-07-10 00:06:31,779] Trial 645 finished with value: 0.0 and parameters: {'b': 2048, 'ub': 1024, 'ngl': 28, 'ngld': 9, 'spec_n': 4, 'moe': 4, 't': 6, 'tb': 16}. Best is trial 0 with value: 0.0.

════════════════════════════════════════════════════════════════════════════════
🤖 OPTUNA DENEMESİ [#647 / 1000] BAŞLIYOR...
🧪 Test Edilen Set: B:2048 | UB:2048 | NGL:20 | DRAFT:5 | MTP:2 | MOE:10 | T:3 | TB:24
      🔍 [Watchdog] Anlık Hız: 213.48 tok/s
      🔍 [Watchdog] Anlık Hız: 158.67 tok/s
   💀 BAŞARISIZ! (Sebep: KILLED_LOW_TPS | Son Hız: 158.7) -> Optuna bu seti cezalandırdı (Skor: 0)
[I 2026-07-10 00:07:05,251] Trial 646 finished with value: 0.0 and parameters: {'b': 2048, 'ub': 2048, 'ngl': 20, 'ngld': 5, 'spec_n': 2, 'moe': 10, 't': 3, 'tb': 24}. Best is trial 0 with value: 0.0.

════════════════════════════════════════════════════════════════════════════════
🤖 OPTUNA DENEMESİ [#648 / 1000] BAŞLIYOR...
🧪 Test Edilen Set: B:2048 | UB:512 | NGL:28 | DRAFT:1 | MTP:4 | MOE:8 | T:12 | TB:16
      🔍 [Watchdog] Anlık Hız: 200.16 tok/s
      🔍 [Watchdog] Anlık Hız: 146.61 tok/s
   💀 BAŞARISIZ! (Sebep: KILLED_LOW_TPS | Son Hız: 146.6) -> Optuna bu seti cezalandırdı (Skor: 0)
[I 2026-07-10 00:07:40,657] Trial 647 finished with value: 0.0 and parameters: {'b': 2048, 'ub': 512, 'ngl': 28, 'ngld': 1, 'spec_n': 4, 'moe': 8, 't': 12, 'tb': 16}. Best is trial 0 with value: 0.0.

════════════════════════════════════════════════════════════════════════════════
🤖 OPTUNA DENEMESİ [#649 / 1000] BAŞLIYOR...
🧪 Test Edilen Set: B:2048 | UB:2048 | NGL:24 | DRAFT:3 | MTP:3 | MOE:2 | T:6 | TB:8
      🔍 [Watchdog] Anlık Hız: 142.49 tok/s
   💀 BAŞARISIZ! (Sebep: KILLED_LOW_TPS | Son Hız: 142.5) -> Optuna bu seti cezalandırdı (Skor: 0)
[I 2026-07-10 00:08:02,452] Trial 648 finished with value: 0.0 and parameters: {'b': 2048, 'ub': 2048, 'ngl': 24, 'ngld': 3, 'spec_n': 3, 'moe': 2, 't': 6, 'tb': 8}. Best is trial 0 with value: 0.0.

════════════════════════════════════════════════════════════════════════════════
🤖 OPTUNA DENEMESİ [#650 / 1000] BAŞLIYOR...
🧪 Test Edilen Set: B:2048 | UB:1024 | NGL:20 | DRAFT:5 | MTP:2 | MOE:4 | T:3 | TB:16
      🔍 [Watchdog] Anlık Hız: 200.71 tok/s
      🔍 [Watchdog] Anlık Hız: 150.49 tok/s
   💀 BAŞARISIZ! (Sebep: KILLED_LOW_TPS | Son Hız: 150.5) -> Optuna bu seti cezalandırdı (Skor: 0)
[I 2026-07-10 00:08:37,885] Trial 649 finished with value: 0.0 and parameters: {'b': 2048, 'ub': 1024, 'ngl': 20, 'ngld': 5, 'spec_n': 2, 'moe': 4, 't': 3, 'tb': 16}. Best is trial 0 with value: 0.0.

════════════════════════════════════════════════════════════════════════════════
🤖 OPTUNA DENEMESİ [#651 / 1000] BAŞLIYOR...
🧪 Test Edilen Set: B:2048 | UB:512 | NGL:28 | DRAFT:1 | MTP:4 | MOE:10 | T:12 | TB:24
      🔍 [Watchdog] Anlık Hız: 218.60 tok/s
      🔍 [Watchdog] Anlık Hız: 167.09 tok/s
   💀 BAŞARISIZ! (Sebep: KILLED_LOW_TPS | Son Hız: 167.1) -> Optuna bu seti cezalandırdı (Skor: 0)
[I 2026-07-10 00:09:09,973] Trial 650 finished with value: 0.0 and parameters: {'b': 2048, 'ub': 512, 'ngl': 28, 'ngld': 1, 'spec_n': 4, 'moe': 10, 't': 12, 'tb': 24}. Best is trial 0 with value: 0.0.

════════════════════════════════════════════════════════════════════════════════
🤖 OPTUNA DENEMESİ [#652 / 1000] BAŞLIYOR...
🧪 Test Edilen Set: B:2048 | UB:2048 | NGL:28 | DRAFT:7 | MTP:2 | MOE:2 | T:6 | TB:16
   💀 BAŞARISIZ! (Sebep: CRASH_OR_TIMEOUT | Son Hız: 0.0) -> Optuna bu seti cezalandırdı (Skor: 0)
[I 2026-07-10 00:09:17,281] Trial 651 finished with value: 0.0 and parameters: {'b': 2048, 'ub': 2048, 'ngl': 28, 'ngld': 7, 'spec_n': 2, 'moe': 2, 't': 6, 'tb': 16}. Best is trial 0 with value: 0.0.

════════════════════════════════════════════════════════════════════════════════
🤖 OPTUNA DENEMESİ [#653 / 1000] BAŞLIYOR...
🧪 Test Edilen Set: B:2048 | UB:1024 | NGL:20 | DRAFT:5 | MTP:4 | MOE:0 | T:3 | TB:24
      🔍 [Watchdog] Anlık Hız: 230.62 tok/s
      🔍 [Watchdog] Anlık Hız: 171.00 tok/s
   💀 BAŞARISIZ! (Sebep: KILLED_LOW_TPS | Son Hız: 171.0) -> Optuna bu seti cezalandırdı (Skor: 0)
[I 2026-07-10 00:09:49,301] Trial 652 finished with value: 0.0 and parameters: {'b': 2048, 'ub': 1024, 'ngl': 20, 'ngld': 5, 'spec_n': 4, 'moe': 0, 't': 3, 'tb': 24}. Best is trial 0 with value: 0.0.

════════════════════════════════════════════════════════════════════════════════
🤖 OPTUNA DENEMESİ [#654 / 1000] BAŞLIYOR...
🧪 Test Edilen Set: B:2048 | UB:512 | NGL:28 | DRAFT:9 | MTP:2 | MOE:4 | T:12 | TB:8
      🔍 [Watchdog] Anlık Hız: 144.89 tok/s
   💀 BAŞARISIZ! (Sebep: KILLED_LOW_TPS | Son Hız: 144.9) -> Optuna bu seti cezalandırdı (Skor: 0)
[I 2026-07-10 00:10:11,182] Trial 653 finished with value: 0.0 and parameters: {'b': 2048, 'ub': 512, 'ngl': 28, 'ngld': 9, 'spec_n': 2, 'moe': 4, 't': 12, 'tb': 8}. Best is trial 0 with value: 0.0.

════════════════════════════════════════════════════════════════════════════════
🤖 OPTUNA DENEMESİ [#655 / 1000] BAŞLIYOR...
🧪 Test Edilen Set: B:2048 | UB:2048 | NGL:24 | DRAFT:5 | MTP:3 | MOE:10 | T:6 | TB:16
      🔍 [Watchdog] Anlık Hız: 200.39 tok/s
      🔍 [Watchdog] Anlık Hız: 147.41 tok/s
   💀 BAŞARISIZ! (Sebep: KILLED_LOW_TPS | Son Hız: 147.4) -> Optuna bu seti cezalandırdı (Skor: 0)
[I 2026-07-10 00:10:46,641] Trial 654 finished with value: 0.0 and parameters: {'b': 2048, 'ub': 2048, 'ngl': 24, 'ngld': 5, 'spec_n': 3, 'moe': 10, 't': 6, 'tb': 16}. Best is trial 0 with value: 0.0.

════════════════════════════════════════════════════════════════════════════════
🤖 OPTUNA DENEMESİ [#656 / 1000] BAŞLIYOR...
🧪 Test Edilen Set: B:2048 | UB:1024 | NGL:20 | DRAFT:1 | MTP:2 | MOE:8 | T:3 | TB:24
      🔍 [Watchdog] Anlık Hız: 227.13 tok/s
      🔍 [Watchdog] Anlık Hız: 170.06 tok/s
   💀 BAŞARISIZ! (Sebep: KILLED_LOW_TPS | Son Hız: 170.1) -> Optuna bu seti cezalandırdı (Skor: 0)
[I 2026-07-10 00:11:18,914] Trial 655 finished with value: 0.0 and parameters: {'b': 2048, 'ub': 1024, 'ngl': 20, 'ngld': 1, 'spec_n': 2, 'moe': 8, 't': 3, 'tb': 24}. Best is trial 0 with value: 0.0.

════════════════════════════════════════════════════════════════════════════════
🤖 OPTUNA DENEMESİ [#657 / 1000] BAŞLIYOR...
🧪 Test Edilen Set: B:2048 | UB:512 | NGL:28 | DRAFT:3 | MTP:4 | MOE:4 | T:12 | TB:16
      🔍 [Watchdog] Anlık Hız: 210.18 tok/s
      🔍 [Watchdog] Anlık Hız: 153.20 tok/s
   💀 BAŞARISIZ! (Sebep: KILLED_LOW_TPS | Son Hız: 153.2) -> Optuna bu seti cezalandırdı (Skor: 0)
[I 2026-07-10 00:11:53,279] Trial 656 finished with value: 0.0 and parameters: {'b': 2048, 'ub': 512, 'ngl': 28, 'ngld': 3, 'spec_n': 4, 'moe': 4, 't': 12, 'tb': 16}. Best is trial 0 with value: 0.0.

════════════════════════════════════════════════════════════════════════════════
🤖 OPTUNA DENEMESİ [#658 / 1000] BAŞLIYOR...
🧪 Test Edilen Set: B:2048 | UB:2048 | NGL:28 | DRAFT:5 | MTP:2 | MOE:2 | T:6 | TB:24
   💀 BAŞARISIZ! (Sebep: CRASH_OR_TIMEOUT | Son Hız: 0.0) -> Optuna bu seti cezalandırdı (Skor: 0)
[I 2026-07-10 00:12:00,596] Trial 657 finished with value: 0.0 and parameters: {'b': 2048, 'ub': 2048, 'ngl': 28, 'ngld': 5, 'spec_n': 2, 'moe': 2, 't': 6, 'tb': 24}. Best is trial 0 with value: 0.0.

════════════════════════════════════════════════════════════════════════════════
🤖 OPTUNA DENEMESİ [#659 / 1000] BAŞLIYOR...
🧪 Test Edilen Set: B:2048 | UB:1024 | NGL:20 | DRAFT:7 | MTP:4 | MOE:10 | T:3 | TB:16
      🔍 [Watchdog] Anlık Hız: 201.90 tok/s
      🔍 [Watchdog] Anlık Hız: 149.98 tok/s
   💀 BAŞARISIZ! (Sebep: KILLED_LOW_TPS | Son Hız: 150.0) -> Optuna bu seti cezalandırdı (Skor: 0)
[I 2026-07-10 00:12:36,081] Trial 658 finished with value: 0.0 and parameters: {'b': 2048, 'ub': 1024, 'ngl': 20, 'ngld': 7, 'spec_n': 4, 'moe': 10, 't': 3, 'tb': 16}. Best is trial 0 with value: 0.0.

════════════════════════════════════════════════════════════════════════════════
🤖 OPTUNA DENEMESİ [#660 / 1000] BAŞLIYOR...
🧪 Test Edilen Set: B:2048 | UB:512 | NGL:24 | DRAFT:1 | MTP:3 | MOE:0 | T:12 | TB:8
      🔍 [Watchdog] Anlık Hız: 144.61 tok/s
   💀 BAŞARISIZ! (Sebep: KILLED_LOW_TPS | Son Hız: 144.6) -> Optuna bu seti cezalandırdı (Skor: 0)
[I 2026-07-10 00:12:57,871] Trial 659 finished with value: 0.0 and parameters: {'b': 2048, 'ub': 512, 'ngl': 24, 'ngld': 1, 'spec_n': 3, 'moe': 0, 't': 12, 'tb': 8}. Best is trial 0 with value: 0.0.

════════════════════════════════════════════════════════════════════════════════
🤖 OPTUNA DENEMESİ [#661 / 1000] BAŞLIYOR...
🧪 Test Edilen Set: B:2048 | UB:2048 | NGL:28 | DRAFT:5 | MTP:2 | MOE:4 | T:6 | TB:16
      🔍 [Watchdog] Anlık Hız: 205.95 tok/s
      🔍 [Watchdog] Anlık Hız: 152.01 tok/s
   💀 BAŞARISIZ! (Sebep: KILLED_LOW_TPS | Son Hız: 152.0) -> Optuna bu seti cezalandırdı (Skor: 0)
[I 2026-07-10 00:13:32,243] Trial 660 finished with value: 0.0 and parameters: {'b': 2048, 'ub': 2048, 'ngl': 28, 'ngld': 5, 'spec_n': 2, 'moe': 4, 't': 6, 'tb': 16}. Best is trial 0 with value: 0.0.

════════════════════════════════════════════════════════════════════════════════
🤖 OPTUNA DENEMESİ [#662 / 1000] BAŞLIYOR...
🧪 Test Edilen Set: B:2048 | UB:1024 | NGL:20 | DRAFT:9 | MTP:4 | MOE:2 | T:3 | TB:24
      🔍 [Watchdog] Anlık Hız: 230.11 tok/s
      🔍 [Watchdog] Anlık Hız: 170.26 tok/s
   💀 BAŞARISIZ! (Sebep: KILLED_LOW_TPS | Son Hız: 170.3) -> Optuna bu seti cezalandırdı (Skor: 0)
[I 2026-07-10 00:14:04,272] Trial 661 finished with value: 0.0 and parameters: {'b': 2048, 'ub': 1024, 'ngl': 20, 'ngld': 9, 'spec_n': 4, 'moe': 2, 't': 3, 'tb': 24}. Best is trial 0 with value: 0.0.

════════════════════════════════════════════════════════════════════════════════
🤖 OPTUNA DENEMESİ [#663 / 1000] BAŞLIYOR...
🧪 Test Edilen Set: B:2048 | UB:512 | NGL:28 | DRAFT:5 | MTP:2 | MOE:8 | T:12 | TB:16
      🔍 [Watchdog] Anlık Hız: 198.57 tok/s
   💀 BAŞARISIZ! (Sebep: KILLED_LOW_TPS | Son Hız: 198.6) -> Optuna bu seti cezalandırdı (Skor: 0)
[I 2026-07-10 00:14:21,985] Trial 662 finished with value: 0.0 and parameters: {'b': 2048, 'ub': 512, 'ngl': 28, 'ngld': 5, 'spec_n': 2, 'moe': 8, 't': 12, 'tb': 16}. Best is trial 0 with value: 0.0.

════════════════════════════════════════════════════════════════════════════════
🤖 OPTUNA DENEMESİ [#664 / 1000] BAŞLIYOR...
🧪 Test Edilen Set: B:2048 | UB:2048 | NGL:28 | DRAFT:3 | MTP:2 | MOE:10 | T:6 | TB:24
      🔍 [Watchdog] Anlık Hız: 227.32 tok/s
      🔍 [Watchdog] Anlık Hız: 170.64 tok/s
   💀 BAŞARISIZ! (Sebep: KILLED_LOW_TPS | Son Hız: 170.6) -> Optuna bu seti cezalandırdı (Skor: 0)
[I 2026-07-10 00:14:54,411] Trial 663 finished with value: 0.0 and parameters: {'b': 2048, 'ub': 2048, 'ngl': 28, 'ngld': 3, 'spec_n': 2, 'moe': 10, 't': 6, 'tb': 24}. Best is trial 0 with value: 0.0.

════════════════════════════════════════════════════════════════════════════════
🤖 OPTUNA DENEMESİ [#665 / 1000] BAŞLIYOR...
🧪 Test Edilen Set: B:2048 | UB:1024 | NGL:20 | DRAFT:1 | MTP:4 | MOE:4 | T:12 | TB:8
      🔍 [Watchdog] Anlık Hız: 146.51 tok/s
   💀 BAŞARISIZ! (Sebep: KILLED_LOW_TPS | Son Hız: 146.5) -> Optuna bu seti cezalandırdı (Skor: 0)
[I 2026-07-10 00:15:16,242] Trial 664 finished with value: 0.0 and parameters: {'b': 2048, 'ub': 1024, 'ngl': 20, 'ngld': 1, 'spec_n': 4, 'moe': 4, 't': 12, 'tb': 8}. Best is trial 0 with value: 0.0.

════════════════════════════════════════════════════════════════════════════════
🤖 OPTUNA DENEMESİ [#666 / 1000] BAŞLIYOR...
🧪 Test Edilen Set: B:2048 | UB:2048 | NGL:24 | DRAFT:5 | MTP:3 | MOE:2 | T:3 | TB:16
      🔍 [Watchdog] Anlık Hız: 205.41 tok/s
      🔍 [Watchdog] Anlık Hız: 152.31 tok/s
   💀 BAŞARISIZ! (Sebep: KILLED_LOW_TPS | Son Hız: 152.3) -> Optuna bu seti cezalandırdı (Skor: 0)
[I 2026-07-10 00:15:50,658] Trial 665 finished with value: 0.0 and parameters: {'b': 2048, 'ub': 2048, 'ngl': 24, 'ngld': 5, 'spec_n': 3, 'moe': 2, 't': 3, 'tb': 16}. Best is trial 0 with value: 0.0.

════════════════════════════════════════════════════════════════════════════════
🤖 OPTUNA DENEMESİ [#667 / 1000] BAŞLIYOR...
🧪 Test Edilen Set: B:2048 | UB:512 | NGL:28 | DRAFT:7 | MTP:2 | MOE:0 | T:6 | TB:24
      🔍 [Watchdog] Anlık Hız: 238.39 tok/s
      🔍 [Watchdog] Anlık Hız: 176.69 tok/s
   💀 BAŞARISIZ! (Sebep: KILLED_LOW_TPS | Son Hız: 176.7) -> Optuna bu seti cezalandırdı (Skor: 0)
[I 2026-07-10 00:16:20,868] Trial 666 finished with value: 0.0 and parameters: {'b': 2048, 'ub': 512, 'ngl': 28, 'ngld': 7, 'spec_n': 2, 'moe': 0, 't': 6, 'tb': 24}. Best is trial 0 with value: 0.0.

════════════════════════════════════════════════════════════════════════════════
🤖 OPTUNA DENEMESİ [#668 / 1000] BAŞLIYOR...
🧪 Test Edilen Set: B:2048 | UB:1024 | NGL:20 | DRAFT:9 | MTP:4 | MOE:10 | T:12 | TB:16
      🔍 [Watchdog] Anlık Hız: 201.31 tok/s
      🔍 [Watchdog] Anlık Hız: 144.69 tok/s
   💀 BAŞARISIZ! (Sebep: KILLED_LOW_TPS | Son Hız: 144.7) -> Optuna bu seti cezalandırdı (Skor: 0)
[I 2026-07-10 00:16:57,337] Trial 667 finished with value: 0.0 and parameters: {'b': 2048, 'ub': 1024, 'ngl': 20, 'ngld': 9, 'spec_n': 4, 'moe': 10, 't': 12, 'tb': 16}. Best is trial 0 with value: 0.0.

════════════════════════════════════════════════════════════════════════════════
🤖 OPTUNA DENEMESİ [#669 / 1000] BAŞLIYOR...
🧪 Test Edilen Set: B:2048 | UB:2048 | NGL:28 | DRAFT:1 | MTP:2 | MOE:4 | T:3 | TB:16
      🔍 [Watchdog] Anlık Hız: 206.40 tok/s
      🔍 [Watchdog] Anlık Hız: 152.75 tok/s
   💀 BAŞARISIZ! (Sebep: KILLED_LOW_TPS | Son Hız: 152.8) -> Optuna bu seti cezalandırdı (Skor: 0)
[I 2026-07-10 00:17:31,743] Trial 668 finished with value: 0.0 and parameters: {'b': 2048, 'ub': 2048, 'ngl': 28, 'ngld': 1, 'spec_n': 2, 'moe': 4, 't': 3, 'tb': 16}. Best is trial 0 with value: 0.0.

════════════════════════════════════════════════════════════════════════════════
🤖 OPTUNA DENEMESİ [#670 / 1000] BAŞLIYOR...
🧪 Test Edilen Set: B:2048 | UB:512 | NGL:28 | DRAFT:5 | MTP:4 | MOE:8 | T:6 | TB:24
      🔍 [Watchdog] Anlık Hız: 225.64 tok/s
      🔍 [Watchdog] Anlık Hız: 169.78 tok/s
   💀 BAŞARISIZ! (Sebep: KILLED_LOW_TPS | Son Hız: 169.8) -> Optuna bu seti cezalandırdı (Skor: 0)
[I 2026-07-10 00:18:03,916] Trial 669 finished with value: 0.0 and parameters: {'b': 2048, 'ub': 512, 'ngl': 28, 'ngld': 5, 'spec_n': 4, 'moe': 8, 't': 6, 'tb': 24}. Best is trial 0 with value: 0.0.

════════════════════════════════════════════════════════════════════════════════
🤖 OPTUNA DENEMESİ [#671 / 1000] BAŞLIYOR...
🧪 Test Edilen Set: B:2048 | UB:1024 | NGL:24 | DRAFT:3 | MTP:3 | MOE:2 | T:12 | TB:8
      🔍 [Watchdog] Anlık Hız: 149.14 tok/s
   💀 BAŞARISIZ! (Sebep: KILLED_LOW_TPS | Son Hız: 149.1) -> Optuna bu seti cezalandırdı (Skor: 0)
[I 2026-07-10 00:18:24,688] Trial 670 finished with value: 0.0 and parameters: {'b': 2048, 'ub': 1024, 'ngl': 24, 'ngld': 3, 'spec_n': 3, 'moe': 2, 't': 12, 'tb': 8}. Best is trial 0 with value: 0.0.

════════════════════════════════════════════════════════════════════════════════
🤖 OPTUNA DENEMESİ [#672 / 1000] BAŞLIYOR...
🧪 Test Edilen Set: B:2048 | UB:2048 | NGL:20 | DRAFT:5 | MTP:2 | MOE:10 | T:3 | TB:16
      🔍 [Watchdog] Anlık Hız: 195.60 tok/s
   💀 BAŞARISIZ! (Sebep: KILLED_LOW_TPS | Son Hız: 195.6) -> Optuna bu seti cezalandırdı (Skor: 0)
[I 2026-07-10 00:18:43,446] Trial 671 finished with value: 0.0 and parameters: {'b': 2048, 'ub': 2048, 'ngl': 20, 'ngld': 5, 'spec_n': 2, 'moe': 10, 't': 3, 'tb': 16}. Best is trial 0 with value: 0.0.

════════════════════════════════════════════════════════════════════════════════
🤖 OPTUNA DENEMESİ [#673 / 1000] BAŞLIYOR...
🧪 Test Edilen Set: B:2048 | UB:512 | NGL:28 | DRAFT:1 | MTP:4 | MOE:4 | T:12 | TB:24
      🔍 [Watchdog] Anlık Hız: 236.89 tok/s
      🔍 [Watchdog] Anlık Hız: 173.63 tok/s
   💀 BAŞARISIZ! (Sebep: KILLED_LOW_TPS | Son Hız: 173.6) -> Optuna bu seti cezalandırdı (Skor: 0)
[I 2026-07-10 00:19:14,479] Trial 672 finished with value: 0.0 and parameters: {'b': 2048, 'ub': 512, 'ngl': 28, 'ngld': 1, 'spec_n': 4, 'moe': 4, 't': 12, 'tb': 24}. Best is trial 0 with value: 0.0.

════════════════════════════════════════════════════════════════════════════════
🤖 OPTUNA DENEMESİ [#674 / 1000] BAŞLIYOR...
🧪 Test Edilen Set: B:2048 | UB:1024 | NGL:20 | DRAFT:7 | MTP:2 | MOE:0 | T:6 | TB:16
      🔍 [Watchdog] Anlık Hız: 199.92 tok/s
   💀 BAŞARISIZ! (Sebep: KILLED_LOW_TPS | Son Hız: 199.9) -> Optuna bu seti cezalandırdı (Skor: 0)
[I 2026-07-10 00:19:32,172] Trial 673 finished with value: 0.0 and parameters: {'b': 2048, 'ub': 1024, 'ngl': 20, 'ngld': 7, 'spec_n': 2, 'moe': 0, 't': 6, 'tb': 16}. Best is trial 0 with value: 0.0.

════════════════════════════════════════════════════════════════════════════════
🤖 OPTUNA DENEMESİ [#675 / 1000] BAŞLIYOR...
🧪 Test Edilen Set: B:2048 | UB:2048 | NGL:28 | DRAFT:5 | MTP:2 | MOE:2 | T:3 | TB:8
   💀 BAŞARISIZ! (Sebep: CRASH_OR_TIMEOUT | Son Hız: 0.0) -> Optuna bu seti cezalandırdı (Skor: 0)
[I 2026-07-10 00:19:39,490] Trial 674 finished with value: 0.0 and parameters: {'b': 2048, 'ub': 2048, 'ngl': 28, 'ngld': 5, 'spec_n': 2, 'moe': 2, 't': 3, 'tb': 8}. Best is trial 0 with value: 0.0.

════════════════════════════════════════════════════════════════════════════════
🤖 OPTUNA DENEMESİ [#676 / 1000] BAŞLIYOR...
🧪 Test Edilen Set: B:2048 | UB:512 | NGL:24 | DRAFT:9 | MTP:4 | MOE:4 | T:12 | TB:24
      🔍 [Watchdog] Anlık Hız: 226.91 tok/s
      🔍 [Watchdog] Anlık Hız: 170.15 tok/s
   💀 BAŞARISIZ! (Sebep: KILLED_LOW_TPS | Son Hız: 170.2) -> Optuna bu seti cezalandırdı (Skor: 0)
