[I 2026-07-10 02:07:17,463] Trial 900 finished with value: 0.0 and parameters: {'b': 2048, 'ub': 1024, 'ngl': 28, 'ngld': 5, 'spec_n': 4, 'moe': 10, 't': 12, 'tb': 16}. Best is trial 0 with value: 0.0.

════════════════════════════════════════════════════════════════════════════════
🤖 OPTUNA DENEMESİ [#902 / 1000] BAŞLIYOR...
🧪 Test Edilen Set: B:2048 | UB:2048 | NGL:20 | DRAFT:1 | MTP:2 | MOE:2 | T:3 | TB:16
      🔍 [Watchdog] Anlık Hız: 189.21 tok/s
   💀 BAŞARISIZ! (Sebep: KILLED_LOW_TPS | Son Hız: 189.2) -> Optuna bu seti cezalandırdı (Skor: 0)
[I 2026-07-10 02:07:36,268] Trial 901 finished with value: 0.0 and parameters: {'b': 2048, 'ub': 2048, 'ngl': 20, 'ngld': 1, 'spec_n': 2, 'moe': 2, 't': 3, 'tb': 16}. Best is trial 0 with value: 0.0.

════════════════════════════════════════════════════════════════════════════════
🤖 OPTUNA DENEMESİ [#903 / 1000] BAŞLIYOR...
🧪 Test Edilen Set: B:2048 | UB:512 | NGL:28 | DRAFT:7 | MTP:4 | MOE:4 | T:6 | TB:24
      🔍 [Watchdog] Anlık Hız: 237.38 tok/s
      🔍 [Watchdog] Anlık Hız: 176.20 tok/s
   💀 BAŞARISIZ! (Sebep: KILLED_LOW_TPS | Son Hız: 176.2) -> Optuna bu seti cezalandırdı (Skor: 0)
[I 2026-07-10 02:08:06,440] Trial 902 finished with value: 0.0 and parameters: {'b': 2048, 'ub': 512, 'ngl': 28, 'ngld': 7, 'spec_n': 4, 'moe': 4, 't': 6, 'tb': 24}. Best is trial 0 with value: 0.0.

════════════════════════════════════════════════════════════════════════════════
🤖 OPTUNA DENEMESİ [#904 / 1000] BAŞLIYOR...
🧪 Test Edilen Set: B:2048 | UB:1024 | NGL:20 | DRAFT:5 | MTP:2 | MOE:0 | T:12 | TB:8
      🔍 [Watchdog] Anlık Hız: 148.89 tok/s
   💀 BAŞARISIZ! (Sebep: KILLED_LOW_TPS | Son Hız: 148.9) -> Optuna bu seti cezalandırdı (Skor: 0)
[I 2026-07-10 02:08:27,277] Trial 903 finished with value: 0.0 and parameters: {'b': 2048, 'ub': 1024, 'ngl': 20, 'ngld': 5, 'spec_n': 2, 'moe': 0, 't': 12, 'tb': 8}. Best is trial 0 with value: 0.0.

════════════════════════════════════════════════════════════════════════════════
🤖 OPTUNA DENEMESİ [#905 / 1000] BAŞLIYOR...
🧪 Test Edilen Set: B:2048 | UB:2048 | NGL:24 | DRAFT:9 | MTP:3 | MOE:10 | T:3 | TB:16
      🔍 [Watchdog] Anlık Hız: 203.80 tok/s
      🔍 [Watchdog] Anlık Hız: 151.70 tok/s
   💀 BAŞARISIZ! (Sebep: KILLED_LOW_TPS | Son Hız: 151.7) -> Optuna bu seti cezalandırdı (Skor: 0)
[I 2026-07-10 02:09:01,668] Trial 904 finished with value: 0.0 and parameters: {'b': 2048, 'ub': 2048, 'ngl': 24, 'ngld': 9, 'spec_n': 3, 'moe': 10, 't': 3, 'tb': 16}. Best is trial 0 with value: 0.0.

════════════════════════════════════════════════════════════════════════════════
🤖 OPTUNA DENEMESİ [#906 / 1000] BAŞLIYOR...
🧪 Test Edilen Set: B:2048 | UB:512 | NGL:28 | DRAFT:1 | MTP:2 | MOE:8 | T:12 | TB:24
      🔍 [Watchdog] Anlık Hız: 225.88 tok/s
      🔍 [Watchdog] Anlık Hız: 169.53 tok/s
   💀 BAŞARISIZ! (Sebep: KILLED_LOW_TPS | Son Hız: 169.5) -> Optuna bu seti cezalandırdı (Skor: 0)
[I 2026-07-10 02:09:33,723] Trial 905 finished with value: 0.0 and parameters: {'b': 2048, 'ub': 512, 'ngl': 28, 'ngld': 1, 'spec_n': 2, 'moe': 8, 't': 12, 'tb': 24}. Best is trial 0 with value: 0.0.

════════════════════════════════════════════════════════════════════════════════
🤖 OPTUNA DENEMESİ [#907 / 1000] BAŞLIYOR...
🧪 Test Edilen Set: B:2048 | UB:1024 | NGL:28 | DRAFT:5 | MTP:4 | MOE:4 | T:6 | TB:16
      🔍 [Watchdog] Anlık Hız: 209.71 tok/s
      🔍 [Watchdog] Anlık Hız: 156.80 tok/s
   💀 BAŞARISIZ! (Sebep: KILLED_LOW_TPS | Son Hız: 156.8) -> Optuna bu seti cezalandırdı (Skor: 0)
[I 2026-07-10 02:10:07,071] Trial 906 finished with value: 0.0 and parameters: {'b': 2048, 'ub': 1024, 'ngl': 28, 'ngld': 5, 'spec_n': 4, 'moe': 4, 't': 6, 'tb': 16}. Best is trial 0 with value: 0.0.

════════════════════════════════════════════════════════════════════════════════
🤖 OPTUNA DENEMESİ [#908 / 1000] BAŞLIYOR...
🧪 Test Edilen Set: B:2048 | UB:2048 | NGL:20 | DRAFT:3 | MTP:2 | MOE:2 | T:3 | TB:24
      🔍 [Watchdog] Anlık Hız: 212.54 tok/s
      🔍 [Watchdog] Anlık Hız: 161.50 tok/s
   💀 BAŞARISIZ! (Sebep: KILLED_LOW_TPS | Son Hız: 161.5) -> Optuna bu seti cezalandırdı (Skor: 0)
[I 2026-07-10 02:10:40,365] Trial 907 finished with value: 0.0 and parameters: {'b': 2048, 'ub': 2048, 'ngl': 20, 'ngld': 3, 'spec_n': 2, 'moe': 2, 't': 3, 'tb': 24}. Best is trial 0 with value: 0.0.

════════════════════════════════════════════════════════════════════════════════
🤖 OPTUNA DENEMESİ [#909 / 1000] BAŞLIYOR...
🧪 Test Edilen Set: B:2048 | UB:512 | NGL:28 | DRAFT:5 | MTP:4 | MOE:10 | T:12 | TB:16
      🔍 [Watchdog] Anlık Hız: 197.88 tok/s
   💀 BAŞARISIZ! (Sebep: KILLED_LOW_TPS | Son Hız: 197.9) -> Optuna bu seti cezalandırdı (Skor: 0)
[I 2026-07-10 02:10:58,098] Trial 908 finished with value: 0.0 and parameters: {'b': 2048, 'ub': 512, 'ngl': 28, 'ngld': 5, 'spec_n': 4, 'moe': 10, 't': 12, 'tb': 16}. Best is trial 0 with value: 0.0.

════════════════════════════════════════════════════════════════════════════════
🤖 OPTUNA DENEMESİ [#910 / 1000] BAŞLIYOR...
🧪 Test Edilen Set: B:2048 | UB:2048 | NGL:20 | DRAFT:1 | MTP:2 | MOE:4 | T:6 | TB:8
      🔍 [Watchdog] Anlık Hız: 136.15 tok/s
   💀 BAŞARISIZ! (Sebep: KILLED_LOW_TPS | Son Hız: 136.2) -> Optuna bu seti cezalandırdı (Skor: 0)
[I 2026-07-10 02:11:21,027] Trial 909 finished with value: 0.0 and parameters: {'b': 2048, 'ub': 2048, 'ngl': 20, 'ngld': 1, 'spec_n': 2, 'moe': 4, 't': 6, 'tb': 8}. Best is trial 0 with value: 0.0.

════════════════════════════════════════════════════════════════════════════════
🤖 OPTUNA DENEMESİ [#911 / 1000] BAŞLIYOR...
🧪 Test Edilen Set: B:2048 | UB:1024 | NGL:24 | DRAFT:7 | MTP:3 | MOE:0 | T:3 | TB:16
      🔍 [Watchdog] Anlık Hız: 208.71 tok/s
      🔍 [Watchdog] Anlık Hız: 154.75 tok/s
   💀 BAŞARISIZ! (Sebep: KILLED_LOW_TPS | Son Hız: 154.8) -> Optuna bu seti cezalandırdı (Skor: 0)
[I 2026-07-10 02:11:55,421] Trial 910 finished with value: 0.0 and parameters: {'b': 2048, 'ub': 1024, 'ngl': 24, 'ngld': 7, 'spec_n': 3, 'moe': 0, 't': 3, 'tb': 16}. Best is trial 0 with value: 0.0.

════════════════════════════════════════════════════════════════════════════════
🤖 OPTUNA DENEMESİ [#912 / 1000] BAŞLIYOR...
🧪 Test Edilen Set: B:2048 | UB:512 | NGL:28 | DRAFT:9 | MTP:4 | MOE:2 | T:12 | TB:24
      🔍 [Watchdog] Anlık Hız: 239.46 tok/s
      🔍 [Watchdog] Anlık Hız: 175.99 tok/s
   💀 BAŞARISIZ! (Sebep: KILLED_LOW_TPS | Son Hız: 176.0) -> Optuna bu seti cezalandırdı (Skor: 0)
[I 2026-07-10 02:12:26,551] Trial 911 finished with value: 0.0 and parameters: {'b': 2048, 'ub': 512, 'ngl': 28, 'ngld': 9, 'spec_n': 4, 'moe': 2, 't': 12, 'tb': 24}. Best is trial 0 with value: 0.0.

════════════════════════════════════════════════════════════════════════════════
🤖 OPTUNA DENEMESİ [#913 / 1000] BAŞLIYOR...
🧪 Test Edilen Set: B:2048 | UB:2048 | NGL:28 | DRAFT:5 | MTP:2 | MOE:10 | T:6 | TB:16
      🔍 [Watchdog] Anlık Hız: 205.14 tok/s
      🔍 [Watchdog] Anlık Hız: 153.62 tok/s
   💀 BAŞARISIZ! (Sebep: KILLED_LOW_TPS | Son Hız: 153.6) -> Optuna bu seti cezalandırdı (Skor: 0)
[I 2026-07-10 02:13:00,958] Trial 912 finished with value: 0.0 and parameters: {'b': 2048, 'ub': 2048, 'ngl': 28, 'ngld': 5, 'spec_n': 2, 'moe': 10, 't': 6, 'tb': 16}. Best is trial 0 with value: 0.0.

════════════════════════════════════════════════════════════════════════════════
🤖 OPTUNA DENEMESİ [#914 / 1000] BAŞLIYOR...
🧪 Test Edilen Set: B:2048 | UB:1024 | NGL:20 | DRAFT:1 | MTP:4 | MOE:8 | T:3 | TB:24
      🔍 [Watchdog] Anlık Hız: 229.87 tok/s
      🔍 [Watchdog] Anlık Hız: 169.80 tok/s
   💀 BAŞARISIZ! (Sebep: KILLED_LOW_TPS | Son Hız: 169.8) -> Optuna bu seti cezalandırdı (Skor: 0)
[I 2026-07-10 02:13:33,175] Trial 913 finished with value: 0.0 and parameters: {'b': 2048, 'ub': 1024, 'ngl': 20, 'ngld': 1, 'spec_n': 4, 'moe': 8, 't': 3, 'tb': 24}. Best is trial 0 with value: 0.0.

════════════════════════════════════════════════════════════════════════════════
🤖 OPTUNA DENEMESİ [#915 / 1000] BAŞLIYOR...
🧪 Test Edilen Set: B:2048 | UB:512 | NGL:28 | DRAFT:3 | MTP:2 | MOE:4 | T:12 | TB:8
      🔍 [Watchdog] Anlık Hız: 149.10 tok/s
   💀 BAŞARISIZ! (Sebep: KILLED_LOW_TPS | Son Hız: 149.1) -> Optuna bu seti cezalandırdı (Skor: 0)
[I 2026-07-10 02:13:54,019] Trial 914 finished with value: 0.0 and parameters: {'b': 2048, 'ub': 512, 'ngl': 28, 'ngld': 3, 'spec_n': 2, 'moe': 4, 't': 12, 'tb': 8}. Best is trial 0 with value: 0.0.

════════════════════════════════════════════════════════════════════════════════
🤖 OPTUNA DENEMESİ [#916 / 1000] BAŞLIYOR...
🧪 Test Edilen Set: B:2048 | UB:2048 | NGL:24 | DRAFT:5 | MTP:3 | MOE:2 | T:6 | TB:16
      🔍 [Watchdog] Anlık Hız: 206.77 tok/s
      🔍 [Watchdog] Anlık Hız: 153.60 tok/s
   💀 BAŞARISIZ! (Sebep: KILLED_LOW_TPS | Son Hız: 153.6) -> Optuna bu seti cezalandırdı (Skor: 0)
[I 2026-07-10 02:14:28,427] Trial 915 finished with value: 0.0 and parameters: {'b': 2048, 'ub': 2048, 'ngl': 24, 'ngld': 5, 'spec_n': 3, 'moe': 2, 't': 6, 'tb': 16}. Best is trial 0 with value: 0.0.

════════════════════════════════════════════════════════════════════════════════
🤖 OPTUNA DENEMESİ [#917 / 1000] BAŞLIYOR...
🧪 Test Edilen Set: B:2048 | UB:1024 | NGL:20 | DRAFT:7 | MTP:2 | MOE:10 | T:3 | TB:24
      🔍 [Watchdog] Anlık Hız: 230.21 tok/s
      🔍 [Watchdog] Anlık Hız: 172.09 tok/s
   💀 BAŞARISIZ! (Sebep: KILLED_LOW_TPS | Son Hız: 172.1) -> Optuna bu seti cezalandırdı (Skor: 0)
[I 2026-07-10 02:14:59,555] Trial 916 finished with value: 0.0 and parameters: {'b': 2048, 'ub': 1024, 'ngl': 20, 'ngld': 7, 'spec_n': 2, 'moe': 10, 't': 3, 'tb': 24}. Best is trial 0 with value: 0.0.

════════════════════════════════════════════════════════════════════════════════
🤖 OPTUNA DENEMESİ [#918 / 1000] BAŞLIYOR...
🧪 Test Edilen Set: B:2048 | UB:512 | NGL:28 | DRAFT:5 | MTP:4 | MOE:4 | T:12 | TB:16
      🔍 [Watchdog] Anlık Hız: 212.99 tok/s
      🔍 [Watchdog] Anlık Hız: 157.84 tok/s
   💀 BAŞARISIZ! (Sebep: KILLED_LOW_TPS | Son Hız: 157.8) -> Optuna bu seti cezalandırdı (Skor: 0)
[I 2026-07-10 02:15:32,944] Trial 917 finished with value: 0.0 and parameters: {'b': 2048, 'ub': 512, 'ngl': 28, 'ngld': 5, 'spec_n': 4, 'moe': 4, 't': 12, 'tb': 16}. Best is trial 0 with value: 0.0.

════════════════════════════════════════════════════════════════════════════════
🤖 OPTUNA DENEMESİ [#919 / 1000] BAŞLIYOR...
🧪 Test Edilen Set: B:2048 | UB:2048 | NGL:28 | DRAFT:1 | MTP:2 | MOE:0 | T:6 | TB:24
   💀 BAŞARISIZ! (Sebep: CRASH_OR_TIMEOUT | Son Hız: 0.0) -> Optuna bu seti cezalandırdı (Skor: 0)
[I 2026-07-10 02:15:39,230] Trial 918 finished with value: 0.0 and parameters: {'b': 2048, 'ub': 2048, 'ngl': 28, 'ngld': 1, 'spec_n': 2, 'moe': 0, 't': 6, 'tb': 24}. Best is trial 0 with value: 0.0.

════════════════════════════════════════════════════════════════════════════════
🤖 OPTUNA DENEMESİ [#920 / 1000] BAŞLIYOR...
🧪 Test Edilen Set: B:2048 | UB:1024 | NGL:20 | DRAFT:9 | MTP:4 | MOE:2 | T:3 | TB:16
      🔍 [Watchdog] Anlık Hız: 201.99 tok/s
      🔍 [Watchdog] Anlık Hız: 145.37 tok/s
   💀 BAŞARISIZ! (Sebep: KILLED_LOW_TPS | Son Hız: 145.4) -> Optuna bu seti cezalandırdı (Skor: 0)
[I 2026-07-10 02:16:14,657] Trial 919 finished with value: 0.0 and parameters: {'b': 2048, 'ub': 1024, 'ngl': 20, 'ngld': 9, 'spec_n': 4, 'moe': 2, 't': 3, 'tb': 16}. Best is trial 0 with value: 0.0.

════════════════════════════════════════════════════════════════════════════════
🤖 OPTUNA DENEMESİ [#921 / 1000] BAŞLIYOR...
🧪 Test Edilen Set: B:2048 | UB:512 | NGL:28 | DRAFT:5 | MTP:2 | MOE:8 | T:12 | TB:8
      🔍 [Watchdog] Anlık Hız: 141.31 tok/s
   💀 BAŞARISIZ! (Sebep: KILLED_LOW_TPS | Son Hız: 141.3) -> Optuna bu seti cezalandırdı (Skor: 0)
[I 2026-07-10 02:16:36,532] Trial 920 finished with value: 0.0 and parameters: {'b': 2048, 'ub': 512, 'ngl': 28, 'ngld': 5, 'spec_n': 2, 'moe': 8, 't': 12, 'tb': 8}. Best is trial 0 with value: 0.0.

════════════════════════════════════════════════════════════════════════════════
🤖 OPTUNA DENEMESİ [#922 / 1000] BAŞLIYOR...
🧪 Test Edilen Set: B:2048 | UB:2048 | NGL:24 | DRAFT:3 | MTP:3 | MOE:10 | T:6 | TB:16
      🔍 [Watchdog] Anlık Hız: 205.08 tok/s
      🔍 [Watchdog] Anlık Hız: 152.29 tok/s
   💀 BAŞARISIZ! (Sebep: KILLED_LOW_TPS | Son Hız: 152.3) -> Optuna bu seti cezalandırdı (Skor: 0)
[I 2026-07-10 02:17:10,937] Trial 921 finished with value: 0.0 and parameters: {'b': 2048, 'ub': 2048, 'ngl': 24, 'ngld': 3, 'spec_n': 3, 'moe': 10, 't': 6, 'tb': 16}. Best is trial 0 with value: 0.0.

════════════════════════════════════════════════════════════════════════════════
🤖 OPTUNA DENEMESİ [#923 / 1000] BAŞLIYOR...
🧪 Test Edilen Set: B:2048 | UB:1024 | NGL:20 | DRAFT:1 | MTP:4 | MOE:4 | T:3 | TB:24
      🔍 [Watchdog] Anlık Hız: 229.50 tok/s
      🔍 [Watchdog] Anlık Hız: 165.07 tok/s
   💀 BAŞARISIZ! (Sebep: KILLED_LOW_TPS | Son Hız: 165.1) -> Optuna bu seti cezalandırdı (Skor: 0)
[I 2026-07-10 02:17:43,528] Trial 922 finished with value: 0.0 and parameters: {'b': 2048, 'ub': 1024, 'ngl': 20, 'ngld': 1, 'spec_n': 4, 'moe': 4, 't': 3, 'tb': 24}. Best is trial 0 with value: 0.0.

════════════════════════════════════════════════════════════════════════════════
🤖 OPTUNA DENEMESİ [#924 / 1000] BAŞLIYOR...
🧪 Test Edilen Set: B:2048 | UB:512 | NGL:28 | DRAFT:5 | MTP:2 | MOE:2 | T:12 | TB:16
      🔍 [Watchdog] Anlık Hız: 214.96 tok/s
      🔍 [Watchdog] Anlık Hız: 159.16 tok/s
   💀 BAŞARISIZ! (Sebep: KILLED_LOW_TPS | Son Hız: 159.2) -> Optuna bu seti cezalandırdı (Skor: 0)
[I 2026-07-10 02:18:16,931] Trial 923 finished with value: 0.0 and parameters: {'b': 2048, 'ub': 512, 'ngl': 28, 'ngld': 5, 'spec_n': 2, 'moe': 2, 't': 12, 'tb': 16}. Best is trial 0 with value: 0.0.

════════════════════════════════════════════════════════════════════════════════
🤖 OPTUNA DENEMESİ [#925 / 1000] BAŞLIYOR...
🧪 Test Edilen Set: B:2048 | UB:2048 | NGL:28 | DRAFT:7 | MTP:2 | MOE:0 | T:6 | TB:24
   💀 BAŞARISIZ! (Sebep: CRASH_OR_TIMEOUT | Son Hız: 0.0) -> Optuna bu seti cezalandırdı (Skor: 0)
[I 2026-07-10 02:18:23,214] Trial 924 finished with value: 0.0 and parameters: {'b': 2048, 'ub': 2048, 'ngl': 28, 'ngld': 7, 'spec_n': 2, 'moe': 0, 't': 6, 'tb': 24}. Best is trial 0 with value: 0.0.

════════════════════════════════════════════════════════════════════════════════
🤖 OPTUNA DENEMESİ [#926 / 1000] BAŞLIYOR...
🧪 Test Edilen Set: B:2048 | UB:1024 | NGL:20 | DRAFT:5 | MTP:4 | MOE:4 | T:12 | TB:8
      🔍 [Watchdog] Anlık Hız: 149.00 tok/s
   💀 BAŞARISIZ! (Sebep: KILLED_LOW_TPS | Son Hız: 149.0) -> Optuna bu seti cezalandırdı (Skor: 0)
[I 2026-07-10 02:18:44,046] Trial 925 finished with value: 0.0 and parameters: {'b': 2048, 'ub': 1024, 'ngl': 20, 'ngld': 5, 'spec_n': 4, 'moe': 4, 't': 12, 'tb': 8}. Best is trial 0 with value: 0.0.

════════════════════════════════════════════════════════════════════════════════
🤖 OPTUNA DENEMESİ [#927 / 1000] BAŞLIYOR...
🧪 Test Edilen Set: B:2048 | UB:2048 | NGL:24 | DRAFT:9 | MTP:3 | MOE:10 | T:3 | TB:16
      🔍 [Watchdog] Anlık Hız: 205.37 tok/s
      🔍 [Watchdog] Anlık Hız: 152.72 tok/s
   💀 BAŞARISIZ! (Sebep: KILLED_LOW_TPS | Son Hız: 152.7) -> Optuna bu seti cezalandırdı (Skor: 0)
[I 2026-07-10 02:19:18,455] Trial 926 finished with value: 0.0 and parameters: {'b': 2048, 'ub': 2048, 'ngl': 24, 'ngld': 9, 'spec_n': 3, 'moe': 10, 't': 3, 'tb': 16}. Best is trial 0 with value: 0.0.

════════════════════════════════════════════════════════════════════════════════
🤖 OPTUNA DENEMESİ [#928 / 1000] BAŞLIYOR...
🧪 Test Edilen Set: B:2048 | UB:512 | NGL:28 | DRAFT:1 | MTP:2 | MOE:8 | T:6 | TB:24
      🔍 [Watchdog] Anlık Hız: 226.41 tok/s
      🔍 [Watchdog] Anlık Hız: 170.78 tok/s
   💀 BAŞARISIZ! (Sebep: KILLED_LOW_TPS | Son Hız: 170.8) -> Optuna bu seti cezalandırdı (Skor: 0)
[I 2026-07-10 02:19:49,655] Trial 927 finished with value: 0.0 and parameters: {'b': 2048, 'ub': 512, 'ngl': 28, 'ngld': 1, 'spec_n': 2, 'moe': 8, 't': 6, 'tb': 24}. Best is trial 0 with value: 0.0.

════════════════════════════════════════════════════════════════════════════════
🤖 OPTUNA DENEMESİ [#929 / 1000] BAŞLIYOR...
🧪 Test Edilen Set: B:2048 | UB:1024 | NGL:20 | DRAFT:5 | MTP:4 | MOE:2 | T:12 | TB:16
      🔍 [Watchdog] Anlık Hız: 203.75 tok/s
      🔍 [Watchdog] Anlık Hız: 149.78 tok/s
   💀 BAŞARISIZ! (Sebep: KILLED_LOW_TPS | Son Hız: 149.8) -> Optuna bu seti cezalandırdı (Skor: 0)
[I 2026-07-10 02:20:25,126] Trial 928 finished with value: 0.0 and parameters: {'b': 2048, 'ub': 1024, 'ngl': 20, 'ngld': 5, 'spec_n': 4, 'moe': 2, 't': 12, 'tb': 16}. Best is trial 0 with value: 0.0.

════════════════════════════════════════════════════════════════════════════════
🤖 OPTUNA DENEMESİ [#930 / 1000] BAŞLIYOR...
🧪 Test Edilen Set: B:2048 | UB:2048 | NGL:28 | DRAFT:3 | MTP:2 | MOE:4 | T:3 | TB:16
      🔍 [Watchdog] Anlık Hız: 210.71 tok/s
      🔍 [Watchdog] Anlık Hız: 154.68 tok/s
   💀 BAŞARISIZ! (Sebep: KILLED_LOW_TPS | Son Hız: 154.7) -> Optuna bu seti cezalandırdı (Skor: 0)
[I 2026-07-10 02:20:59,620] Trial 929 finished with value: 0.0 and parameters: {'b': 2048, 'ub': 2048, 'ngl': 28, 'ngld': 3, 'spec_n': 2, 'moe': 4, 't': 3, 'tb': 16}. Best is trial 0 with value: 0.0.

════════════════════════════════════════════════════════════════════════════════
🤖 OPTUNA DENEMESİ [#931 / 1000] BAŞLIYOR...
🧪 Test Edilen Set: B:2048 | UB:512 | NGL:28 | DRAFT:1 | MTP:4 | MOE:10 | T:6 | TB:24
      🔍 [Watchdog] Anlık Hız: 221.30 tok/s
      🔍 [Watchdog] Anlık Hız: 167.82 tok/s
   💀 BAŞARISIZ! (Sebep: KILLED_LOW_TPS | Son Hız: 167.8) -> Optuna bu seti cezalandırdı (Skor: 0)
[I 2026-07-10 02:21:31,632] Trial 930 finished with value: 0.0 and parameters: {'b': 2048, 'ub': 512, 'ngl': 28, 'ngld': 1, 'spec_n': 4, 'moe': 10, 't': 6, 'tb': 24}. Best is trial 0 with value: 0.0.

════════════════════════════════════════════════════════════════════════════════
🤖 OPTUNA DENEMESİ [#932 / 1000] BAŞLIYOR...
🧪 Test Edilen Set: B:2048 | UB:1024 | NGL:20 | DRAFT:5 | MTP:2 | MOE:0 | T:12 | TB:8
      🔍 [Watchdog] Anlık Hız: 139.38 tok/s
   💀 BAŞARISIZ! (Sebep: KILLED_LOW_TPS | Son Hız: 139.4) -> Optuna bu seti cezalandırdı (Skor: 0)
[I 2026-07-10 02:21:53,511] Trial 931 finished with value: 0.0 and parameters: {'b': 2048, 'ub': 1024, 'ngl': 20, 'ngld': 5, 'spec_n': 2, 'moe': 0, 't': 12, 'tb': 8}. Best is trial 0 with value: 0.0.

════════════════════════════════════════════════════════════════════════════════
🤖 OPTUNA DENEMESİ [#933 / 1000] BAŞLIYOR...
🧪 Test Edilen Set: B:2048 | UB:2048 | NGL:28 | DRAFT:7 | MTP:3 | MOE:2 | T:3 | TB:16
   💀 BAŞARISIZ! (Sebep: CRASH_OR_TIMEOUT | Son Hız: 0.0) -> Optuna bu seti cezalandırdı (Skor: 0)
[I 2026-07-10 02:21:59,785] Trial 932 finished with value: 0.0 and parameters: {'b': 2048, 'ub': 2048, 'ngl': 28, 'ngld': 7, 'spec_n': 3, 'moe': 2, 't': 3, 'tb': 16}. Best is trial 0 with value: 0.0.

════════════════════════════════════════════════════════════════════════════════
🤖 OPTUNA DENEMESİ [#934 / 1000] BAŞLIYOR...
🧪 Test Edilen Set: B:2048 | UB:512 | NGL:24 | DRAFT:9 | MTP:2 | MOE:4 | T:12 | TB:24
      🔍 [Watchdog] Anlık Hız: 227.11 tok/s
      🔍 [Watchdog] Anlık Hız: 171.21 tok/s
   💀 BAŞARISIZ! (Sebep: KILLED_LOW_TPS | Son Hız: 171.2) -> Optuna bu seti cezalandırdı (Skor: 0)
[I 2026-07-10 02:22:30,720] Trial 933 finished with value: 0.0 and parameters: {'b': 2048, 'ub': 512, 'ngl': 24, 'ngld': 9, 'spec_n': 2, 'moe': 4, 't': 12, 'tb': 24}. Best is trial 0 with value: 0.0.

════════════════════════════════════════════════════════════════════════════════
🤖 OPTUNA DENEMESİ [#935 / 1000] BAŞLIYOR...
🧪 Test Edilen Set: B:2048 | UB:1024 | NGL:20 | DRAFT:5 | MTP:4 | MOE:10 | T:6 | TB:16
      🔍 [Watchdog] Anlık Hız: 206.76 tok/s
      🔍 [Watchdog] Anlık Hız: 152.86 tok/s
   💀 BAŞARISIZ! (Sebep: KILLED_LOW_TPS | Son Hız: 152.9) -> Optuna bu seti cezalandırdı (Skor: 0)
[I 2026-07-10 02:23:05,135] Trial 934 finished with value: 0.0 and parameters: {'b': 2048, 'ub': 1024, 'ngl': 20, 'ngld': 5, 'spec_n': 4, 'moe': 10, 't': 6, 'tb': 16}. Best is trial 0 with value: 0.0.

════════════════════════════════════════════════════════════════════════════════
🤖 OPTUNA DENEMESİ [#936 / 1000] BAŞLIYOR...
🧪 Test Edilen Set: B:2048 | UB:2048 | NGL:28 | DRAFT:1 | MTP:2 | MOE:8 | T:3 | TB:24
      🔍 [Watchdog] Anlık Hız: 228.31 tok/s
      🔍 [Watchdog] Anlık Hız: 171.12 tok/s
   💀 BAŞARISIZ! (Sebep: KILLED_LOW_TPS | Son Hız: 171.1) -> Optuna bu seti cezalandırdı (Skor: 0)
[I 2026-07-10 02:23:36,296] Trial 935 finished with value: 0.0 and parameters: {'b': 2048, 'ub': 2048, 'ngl': 28, 'ngld': 1, 'spec_n': 2, 'moe': 8, 't': 3, 'tb': 24}. Best is trial 0 with value: 0.0.

════════════════════════════════════════════════════════════════════════════════
🤖 OPTUNA DENEMESİ [#937 / 1000] BAŞLIYOR...
🧪 Test Edilen Set: B:2048 | UB:512 | NGL:28 | DRAFT:3 | MTP:4 | MOE:4 | T:12 | TB:8
      🔍 [Watchdog] Anlık Hız: 148.27 tok/s
   💀 BAŞARISIZ! (Sebep: KILLED_LOW_TPS | Son Hız: 148.3) -> Optuna bu seti cezalandırdı (Skor: 0)
[I 2026-07-10 02:23:57,122] Trial 936 finished with value: 0.0 and parameters: {'b': 2048, 'ub': 512, 'ngl': 28, 'ngld': 3, 'spec_n': 4, 'moe': 4, 't': 12, 'tb': 8}. Best is trial 0 with value: 0.0.

════════════════════════════════════════════════════════════════════════════════
🤖 OPTUNA DENEMESİ [#938 / 1000] BAŞLIYOR...
🧪 Test Edilen Set: B:2048 | UB:1024 | NGL:24 | DRAFT:5 | MTP:3 | MOE:2 | T:6 | TB:16
      🔍 [Watchdog] Anlık Hız: 211.78 tok/s
      🔍 [Watchdog] Anlık Hız: 142.33 tok/s
   💀 BAŞARISIZ! (Sebep: KILLED_LOW_TPS | Son Hız: 142.3) -> Optuna bu seti cezalandırdı (Skor: 0)
[I 2026-07-10 02:24:33,652] Trial 937 finished with value: 0.0 and parameters: {'b': 2048, 'ub': 1024, 'ngl': 24, 'ngld': 5, 'spec_n': 3, 'moe': 2, 't': 6, 'tb': 16}. Best is trial 0 with value: 0.0.

════════════════════════════════════════════════════════════════════════════════
🤖 OPTUNA DENEMESİ [#939 / 1000] BAŞLIYOR...
🧪 Test Edilen Set: B:2048 | UB:2048 | NGL:20 | DRAFT:7 | MTP:2 | MOE:10 | T:3 | TB:24
      🔍 [Watchdog] Anlık Hız: 219.14 tok/s
      🔍 [Watchdog] Anlık Hız: 162.32 tok/s
   💀 BAŞARISIZ! (Sebep: KILLED_LOW_TPS | Son Hız: 162.3) -> Optuna bu seti cezalandırdı (Skor: 0)
