[I 2026-07-10 02:25:07,066] Trial 938 finished with value: 0.0 and parameters: {'b': 2048, 'ub': 2048, 'ngl': 20, 'ngld': 7, 'spec_n': 2, 'moe': 10, 't': 3, 'tb': 24}. Best is trial 0 with value: 0.0.

════════════════════════════════════════════════════════════════════════════════
🤖 OPTUNA DENEMESİ [#940 / 1000] BAŞLIYOR...
🧪 Test Edilen Set: B:2048 | UB:512 | NGL:28 | DRAFT:5 | MTP:4 | MOE:0 | T:12 | TB:16
      🔍 [Watchdog] Anlık Hız: 213.69 tok/s
      🔍 [Watchdog] Anlık Hız: 157.82 tok/s
   💀 BAŞARISIZ! (Sebep: KILLED_LOW_TPS | Son Hız: 157.8) -> Optuna bu seti cezalandırdı (Skor: 0)
[I 2026-07-10 02:25:40,401] Trial 939 finished with value: 0.0 and parameters: {'b': 2048, 'ub': 512, 'ngl': 28, 'ngld': 5, 'spec_n': 4, 'moe': 0, 't': 12, 'tb': 16}. Best is trial 0 with value: 0.0.

════════════════════════════════════════════════════════════════════════════════
🤖 OPTUNA DENEMESİ [#941 / 1000] BAŞLIYOR...
🧪 Test Edilen Set: B:2048 | UB:2048 | NGL:20 | DRAFT:1 | MTP:2 | MOE:4 | T:6 | TB:16
      🔍 [Watchdog] Anlık Hız: 189.91 tok/s
   💀 BAŞARISIZ! (Sebep: KILLED_LOW_TPS | Son Hız: 189.9) -> Optuna bu seti cezalandırdı (Skor: 0)
[I 2026-07-10 02:25:59,151] Trial 940 finished with value: 0.0 and parameters: {'b': 2048, 'ub': 2048, 'ngl': 20, 'ngld': 1, 'spec_n': 2, 'moe': 4, 't': 6, 'tb': 16}. Best is trial 0 with value: 0.0.

════════════════════════════════════════════════════════════════════════════════
🤖 OPTUNA DENEMESİ [#942 / 1000] BAŞLIYOR...
🧪 Test Edilen Set: B:2048 | UB:1024 | NGL:28 | DRAFT:9 | MTP:4 | MOE:2 | T:3 | TB:24
      🔍 [Watchdog] Anlık Hız: 242.87 tok/s
      🔍 [Watchdog] Anlık Hız: 178.54 tok/s
   💀 BAŞARISIZ! (Sebep: KILLED_LOW_TPS | Son Hız: 178.5) -> Optuna bu seti cezalandırdı (Skor: 0)
[I 2026-07-10 02:26:29,386] Trial 941 finished with value: 0.0 and parameters: {'b': 2048, 'ub': 1024, 'ngl': 28, 'ngld': 9, 'spec_n': 4, 'moe': 2, 't': 3, 'tb': 24}. Best is trial 0 with value: 0.0.

════════════════════════════════════════════════════════════════════════════════
🤖 OPTUNA DENEMESİ [#943 / 1000] BAŞLIYOR...
🧪 Test Edilen Set: B:2048 | UB:512 | NGL:24 | DRAFT:5 | MTP:2 | MOE:8 | T:12 | TB:8
      🔍 [Watchdog] Anlık Hız: 140.57 tok/s
   💀 BAŞARISIZ! (Sebep: KILLED_LOW_TPS | Son Hız: 140.6) -> Optuna bu seti cezalandırdı (Skor: 0)
[I 2026-07-10 02:26:51,289] Trial 942 finished with value: 0.0 and parameters: {'b': 2048, 'ub': 512, 'ngl': 24, 'ngld': 5, 'spec_n': 2, 'moe': 8, 't': 12, 'tb': 8}. Best is trial 0 with value: 0.0.

════════════════════════════════════════════════════════════════════════════════
🤖 OPTUNA DENEMESİ [#944 / 1000] BAŞLIYOR...
🧪 Test Edilen Set: B:2048 | UB:2048 | NGL:28 | DRAFT:3 | MTP:3 | MOE:10 | T:6 | TB:16
      🔍 [Watchdog] Anlık Hız: 205.64 tok/s
      🔍 [Watchdog] Anlık Hız: 153.22 tok/s
   💀 BAŞARISIZ! (Sebep: KILLED_LOW_TPS | Son Hız: 153.2) -> Optuna bu seti cezalandırdı (Skor: 0)
[I 2026-07-10 02:27:25,682] Trial 943 finished with value: 0.0 and parameters: {'b': 2048, 'ub': 2048, 'ngl': 28, 'ngld': 3, 'spec_n': 3, 'moe': 10, 't': 6, 'tb': 16}. Best is trial 0 with value: 0.0.

════════════════════════════════════════════════════════════════════════════════
🤖 OPTUNA DENEMESİ [#945 / 1000] BAŞLIYOR...
🧪 Test Edilen Set: B:2048 | UB:1024 | NGL:20 | DRAFT:1 | MTP:2 | MOE:4 | T:3 | TB:24
      🔍 [Watchdog] Anlık Hız: 231.08 tok/s
      🔍 [Watchdog] Anlık Hız: 171.35 tok/s
   💀 BAŞARISIZ! (Sebep: KILLED_LOW_TPS | Son Hız: 171.3) -> Optuna bu seti cezalandırdı (Skor: 0)
[I 2026-07-10 02:27:56,911] Trial 944 finished with value: 0.0 and parameters: {'b': 2048, 'ub': 1024, 'ngl': 20, 'ngld': 1, 'spec_n': 2, 'moe': 4, 't': 3, 'tb': 24}. Best is trial 0 with value: 0.0.

════════════════════════════════════════════════════════════════════════════════
🤖 OPTUNA DENEMESİ [#946 / 1000] BAŞLIYOR...
🧪 Test Edilen Set: B:2048 | UB:512 | NGL:28 | DRAFT:5 | MTP:4 | MOE:2 | T:12 | TB:16
      🔍 [Watchdog] Anlık Hız: 214.94 tok/s
      🔍 [Watchdog] Anlık Hız: 158.74 tok/s
   💀 BAŞARISIZ! (Sebep: KILLED_LOW_TPS | Son Hız: 158.7) -> Optuna bu seti cezalandırdı (Skor: 0)
[I 2026-07-10 02:28:30,237] Trial 945 finished with value: 0.0 and parameters: {'b': 2048, 'ub': 512, 'ngl': 28, 'ngld': 5, 'spec_n': 4, 'moe': 2, 't': 12, 'tb': 16}. Best is trial 0 with value: 0.0.

════════════════════════════════════════════════════════════════════════════════
🤖 OPTUNA DENEMESİ [#947 / 1000] BAŞLIYOR...
🧪 Test Edilen Set: B:2048 | UB:2048 | NGL:28 | DRAFT:7 | MTP:2 | MOE:10 | T:6 | TB:8
      🔍 [Watchdog] Anlık Hız: 141.91 tok/s
   💀 BAŞARISIZ! (Sebep: KILLED_LOW_TPS | Son Hız: 141.9) -> Optuna bu seti cezalandırdı (Skor: 0)
[I 2026-07-10 02:28:52,105] Trial 946 finished with value: 0.0 and parameters: {'b': 2048, 'ub': 2048, 'ngl': 28, 'ngld': 7, 'spec_n': 2, 'moe': 10, 't': 6, 'tb': 8}. Best is trial 0 with value: 0.0.

════════════════════════════════════════════════════════════════════════════════
🤖 OPTUNA DENEMESİ [#948 / 1000] BAŞLIYOR...
🧪 Test Edilen Set: B:2048 | UB:1024 | NGL:20 | DRAFT:5 | MTP:4 | MOE:0 | T:3 | TB:24
      🔍 [Watchdog] Anlık Hız: 231.11 tok/s
      🔍 [Watchdog] Anlık Hız: 172.39 tok/s
   💀 BAŞARISIZ! (Sebep: KILLED_LOW_TPS | Son Hız: 172.4) -> Optuna bu seti cezalandırdı (Skor: 0)
[I 2026-07-10 02:29:23,205] Trial 947 finished with value: 0.0 and parameters: {'b': 2048, 'ub': 1024, 'ngl': 20, 'ngld': 5, 'spec_n': 4, 'moe': 0, 't': 3, 'tb': 24}. Best is trial 0 with value: 0.0.

════════════════════════════════════════════════════════════════════════════════
🤖 OPTUNA DENEMESİ [#949 / 1000] BAŞLIYOR...
🧪 Test Edilen Set: B:2048 | UB:512 | NGL:24 | DRAFT:1 | MTP:3 | MOE:4 | T:12 | TB:16
      🔍 [Watchdog] Anlık Hız: 205.38 tok/s
      🔍 [Watchdog] Anlık Hız: 150.70 tok/s
   💀 BAŞARISIZ! (Sebep: KILLED_LOW_TPS | Son Hız: 150.7) -> Optuna bu seti cezalandırdı (Skor: 0)
[I 2026-07-10 02:29:57,614] Trial 948 finished with value: 0.0 and parameters: {'b': 2048, 'ub': 512, 'ngl': 24, 'ngld': 1, 'spec_n': 3, 'moe': 4, 't': 12, 'tb': 16}. Best is trial 0 with value: 0.0.

════════════════════════════════════════════════════════════════════════════════
🤖 OPTUNA DENEMESİ [#950 / 1000] BAŞLIYOR...
🧪 Test Edilen Set: B:2048 | UB:2048 | NGL:28 | DRAFT:5 | MTP:2 | MOE:2 | T:6 | TB:16
   💀 BAŞARISIZ! (Sebep: CRASH_OR_TIMEOUT | Son Hız: 0.0) -> Optuna bu seti cezalandırdı (Skor: 0)
[I 2026-07-10 02:30:03,896] Trial 949 finished with value: 0.0 and parameters: {'b': 2048, 'ub': 2048, 'ngl': 28, 'ngld': 5, 'spec_n': 2, 'moe': 2, 't': 6, 'tb': 16}. Best is trial 0 with value: 0.0.

════════════════════════════════════════════════════════════════════════════════
🤖 OPTUNA DENEMESİ [#951 / 1000] BAŞLIYOR...
🧪 Test Edilen Set: B:2048 | UB:1024 | NGL:20 | DRAFT:9 | MTP:4 | MOE:8 | T:3 | TB:24
      🔍 [Watchdog] Anlık Hız: 229.64 tok/s
      🔍 [Watchdog] Anlık Hız: 166.94 tok/s
   💀 BAŞARISIZ! (Sebep: KILLED_LOW_TPS | Son Hız: 166.9) -> Optuna bu seti cezalandırdı (Skor: 0)
[I 2026-07-10 02:30:36,208] Trial 950 finished with value: 0.0 and parameters: {'b': 2048, 'ub': 1024, 'ngl': 20, 'ngld': 9, 'spec_n': 4, 'moe': 8, 't': 3, 'tb': 24}. Best is trial 0 with value: 0.0.

════════════════════════════════════════════════════════════════════════════════
🤖 OPTUNA DENEMESİ [#952 / 1000] BAŞLIYOR...
🧪 Test Edilen Set: B:2048 | UB:512 | NGL:28 | DRAFT:3 | MTP:2 | MOE:10 | T:12 | TB:16
      🔍 [Watchdog] Anlık Hız: 201.03 tok/s
      🔍 [Watchdog] Anlık Hız: 149.02 tok/s
   💀 BAŞARISIZ! (Sebep: KILLED_LOW_TPS | Son Hız: 149.0) -> Optuna bu seti cezalandırdı (Skor: 0)
[I 2026-07-10 02:31:10,623] Trial 951 finished with value: 0.0 and parameters: {'b': 2048, 'ub': 512, 'ngl': 28, 'ngld': 3, 'spec_n': 2, 'moe': 10, 't': 12, 'tb': 16}. Best is trial 0 with value: 0.0.

════════════════════════════════════════════════════════════════════════════════
🤖 OPTUNA DENEMESİ [#953 / 1000] BAŞLIYOR...
🧪 Test Edilen Set: B:2048 | UB:2048 | NGL:28 | DRAFT:1 | MTP:2 | MOE:2 | T:6 | TB:8
   💀 BAŞARISIZ! (Sebep: CRASH_OR_TIMEOUT | Son Hız: 0.0) -> Optuna bu seti cezalandırdı (Skor: 0)
[I 2026-07-10 02:31:16,898] Trial 952 finished with value: 0.0 and parameters: {'b': 2048, 'ub': 2048, 'ngl': 28, 'ngld': 1, 'spec_n': 2, 'moe': 2, 't': 6, 'tb': 8}. Best is trial 0 with value: 0.0.

════════════════════════════════════════════════════════════════════════════════
🤖 OPTUNA DENEMESİ [#954 / 1000] BAŞLIYOR...
🧪 Test Edilen Set: B:2048 | UB:1024 | NGL:20 | DRAFT:5 | MTP:4 | MOE:4 | T:12 | TB:24
      🔍 [Watchdog] Anlık Hız: 228.98 tok/s
      🔍 [Watchdog] Anlık Hız: 171.88 tok/s
   💀 BAŞARISIZ! (Sebep: KILLED_LOW_TPS | Son Hız: 171.9) -> Optuna bu seti cezalandırdı (Skor: 0)
[I 2026-07-10 02:31:48,095] Trial 953 finished with value: 0.0 and parameters: {'b': 2048, 'ub': 1024, 'ngl': 20, 'ngld': 5, 'spec_n': 4, 'moe': 4, 't': 12, 'tb': 24}. Best is trial 0 with value: 0.0.

════════════════════════════════════════════════════════════════════════════════
🤖 OPTUNA DENEMESİ [#955 / 1000] BAŞLIYOR...
🧪 Test Edilen Set: B:2048 | UB:2048 | NGL:24 | DRAFT:7 | MTP:3 | MOE:0 | T:3 | TB:16
      🔍 [Watchdog] Anlık Hız: 208.88 tok/s
      🔍 [Watchdog] Anlık Hız: 153.78 tok/s
   💀 BAŞARISIZ! (Sebep: KILLED_LOW_TPS | Son Hız: 153.8) -> Optuna bu seti cezalandırdı (Skor: 0)
[I 2026-07-10 02:32:22,488] Trial 954 finished with value: 0.0 and parameters: {'b': 2048, 'ub': 2048, 'ngl': 24, 'ngld': 7, 'spec_n': 3, 'moe': 0, 't': 3, 'tb': 16}. Best is trial 0 with value: 0.0.

════════════════════════════════════════════════════════════════════════════════
🤖 OPTUNA DENEMESİ [#956 / 1000] BAŞLIYOR...
🧪 Test Edilen Set: B:2048 | UB:512 | NGL:28 | DRAFT:9 | MTP:2 | MOE:4 | T:6 | TB:24
      🔍 [Watchdog] Anlık Hız: 236.14 tok/s
      🔍 [Watchdog] Anlık Hız: 175.16 tok/s
   💀 BAŞARISIZ! (Sebep: KILLED_LOW_TPS | Son Hız: 175.2) -> Optuna bu seti cezalandırdı (Skor: 0)
[I 2026-07-10 02:32:52,738] Trial 955 finished with value: 0.0 and parameters: {'b': 2048, 'ub': 512, 'ngl': 28, 'ngld': 9, 'spec_n': 2, 'moe': 4, 't': 6, 'tb': 24}. Best is trial 0 with value: 0.0.

════════════════════════════════════════════════════════════════════════════════
🤖 OPTUNA DENEMESİ [#957 / 1000] BAŞLIYOR...
🧪 Test Edilen Set: B:2048 | UB:1024 | NGL:20 | DRAFT:5 | MTP:4 | MOE:10 | T:12 | TB:16
      🔍 [Watchdog] Anlık Hız: 204.41 tok/s
      🔍 [Watchdog] Anlık Hız: 146.90 tok/s
   💀 BAŞARISIZ! (Sebep: KILLED_LOW_TPS | Son Hız: 146.9) -> Optuna bu seti cezalandırdı (Skor: 0)
[I 2026-07-10 02:33:28,169] Trial 956 finished with value: 0.0 and parameters: {'b': 2048, 'ub': 1024, 'ngl': 20, 'ngld': 5, 'spec_n': 4, 'moe': 10, 't': 12, 'tb': 16}. Best is trial 0 with value: 0.0.

════════════════════════════════════════════════════════════════════════════════
🤖 OPTUNA DENEMESİ [#958 / 1000] BAŞLIYOR...
🧪 Test Edilen Set: B:2048 | UB:2048 | NGL:28 | DRAFT:1 | MTP:2 | MOE:8 | T:3 | TB:8
      🔍 [Watchdog] Anlık Hız: 142.56 tok/s
   💀 BAŞARISIZ! (Sebep: KILLED_LOW_TPS | Son Hız: 142.6) -> Optuna bu seti cezalandırdı (Skor: 0)
[I 2026-07-10 02:33:50,028] Trial 957 finished with value: 0.0 and parameters: {'b': 2048, 'ub': 2048, 'ngl': 28, 'ngld': 1, 'spec_n': 2, 'moe': 8, 't': 3, 'tb': 8}. Best is trial 0 with value: 0.0.

════════════════════════════════════════════════════════════════════════════════
🤖 OPTUNA DENEMESİ [#959 / 1000] BAŞLIYOR...
🧪 Test Edilen Set: B:2048 | UB:512 | NGL:24 | DRAFT:3 | MTP:3 | MOE:2 | T:6 | TB:24
      🔍 [Watchdog] Anlık Hız: 227.66 tok/s
      🔍 [Watchdog] Anlık Hız: 170.97 tok/s
   💀 BAŞARISIZ! (Sebep: KILLED_LOW_TPS | Son Hız: 171.0) -> Optuna bu seti cezalandırdı (Skor: 0)
[I 2026-07-10 02:34:21,995] Trial 958 finished with value: 0.0 and parameters: {'b': 2048, 'ub': 512, 'ngl': 24, 'ngld': 3, 'spec_n': 3, 'moe': 2, 't': 6, 'tb': 24}. Best is trial 0 with value: 0.0.

════════════════════════════════════════════════════════════════════════════════
🤖 OPTUNA DENEMESİ [#960 / 1000] BAŞLIYOR...
🧪 Test Edilen Set: B:2048 | UB:1024 | NGL:28 | DRAFT:5 | MTP:4 | MOE:4 | T:12 | TB:16
      🔍 [Watchdog] Anlık Hız: 215.30 tok/s
      🔍 [Watchdog] Anlık Hız: 159.11 tok/s
   💀 BAŞARISIZ! (Sebep: KILLED_LOW_TPS | Son Hız: 159.1) -> Optuna bu seti cezalandırdı (Skor: 0)
[I 2026-07-10 02:34:55,311] Trial 959 finished with value: 0.0 and parameters: {'b': 2048, 'ub': 1024, 'ngl': 28, 'ngld': 5, 'spec_n': 4, 'moe': 4, 't': 12, 'tb': 16}. Best is trial 0 with value: 0.0.

════════════════════════════════════════════════════════════════════════════════
🤖 OPTUNA DENEMESİ [#961 / 1000] BAŞLIYOR...
🧪 Test Edilen Set: B:2048 | UB:2048 | NGL:20 | DRAFT:1 | MTP:2 | MOE:10 | T:3 | TB:16
      🔍 [Watchdog] Anlık Hız: 199.09 tok/s
   💀 BAŞARISIZ! (Sebep: KILLED_LOW_TPS | Son Hız: 199.1) -> Optuna bu seti cezalandırdı (Skor: 0)
[I 2026-07-10 02:35:13,067] Trial 960 finished with value: 0.0 and parameters: {'b': 2048, 'ub': 2048, 'ngl': 20, 'ngld': 1, 'spec_n': 2, 'moe': 10, 't': 3, 'tb': 16}. Best is trial 0 with value: 0.0.

════════════════════════════════════════════════════════════════════════════════
🤖 OPTUNA DENEMESİ [#962 / 1000] BAŞLIYOR...
🧪 Test Edilen Set: B:2048 | UB:512 | NGL:28 | DRAFT:7 | MTP:4 | MOE:0 | T:12 | TB:24
      🔍 [Watchdog] Anlık Hız: 238.71 tok/s
      🔍 [Watchdog] Anlık Hız: 177.05 tok/s
   💀 BAŞARISIZ! (Sebep: KILLED_LOW_TPS | Son Hız: 177.1) -> Optuna bu seti cezalandırdı (Skor: 0)
[I 2026-07-10 02:35:43,140] Trial 961 finished with value: 0.0 and parameters: {'b': 2048, 'ub': 512, 'ngl': 28, 'ngld': 7, 'spec_n': 4, 'moe': 0, 't': 12, 'tb': 24}. Best is trial 0 with value: 0.0.

════════════════════════════════════════════════════════════════════════════════
🤖 OPTUNA DENEMESİ [#963 / 1000] BAŞLIYOR...
🧪 Test Edilen Set: B:2048 | UB:1024 | NGL:20 | DRAFT:5 | MTP:2 | MOE:2 | T:6 | TB:16
      🔍 [Watchdog] Anlık Hız: 203.80 tok/s
      🔍 [Watchdog] Anlık Hız: 150.48 tok/s
   💀 BAŞARISIZ! (Sebep: KILLED_LOW_TPS | Son Hız: 150.5) -> Optuna bu seti cezalandırdı (Skor: 0)
[I 2026-07-10 02:36:17,547] Trial 962 finished with value: 0.0 and parameters: {'b': 2048, 'ub': 1024, 'ngl': 20, 'ngld': 5, 'spec_n': 2, 'moe': 2, 't': 6, 'tb': 16}. Best is trial 0 with value: 0.0.

════════════════════════════════════════════════════════════════════════════════
🤖 OPTUNA DENEMESİ [#964 / 1000] BAŞLIYOR...
🧪 Test Edilen Set: B:2048 | UB:2048 | NGL:28 | DRAFT:9 | MTP:2 | MOE:4 | T:3 | TB:8
      🔍 [Watchdog] Anlık Hız: 143.71 tok/s
   💀 BAŞARISIZ! (Sebep: KILLED_LOW_TPS | Son Hız: 143.7) -> Optuna bu seti cezalandırdı (Skor: 0)
[I 2026-07-10 02:36:39,433] Trial 963 finished with value: 0.0 and parameters: {'b': 2048, 'ub': 2048, 'ngl': 28, 'ngld': 9, 'spec_n': 2, 'moe': 4, 't': 3, 'tb': 8}. Best is trial 0 with value: 0.0.

════════════════════════════════════════════════════════════════════════════════
🤖 OPTUNA DENEMESİ [#965 / 1000] BAŞLIYOR...
🧪 Test Edilen Set: B:2048 | UB:512 | NGL:24 | DRAFT:5 | MTP:3 | MOE:10 | T:12 | TB:24
      🔍 [Watchdog] Anlık Hız: 219.74 tok/s
      🔍 [Watchdog] Anlık Hız: 166.93 tok/s
   💀 BAŞARISIZ! (Sebep: KILLED_LOW_TPS | Son Hız: 166.9) -> Optuna bu seti cezalandırdı (Skor: 0)
[I 2026-07-10 02:37:11,467] Trial 964 finished with value: 0.0 and parameters: {'b': 2048, 'ub': 512, 'ngl': 24, 'ngld': 5, 'spec_n': 3, 'moe': 10, 't': 12, 'tb': 24}. Best is trial 0 with value: 0.0.

════════════════════════════════════════════════════════════════════════════════
🤖 OPTUNA DENEMESİ [#966 / 1000] BAŞLIYOR...
🧪 Test Edilen Set: B:2048 | UB:1024 | NGL:28 | DRAFT:1 | MTP:4 | MOE:8 | T:6 | TB:16
      🔍 [Watchdog] Anlık Hız: 199.70 tok/s
   💀 BAŞARISIZ! (Sebep: KILLED_LOW_TPS | Son Hız: 199.7) -> Optuna bu seti cezalandırdı (Skor: 0)
[I 2026-07-10 02:37:29,191] Trial 965 finished with value: 0.0 and parameters: {'b': 2048, 'ub': 1024, 'ngl': 28, 'ngld': 1, 'spec_n': 4, 'moe': 8, 't': 6, 'tb': 16}. Best is trial 0 with value: 0.0.

════════════════════════════════════════════════════════════════════════════════
🤖 OPTUNA DENEMESİ [#967 / 1000] BAŞLIYOR...
🧪 Test Edilen Set: B:2048 | UB:2048 | NGL:20 | DRAFT:3 | MTP:2 | MOE:4 | T:3 | TB:24
      🔍 [Watchdog] Anlık Hız: 219.34 tok/s
      🔍 [Watchdog] Anlık Hız: 166.25 tok/s
   💀 BAŞARISIZ! (Sebep: KILLED_LOW_TPS | Son Hız: 166.2) -> Optuna bu seti cezalandırdı (Skor: 0)
[I 2026-07-10 02:38:02,767] Trial 966 finished with value: 0.0 and parameters: {'b': 2048, 'ub': 2048, 'ngl': 20, 'ngld': 3, 'spec_n': 2, 'moe': 4, 't': 3, 'tb': 24}. Best is trial 0 with value: 0.0.

════════════════════════════════════════════════════════════════════════════════
🤖 OPTUNA DENEMESİ [#968 / 1000] BAŞLIYOR...
🧪 Test Edilen Set: B:2048 | UB:512 | NGL:28 | DRAFT:5 | MTP:4 | MOE:2 | T:12 | TB:16
      🔍 [Watchdog] Anlık Hız: 216.84 tok/s
      🔍 [Watchdog] Anlık Hız: 155.54 tok/s
   💀 BAŞARISIZ! (Sebep: KILLED_LOW_TPS | Son Hız: 155.5) -> Optuna bu seti cezalandırdı (Skor: 0)
[I 2026-07-10 02:38:36,112] Trial 967 finished with value: 0.0 and parameters: {'b': 2048, 'ub': 512, 'ngl': 28, 'ngld': 5, 'spec_n': 4, 'moe': 2, 't': 12, 'tb': 16}. Best is trial 0 with value: 0.0.

════════════════════════════════════════════════════════════════════════════════
🤖 OPTUNA DENEMESİ [#969 / 1000] BAŞLIYOR...
🧪 Test Edilen Set: B:2048 | UB:2048 | NGL:20 | DRAFT:7 | MTP:2 | MOE:10 | T:6 | TB:8
      🔍 [Watchdog] Anlık Hız: 140.81 tok/s
   💀 BAŞARISIZ! (Sebep: KILLED_LOW_TPS | Son Hız: 140.8) -> Optuna bu seti cezalandırdı (Skor: 0)
[I 2026-07-10 02:38:59,030] Trial 968 finished with value: 0.0 and parameters: {'b': 2048, 'ub': 2048, 'ngl': 20, 'ngld': 7, 'spec_n': 2, 'moe': 10, 't': 6, 'tb': 8}. Best is trial 0 with value: 0.0.

════════════════════════════════════════════════════════════════════════════════
🤖 OPTUNA DENEMESİ [#970 / 1000] BAŞLIYOR...
🧪 Test Edilen Set: B:2048 | UB:1024 | NGL:28 | DRAFT:1 | MTP:3 | MOE:0 | T:3 | TB:16
      🔍 [Watchdog] Anlık Hız: 216.74 tok/s
      🔍 [Watchdog] Anlık Hız: 160.23 tok/s
   💀 BAŞARISIZ! (Sebep: KILLED_LOW_TPS | Son Hız: 160.2) -> Optuna bu seti cezalandırdı (Skor: 0)
[I 2026-07-10 02:39:32,374] Trial 969 finished with value: 0.0 and parameters: {'b': 2048, 'ub': 1024, 'ngl': 28, 'ngld': 1, 'spec_n': 3, 'moe': 0, 't': 3, 'tb': 16}. Best is trial 0 with value: 0.0.

════════════════════════════════════════════════════════════════════════════════
🤖 OPTUNA DENEMESİ [#971 / 1000] BAŞLIYOR...
🧪 Test Edilen Set: B:2048 | UB:512 | NGL:24 | DRAFT:5 | MTP:4 | MOE:4 | T:12 | TB:24
      🔍 [Watchdog] Anlık Hız: 226.60 tok/s
      🔍 [Watchdog] Anlık Hız: 170.58 tok/s
   💀 BAŞARISIZ! (Sebep: KILLED_LOW_TPS | Son Hız: 170.6) -> Optuna bu seti cezalandırdı (Skor: 0)
[I 2026-07-10 02:40:03,497] Trial 970 finished with value: 0.0 and parameters: {'b': 2048, 'ub': 512, 'ngl': 24, 'ngld': 5, 'spec_n': 4, 'moe': 4, 't': 12, 'tb': 24}. Best is trial 0 with value: 0.0.

════════════════════════════════════════════════════════════════════════════════
🤖 OPTUNA DENEMESİ [#972 / 1000] BAŞLIYOR...
🧪 Test Edilen Set: B:2048 | UB:2048 | NGL:28 | DRAFT:9 | MTP:2 | MOE:2 | T:6 | TB:16
   💀 BAŞARISIZ! (Sebep: CRASH_OR_TIMEOUT | Son Hız: 0.0) -> Optuna bu seti cezalandırdı (Skor: 0)
[I 2026-07-10 02:40:09,779] Trial 971 finished with value: 0.0 and parameters: {'b': 2048, 'ub': 2048, 'ngl': 28, 'ngld': 9, 'spec_n': 2, 'moe': 2, 't': 6, 'tb': 16}. Best is trial 0 with value: 0.0.

════════════════════════════════════════════════════════════════════════════════
🤖 OPTUNA DENEMESİ [#973 / 1000] BAŞLIYOR...
🧪 Test Edilen Set: B:2048 | UB:1024 | NGL:20 | DRAFT:5 | MTP:2 | MOE:8 | T:3 | TB:24
      🔍 [Watchdog] Anlık Hız: 229.40 tok/s
      🔍 [Watchdog] Anlık Hız: 170.21 tok/s
   💀 BAŞARISIZ! (Sebep: KILLED_LOW_TPS | Son Hız: 170.2) -> Optuna bu seti cezalandırdı (Skor: 0)
[I 2026-07-10 02:40:42,114] Trial 972 finished with value: 0.0 and parameters: {'b': 2048, 'ub': 1024, 'ngl': 20, 'ngld': 5, 'spec_n': 2, 'moe': 8, 't': 3, 'tb': 24}. Best is trial 0 with value: 0.0.

════════════════════════════════════════════════════════════════════════════════
🤖 OPTUNA DENEMESİ [#974 / 1000] BAŞLIYOR...
🧪 Test Edilen Set: B:2048 | UB:512 | NGL:28 | DRAFT:3 | MTP:4 | MOE:10 | T:12 | TB:16
      🔍 [Watchdog] Anlık Hız: 200.34 tok/s
      🔍 [Watchdog] Anlık Hız: 147.93 tok/s
   💀 BAŞARISIZ! (Sebep: KILLED_LOW_TPS | Son Hız: 147.9) -> Optuna bu seti cezalandırdı (Skor: 0)
[I 2026-07-10 02:41:17,582] Trial 973 finished with value: 0.0 and parameters: {'b': 2048, 'ub': 512, 'ngl': 28, 'ngld': 3, 'spec_n': 4, 'moe': 10, 't': 12, 'tb': 16}. Best is trial 0 with value: 0.0.

════════════════════════════════════════════════════════════════════════════════
🤖 OPTUNA DENEMESİ [#975 / 1000] BAŞLIYOR...
🧪 Test Edilen Set: B:2048 | UB:2048 | NGL:20 | DRAFT:1 | MTP:2 | MOE:4 | T:6 | TB:8
      🔍 [Watchdog] Anlık Hız: 141.48 tok/s
   💀 BAŞARISIZ! (Sebep: KILLED_LOW_TPS | Son Hız: 141.5) -> Optuna bu seti cezalandırdı (Skor: 0)
[I 2026-07-10 02:41:39,468] Trial 974 finished with value: 0.0 and parameters: {'b': 2048, 'ub': 2048, 'ngl': 20, 'ngld': 1, 'spec_n': 2, 'moe': 4, 't': 6, 'tb': 8}. Best is trial 0 with value: 0.0.

════════════════════════════════════════════════════════════════════════════════
🤖 OPTUNA DENEMESİ [#976 / 1000] BAŞLIYOR...
🧪 Test Edilen Set: B:2048 | UB:1024 | NGL:24 | DRAFT:5 | MTP:3 | MOE:2 | T:3 | TB:24
      🔍 [Watchdog] Anlık Hız: 235.61 tok/s
      🔍 [Watchdog] Anlık Hız: 174.61 tok/s
   💀 BAŞARISIZ! (Sebep: KILLED_LOW_TPS | Son Hız: 174.6) -> Optuna bu seti cezalandırdı (Skor: 0)
[I 2026-07-10 02:42:10,655] Trial 975 finished with value: 0.0 and parameters: {'b': 2048, 'ub': 1024, 'ngl': 24, 'ngld': 5, 'spec_n': 3, 'moe': 2, 't': 3, 'tb': 24}. Best is trial 0 with value: 0.0.

════════════════════════════════════════════════════════════════════════════════
🤖 OPTUNA DENEMESİ [#977 / 1000] BAŞLIYOR...
🧪 Test Edilen Set: B:2048 | UB:512 | NGL:28 | DRAFT:7 | MTP:4 | MOE:0 | T:12 | TB:16
      🔍 [Watchdog] Anlık Hız: 213.77 tok/s
      🔍 [Watchdog] Anlık Hız: 154.31 tok/s
   💀 BAŞARISIZ! (Sebep: KILLED_LOW_TPS | Son Hız: 154.3) -> Optuna bu seti cezalandırdı (Skor: 0)
