[I 2026-07-09 23:09:08,712] Trial 524 finished with value: 0.0 and parameters: {'b': 2048, 'ub': 1024, 'ngl': 28, 'ngld': 5, 'spec_n': 4, 'moe': 4, 't': 12, 'tb': 16}. Best is trial 0 with value: 0.0.

════════════════════════════════════════════════════════════════════════════════
🤖 OPTUNA DENEMESİ [#526 / 1000] BAŞLIYOR...
🧪 Test Edilen Set: B:2048 | UB:2048 | NGL:20 | DRAFT:7 | MTP:2 | MOE:10 | T:3 | TB:16
      🔍 [Watchdog] Anlık Hız: 194.85 tok/s
   💀 BAŞARISIZ! (Sebep: KILLED_LOW_TPS | Son Hız: 194.8) -> Optuna bu seti cezalandırdı (Skor: 0)
[I 2026-07-09 23:09:27,497] Trial 525 finished with value: 0.0 and parameters: {'b': 2048, 'ub': 2048, 'ngl': 20, 'ngld': 7, 'spec_n': 2, 'moe': 10, 't': 3, 'tb': 16}. Best is trial 0 with value: 0.0.

════════════════════════════════════════════════════════════════════════════════
🤖 OPTUNA DENEMESİ [#527 / 1000] BAŞLIYOR...
🧪 Test Edilen Set: B:2048 | UB:512 | NGL:28 | DRAFT:1 | MTP:4 | MOE:0 | T:12 | TB:24
      🔍 [Watchdog] Anlık Hız: 237.22 tok/s
      🔍 [Watchdog] Anlık Hız: 175.97 tok/s
   💀 BAŞARISIZ! (Sebep: KILLED_LOW_TPS | Son Hız: 176.0) -> Optuna bu seti cezalandırdı (Skor: 0)
[I 2026-07-09 23:09:57,641] Trial 526 finished with value: 0.0 and parameters: {'b': 2048, 'ub': 512, 'ngl': 28, 'ngld': 1, 'spec_n': 4, 'moe': 0, 't': 12, 'tb': 24}. Best is trial 0 with value: 0.0.

════════════════════════════════════════════════════════════════════════════════
🤖 OPTUNA DENEMESİ [#528 / 1000] BAŞLIYOR...
🧪 Test Edilen Set: B:2048 | UB:1024 | NGL:20 | DRAFT:5 | MTP:2 | MOE:2 | T:6 | TB:8
      🔍 [Watchdog] Anlık Hız: 147.90 tok/s
   💀 BAŞARISIZ! (Sebep: KILLED_LOW_TPS | Son Hız: 147.9) -> Optuna bu seti cezalandırdı (Skor: 0)
[I 2026-07-09 23:10:19,450] Trial 527 finished with value: 0.0 and parameters: {'b': 2048, 'ub': 1024, 'ngl': 20, 'ngld': 5, 'spec_n': 2, 'moe': 2, 't': 6, 'tb': 8}. Best is trial 0 with value: 0.0.

════════════════════════════════════════════════════════════════════════════════
🤖 OPTUNA DENEMESİ [#529 / 1000] BAŞLIYOR...
🧪 Test Edilen Set: B:2048 | UB:2048 | NGL:28 | DRAFT:9 | MTP:3 | MOE:4 | T:3 | TB:16
      🔍 [Watchdog] Anlık Hız: 205.91 tok/s
      🔍 [Watchdog] Anlık Hız: 152.94 tok/s
   💀 BAŞARISIZ! (Sebep: KILLED_LOW_TPS | Son Hız: 152.9) -> Optuna bu seti cezalandırdı (Skor: 0)
[I 2026-07-09 23:10:53,781] Trial 528 finished with value: 0.0 and parameters: {'b': 2048, 'ub': 2048, 'ngl': 28, 'ngld': 9, 'spec_n': 3, 'moe': 4, 't': 3, 'tb': 16}. Best is trial 0 with value: 0.0.

════════════════════════════════════════════════════════════════════════════════
🤖 OPTUNA DENEMESİ [#530 / 1000] BAŞLIYOR...
🧪 Test Edilen Set: B:2048 | UB:512 | NGL:24 | DRAFT:3 | MTP:2 | MOE:8 | T:12 | TB:24
      🔍 [Watchdog] Anlık Hız: 221.54 tok/s
      🔍 [Watchdog] Anlık Hız: 167.91 tok/s
   💀 BAŞARISIZ! (Sebep: KILLED_LOW_TPS | Son Hız: 167.9) -> Optuna bu seti cezalandırdı (Skor: 0)
[I 2026-07-09 23:11:25,882] Trial 529 finished with value: 0.0 and parameters: {'b': 2048, 'ub': 512, 'ngl': 24, 'ngld': 3, 'spec_n': 2, 'moe': 8, 't': 12, 'tb': 24}. Best is trial 0 with value: 0.0.

════════════════════════════════════════════════════════════════════════════════
🤖 OPTUNA DENEMESİ [#531 / 1000] BAŞLIYOR...
🧪 Test Edilen Set: B:2048 | UB:1024 | NGL:28 | DRAFT:5 | MTP:4 | MOE:10 | T:6 | TB:16
      🔍 [Watchdog] Anlık Hız: 202.45 tok/s
      🔍 [Watchdog] Anlık Hız: 144.70 tok/s
   💀 BAŞARISIZ! (Sebep: KILLED_LOW_TPS | Son Hız: 144.7) -> Optuna bu seti cezalandırdı (Skor: 0)
[I 2026-07-09 23:12:01,276] Trial 530 finished with value: 0.0 and parameters: {'b': 2048, 'ub': 1024, 'ngl': 28, 'ngld': 5, 'spec_n': 4, 'moe': 10, 't': 6, 'tb': 16}. Best is trial 0 with value: 0.0.

════════════════════════════════════════════════════════════════════════════════
🤖 OPTUNA DENEMESİ [#532 / 1000] BAŞLIYOR...
🧪 Test Edilen Set: B:2048 | UB:2048 | NGL:20 | DRAFT:1 | MTP:2 | MOE:4 | T:3 | TB:24
      🔍 [Watchdog] Anlık Hız: 224.00 tok/s
      🔍 [Watchdog] Anlık Hız: 169.23 tok/s
   💀 BAŞARISIZ! (Sebep: KILLED_LOW_TPS | Son Hız: 169.2) -> Optuna bu seti cezalandırdı (Skor: 0)
[I 2026-07-09 23:12:33,414] Trial 531 finished with value: 0.0 and parameters: {'b': 2048, 'ub': 2048, 'ngl': 20, 'ngld': 1, 'spec_n': 2, 'moe': 4, 't': 3, 'tb': 24}. Best is trial 0 with value: 0.0.

════════════════════════════════════════════════════════════════════════════════
🤖 OPTUNA DENEMESİ [#533 / 1000] BAŞLIYOR...
🧪 Test Edilen Set: B:2048 | UB:512 | NGL:28 | DRAFT:5 | MTP:4 | MOE:2 | T:12 | TB:16
      🔍 [Watchdog] Anlık Hız: 211.85 tok/s
      🔍 [Watchdog] Anlık Hız: 153.83 tok/s
   💀 BAŞARISIZ! (Sebep: KILLED_LOW_TPS | Son Hız: 153.8) -> Optuna bu seti cezalandırdı (Skor: 0)
[I 2026-07-09 23:13:07,794] Trial 532 finished with value: 0.0 and parameters: {'b': 2048, 'ub': 512, 'ngl': 28, 'ngld': 5, 'spec_n': 4, 'moe': 2, 't': 12, 'tb': 16}. Best is trial 0 with value: 0.0.

════════════════════════════════════════════════════════════════════════════════
🤖 OPTUNA DENEMESİ [#534 / 1000] BAŞLIYOR...
🧪 Test Edilen Set: B:2048 | UB:2048 | NGL:20 | DRAFT:7 | MTP:2 | MOE:0 | T:6 | TB:8
      🔍 [Watchdog] Anlık Hız: 133.84 tok/s
   💀 BAŞARISIZ! (Sebep: KILLED_LOW_TPS | Son Hız: 133.8) -> Optuna bu seti cezalandırdı (Skor: 0)
[I 2026-07-09 23:13:30,664] Trial 533 finished with value: 0.0 and parameters: {'b': 2048, 'ub': 2048, 'ngl': 20, 'ngld': 7, 'spec_n': 2, 'moe': 0, 't': 6, 'tb': 8}. Best is trial 0 with value: 0.0.

════════════════════════════════════════════════════════════════════════════════
🤖 OPTUNA DENEMESİ [#535 / 1000] BAŞLIYOR...
🧪 Test Edilen Set: B:2048 | UB:1024 | NGL:24 | DRAFT:9 | MTP:3 | MOE:10 | T:3 | TB:16
      🔍 [Watchdog] Anlık Hız: 205.23 tok/s
      🔍 [Watchdog] Anlık Hız: 147.09 tok/s
   💀 BAŞARISIZ! (Sebep: KILLED_LOW_TPS | Son Hız: 147.1) -> Optuna bu seti cezalandırdı (Skor: 0)
[I 2026-07-09 23:14:06,056] Trial 534 finished with value: 0.0 and parameters: {'b': 2048, 'ub': 1024, 'ngl': 24, 'ngld': 9, 'spec_n': 3, 'moe': 10, 't': 3, 'tb': 16}. Best is trial 0 with value: 0.0.

════════════════════════════════════════════════════════════════════════════════
🤖 OPTUNA DENEMESİ [#536 / 1000] BAŞLIYOR...
🧪 Test Edilen Set: B:2048 | UB:512 | NGL:28 | DRAFT:1 | MTP:4 | MOE:4 | T:12 | TB:24
      🔍 [Watchdog] Anlık Hız: 236.36 tok/s
      🔍 [Watchdog] Anlık Hız: 174.22 tok/s
   💀 BAŞARISIZ! (Sebep: KILLED_LOW_TPS | Son Hız: 174.2) -> Optuna bu seti cezalandırdı (Skor: 0)
[I 2026-07-09 23:14:37,060] Trial 535 finished with value: 0.0 and parameters: {'b': 2048, 'ub': 512, 'ngl': 28, 'ngld': 1, 'spec_n': 4, 'moe': 4, 't': 12, 'tb': 24}. Best is trial 0 with value: 0.0.

════════════════════════════════════════════════════════════════════════════════
🤖 OPTUNA DENEMESİ [#537 / 1000] BAŞLIYOR...
🧪 Test Edilen Set: B:2048 | UB:2048 | NGL:28 | DRAFT:5 | MTP:2 | MOE:8 | T:6 | TB:16
      🔍 [Watchdog] Anlık Hız: 204.30 tok/s
      🔍 [Watchdog] Anlık Hız: 151.37 tok/s
   💀 BAŞARISIZ! (Sebep: KILLED_LOW_TPS | Son Hız: 151.4) -> Optuna bu seti cezalandırdı (Skor: 0)
[I 2026-07-09 23:15:11,430] Trial 536 finished with value: 0.0 and parameters: {'b': 2048, 'ub': 2048, 'ngl': 28, 'ngld': 5, 'spec_n': 2, 'moe': 8, 't': 6, 'tb': 16}. Best is trial 0 with value: 0.0.

════════════════════════════════════════════════════════════════════════════════
🤖 OPTUNA DENEMESİ [#538 / 1000] BAŞLIYOR...
🧪 Test Edilen Set: B:2048 | UB:1024 | NGL:20 | DRAFT:3 | MTP:2 | MOE:2 | T:3 | TB:24
      🔍 [Watchdog] Anlık Hız: 226.83 tok/s
      🔍 [Watchdog] Anlık Hız: 163.85 tok/s
   💀 BAŞARISIZ! (Sebep: KILLED_LOW_TPS | Son Hız: 163.8) -> Optuna bu seti cezalandırdı (Skor: 0)
[I 2026-07-09 23:15:44,835] Trial 537 finished with value: 0.0 and parameters: {'b': 2048, 'ub': 1024, 'ngl': 20, 'ngld': 3, 'spec_n': 2, 'moe': 2, 't': 3, 'tb': 24}. Best is trial 0 with value: 0.0.

════════════════════════════════════════════════════════════════════════════════
🤖 OPTUNA DENEMESİ [#539 / 1000] BAŞLIYOR...
🧪 Test Edilen Set: B:2048 | UB:512 | NGL:28 | DRAFT:5 | MTP:4 | MOE:10 | T:12 | TB:8
      🔍 [Watchdog] Anlık Hız: 137.06 tok/s
   💀 BAŞARISIZ! (Sebep: KILLED_LOW_TPS | Son Hız: 137.1) -> Optuna bu seti cezalandırdı (Skor: 0)
[I 2026-07-09 23:16:06,672] Trial 538 finished with value: 0.0 and parameters: {'b': 2048, 'ub': 512, 'ngl': 28, 'ngld': 5, 'spec_n': 4, 'moe': 10, 't': 12, 'tb': 8}. Best is trial 0 with value: 0.0.

════════════════════════════════════════════════════════════════════════════════
🤖 OPTUNA DENEMESİ [#540 / 1000] BAŞLIYOR...
🧪 Test Edilen Set: B:2048 | UB:2048 | NGL:24 | DRAFT:1 | MTP:3 | MOE:4 | T:6 | TB:16
      🔍 [Watchdog] Anlık Hız: 203.30 tok/s
      🔍 [Watchdog] Anlık Hız: 149.31 tok/s
   💀 BAŞARISIZ! (Sebep: KILLED_LOW_TPS | Son Hız: 149.3) -> Optuna bu seti cezalandırdı (Skor: 0)
[I 2026-07-09 23:16:42,100] Trial 539 finished with value: 0.0 and parameters: {'b': 2048, 'ub': 2048, 'ngl': 24, 'ngld': 1, 'spec_n': 3, 'moe': 4, 't': 6, 'tb': 16}. Best is trial 0 with value: 0.0.

════════════════════════════════════════════════════════════════════════════════
🤖 OPTUNA DENEMESİ [#541 / 1000] BAŞLIYOR...
🧪 Test Edilen Set: B:2048 | UB:1024 | NGL:20 | DRAFT:7 | MTP:2 | MOE:2 | T:3 | TB:24
      🔍 [Watchdog] Anlık Hız: 229.46 tok/s
      🔍 [Watchdog] Anlık Hız: 171.66 tok/s
   💀 BAŞARISIZ! (Sebep: KILLED_LOW_TPS | Son Hız: 171.7) -> Optuna bu seti cezalandırdı (Skor: 0)
[I 2026-07-09 23:17:13,423] Trial 540 finished with value: 0.0 and parameters: {'b': 2048, 'ub': 1024, 'ngl': 20, 'ngld': 7, 'spec_n': 2, 'moe': 2, 't': 3, 'tb': 24}. Best is trial 0 with value: 0.0.

════════════════════════════════════════════════════════════════════════════════
🤖 OPTUNA DENEMESİ [#542 / 1000] BAŞLIYOR...
🧪 Test Edilen Set: B:2048 | UB:512 | NGL:28 | DRAFT:5 | MTP:4 | MOE:0 | T:12 | TB:16
      🔍 [Watchdog] Anlık Hız: 209.44 tok/s
      🔍 [Watchdog] Anlık Hız: 152.96 tok/s
   💀 BAŞARISIZ! (Sebep: KILLED_LOW_TPS | Son Hız: 153.0) -> Optuna bu seti cezalandırdı (Skor: 0)
[I 2026-07-09 23:17:47,836] Trial 541 finished with value: 0.0 and parameters: {'b': 2048, 'ub': 512, 'ngl': 28, 'ngld': 5, 'spec_n': 4, 'moe': 0, 't': 12, 'tb': 16}. Best is trial 0 with value: 0.0.

════════════════════════════════════════════════════════════════════════════════
🤖 OPTUNA DENEMESİ [#543 / 1000] BAŞLIYOR...
🧪 Test Edilen Set: B:2048 | UB:2048 | NGL:28 | DRAFT:9 | MTP:2 | MOE:10 | T:6 | TB:24
      🔍 [Watchdog] Anlık Hız: 227.05 tok/s
      🔍 [Watchdog] Anlık Hız: 168.34 tok/s
   💀 BAŞARISIZ! (Sebep: KILLED_LOW_TPS | Son Hız: 168.3) -> Optuna bu seti cezalandırdı (Skor: 0)
[I 2026-07-09 23:18:20,028] Trial 542 finished with value: 0.0 and parameters: {'b': 2048, 'ub': 2048, 'ngl': 28, 'ngld': 9, 'spec_n': 2, 'moe': 10, 't': 6, 'tb': 24}. Best is trial 0 with value: 0.0.

════════════════════════════════════════════════════════════════════════════════
🤖 OPTUNA DENEMESİ [#544 / 1000] BAŞLIYOR...
🧪 Test Edilen Set: B:2048 | UB:1024 | NGL:20 | DRAFT:1 | MTP:4 | MOE:4 | T:3 | TB:16
      🔍 [Watchdog] Anlık Hız: 187.87 tok/s
   💀 BAŞARISIZ! (Sebep: KILLED_LOW_TPS | Son Hız: 187.9) -> Optuna bu seti cezalandırdı (Skor: 0)
[I 2026-07-09 23:18:38,794] Trial 543 finished with value: 0.0 and parameters: {'b': 2048, 'ub': 1024, 'ngl': 20, 'ngld': 1, 'spec_n': 4, 'moe': 4, 't': 3, 'tb': 16}. Best is trial 0 with value: 0.0.

════════════════════════════════════════════════════════════════════════════════
🤖 OPTUNA DENEMESİ [#545 / 1000] BAŞLIYOR...
🧪 Test Edilen Set: B:2048 | UB:512 | NGL:28 | DRAFT:5 | MTP:2 | MOE:8 | T:12 | TB:8
      🔍 [Watchdog] Anlık Hız: 145.69 tok/s
   💀 BAŞARISIZ! (Sebep: KILLED_LOW_TPS | Son Hız: 145.7) -> Optuna bu seti cezalandırdı (Skor: 0)
[I 2026-07-09 23:19:00,664] Trial 544 finished with value: 0.0 and parameters: {'b': 2048, 'ub': 512, 'ngl': 28, 'ngld': 5, 'spec_n': 2, 'moe': 8, 't': 12, 'tb': 8}. Best is trial 0 with value: 0.0.

════════════════════════════════════════════════════════════════════════════════
🤖 OPTUNA DENEMESİ [#546 / 1000] BAŞLIYOR...
🧪 Test Edilen Set: B:2048 | UB:2048 | NGL:24 | DRAFT:3 | MTP:3 | MOE:2 | T:6 | TB:16
      🔍 [Watchdog] Anlık Hız: 208.93 tok/s
      🔍 [Watchdog] Anlık Hız: 153.40 tok/s
   💀 BAŞARISIZ! (Sebep: KILLED_LOW_TPS | Son Hız: 153.4) -> Optuna bu seti cezalandırdı (Skor: 0)
[I 2026-07-09 23:19:35,037] Trial 545 finished with value: 0.0 and parameters: {'b': 2048, 'ub': 2048, 'ngl': 24, 'ngld': 3, 'spec_n': 3, 'moe': 2, 't': 6, 'tb': 16}. Best is trial 0 with value: 0.0.

════════════════════════════════════════════════════════════════════════════════
🤖 OPTUNA DENEMESİ [#547 / 1000] BAŞLIYOR...
🧪 Test Edilen Set: B:2048 | UB:1024 | NGL:20 | DRAFT:5 | MTP:4 | MOE:10 | T:3 | TB:24
      🔍 [Watchdog] Anlık Hız: 229.70 tok/s
      🔍 [Watchdog] Anlık Hız: 163.01 tok/s
   💀 BAŞARISIZ! (Sebep: KILLED_LOW_TPS | Son Hız: 163.0) -> Optuna bu seti cezalandırdı (Skor: 0)
[I 2026-07-09 23:20:08,472] Trial 546 finished with value: 0.0 and parameters: {'b': 2048, 'ub': 1024, 'ngl': 20, 'ngld': 5, 'spec_n': 4, 'moe': 10, 't': 3, 'tb': 24}. Best is trial 0 with value: 0.0.

════════════════════════════════════════════════════════════════════════════════
🤖 OPTUNA DENEMESİ [#548 / 1000] BAŞLIYOR...
🧪 Test Edilen Set: B:2048 | UB:512 | NGL:28 | DRAFT:1 | MTP:2 | MOE:4 | T:12 | TB:16
      🔍 [Watchdog] Anlık Hız: 211.77 tok/s
      🔍 [Watchdog] Anlık Hız: 154.50 tok/s
   💀 BAŞARISIZ! (Sebep: KILLED_LOW_TPS | Son Hız: 154.5) -> Optuna bu seti cezalandırdı (Skor: 0)
[I 2026-07-09 23:20:41,752] Trial 547 finished with value: 0.0 and parameters: {'b': 2048, 'ub': 512, 'ngl': 28, 'ngld': 1, 'spec_n': 2, 'moe': 4, 't': 12, 'tb': 16}. Best is trial 0 with value: 0.0.

════════════════════════════════════════════════════════════════════════════════
🤖 OPTUNA DENEMESİ [#549 / 1000] BAŞLIYOR...
🧪 Test Edilen Set: B:2048 | UB:2048 | NGL:28 | DRAFT:7 | MTP:2 | MOE:0 | T:6 | TB:24
   💀 BAŞARISIZ! (Sebep: CRASH_OR_TIMEOUT | Son Hız: 0.0) -> Optuna bu seti cezalandırdı (Skor: 0)
[I 2026-07-09 23:20:49,036] Trial 548 finished with value: 0.0 and parameters: {'b': 2048, 'ub': 2048, 'ngl': 28, 'ngld': 7, 'spec_n': 2, 'moe': 0, 't': 6, 'tb': 24}. Best is trial 0 with value: 0.0.

════════════════════════════════════════════════════════════════════════════════
🤖 OPTUNA DENEMESİ [#550 / 1000] BAŞLIYOR...
🧪 Test Edilen Set: B:2048 | UB:1024 | NGL:20 | DRAFT:5 | MTP:4 | MOE:2 | T:12 | TB:16
      🔍 [Watchdog] Anlık Hız: 203.12 tok/s
      🔍 [Watchdog] Anlık Hız: 146.02 tok/s
   💀 BAŞARISIZ! (Sebep: KILLED_LOW_TPS | Son Hız: 146.0) -> Optuna bu seti cezalandırdı (Skor: 0)
[I 2026-07-09 23:21:24,464] Trial 549 finished with value: 0.0 and parameters: {'b': 2048, 'ub': 1024, 'ngl': 20, 'ngld': 5, 'spec_n': 4, 'moe': 2, 't': 12, 'tb': 16}. Best is trial 0 with value: 0.0.

════════════════════════════════════════════════════════════════════════════════
🤖 OPTUNA DENEMESİ [#551 / 1000] BAŞLIYOR...
🧪 Test Edilen Set: B:2048 | UB:2048 | NGL:28 | DRAFT:3 | MTP:3 | MOE:4 | T:3 | TB:8
      🔍 [Watchdog] Anlık Hız: 142.27 tok/s
   💀 BAŞARISIZ! (Sebep: KILLED_LOW_TPS | Son Hız: 142.3) -> Optuna bu seti cezalandırdı (Skor: 0)
[I 2026-07-09 23:21:46,320] Trial 550 finished with value: 0.0 and parameters: {'b': 2048, 'ub': 2048, 'ngl': 28, 'ngld': 3, 'spec_n': 3, 'moe': 4, 't': 3, 'tb': 8}. Best is trial 0 with value: 0.0.

════════════════════════════════════════════════════════════════════════════════
🤖 OPTUNA DENEMESİ [#552 / 1000] BAŞLIYOR...
🧪 Test Edilen Set: B:2048 | UB:512 | NGL:24 | DRAFT:9 | MTP:2 | MOE:10 | T:6 | TB:24
      🔍 [Watchdog] Anlık Hız: 219.32 tok/s
      🔍 [Watchdog] Anlık Hız: 164.99 tok/s
   💀 BAŞARISIZ! (Sebep: KILLED_LOW_TPS | Son Hız: 165.0) -> Optuna bu seti cezalandırdı (Skor: 0)
[I 2026-07-09 23:22:18,624] Trial 551 finished with value: 0.0 and parameters: {'b': 2048, 'ub': 512, 'ngl': 24, 'ngld': 9, 'spec_n': 2, 'moe': 10, 't': 6, 'tb': 24}. Best is trial 0 with value: 0.0.

════════════════════════════════════════════════════════════════════════════════
🤖 OPTUNA DENEMESİ [#553 / 1000] BAŞLIYOR...
🧪 Test Edilen Set: B:2048 | UB:1024 | NGL:20 | DRAFT:1 | MTP:4 | MOE:8 | T:12 | TB:16
      🔍 [Watchdog] Anlık Hız: 187.04 tok/s
   💀 BAŞARISIZ! (Sebep: KILLED_LOW_TPS | Son Hız: 187.0) -> Optuna bu seti cezalandırdı (Skor: 0)
[I 2026-07-09 23:22:37,385] Trial 552 finished with value: 0.0 and parameters: {'b': 2048, 'ub': 1024, 'ngl': 20, 'ngld': 1, 'spec_n': 4, 'moe': 8, 't': 12, 'tb': 16}. Best is trial 0 with value: 0.0.

════════════════════════════════════════════════════════════════════════════════
🤖 OPTUNA DENEMESİ [#554 / 1000] BAŞLIYOR...
🧪 Test Edilen Set: B:2048 | UB:2048 | NGL:28 | DRAFT:5 | MTP:2 | MOE:2 | T:3 | TB:16
   💀 BAŞARISIZ! (Sebep: CRASH_OR_TIMEOUT | Son Hız: 0.0) -> Optuna bu seti cezalandırdı (Skor: 0)
[I 2026-07-09 23:22:43,654] Trial 553 finished with value: 0.0 and parameters: {'b': 2048, 'ub': 2048, 'ngl': 28, 'ngld': 5, 'spec_n': 2, 'moe': 2, 't': 3, 'tb': 16}. Best is trial 0 with value: 0.0.

════════════════════════════════════════════════════════════════════════════════
🤖 OPTUNA DENEMESİ [#555 / 1000] BAŞLIYOR...
🧪 Test Edilen Set: B:2048 | UB:512 | NGL:28 | DRAFT:5 | MTP:4 | MOE:4 | T:6 | TB:24
      🔍 [Watchdog] Anlık Hız: 236.39 tok/s
      🔍 [Watchdog] Anlık Hız: 174.33 tok/s
   💀 BAŞARISIZ! (Sebep: KILLED_LOW_TPS | Son Hız: 174.3) -> Optuna bu seti cezalandırdı (Skor: 0)
[I 2026-07-09 23:23:14,765] Trial 554 finished with value: 0.0 and parameters: {'b': 2048, 'ub': 512, 'ngl': 28, 'ngld': 5, 'spec_n': 4, 'moe': 4, 't': 6, 'tb': 24}. Best is trial 0 with value: 0.0.

════════════════════════════════════════════════════════════════════════════════
🤖 OPTUNA DENEMESİ [#556 / 1000] BAŞLIYOR...
🧪 Test Edilen Set: B:2048 | UB:1024 | NGL:20 | DRAFT:7 | MTP:2 | MOE:10 | T:12 | TB:8
      🔍 [Watchdog] Anlık Hız: 146.90 tok/s
   💀 BAŞARISIZ! (Sebep: KILLED_LOW_TPS | Son Hız: 146.9) -> Optuna bu seti cezalandırdı (Skor: 0)
[I 2026-07-09 23:23:36,578] Trial 555 finished with value: 0.0 and parameters: {'b': 2048, 'ub': 1024, 'ngl': 20, 'ngld': 7, 'spec_n': 2, 'moe': 10, 't': 12, 'tb': 8}. Best is trial 0 with value: 0.0.

════════════════════════════════════════════════════════════════════════════════
🤖 OPTUNA DENEMESİ [#557 / 1000] BAŞLIYOR...
🧪 Test Edilen Set: B:2048 | UB:2048 | NGL:24 | DRAFT:1 | MTP:3 | MOE:0 | T:3 | TB:16
      🔍 [Watchdog] Anlık Hız: 203.37 tok/s
      🔍 [Watchdog] Anlık Hız: 149.47 tok/s
   💀 BAŞARISIZ! (Sebep: KILLED_LOW_TPS | Son Hız: 149.5) -> Optuna bu seti cezalandırdı (Skor: 0)
[I 2026-07-09 23:24:11,967] Trial 556 finished with value: 0.0 and parameters: {'b': 2048, 'ub': 2048, 'ngl': 24, 'ngld': 1, 'spec_n': 3, 'moe': 0, 't': 3, 'tb': 16}. Best is trial 0 with value: 0.0.

════════════════════════════════════════════════════════════════════════════════
🤖 OPTUNA DENEMESİ [#558 / 1000] BAŞLIYOR...
🧪 Test Edilen Set: B:2048 | UB:512 | NGL:28 | DRAFT:9 | MTP:2 | MOE:2 | T:12 | TB:24
      🔍 [Watchdog] Anlık Hız: 237.83 tok/s
      🔍 [Watchdog] Anlık Hız: 175.43 tok/s
   💀 BAŞARISIZ! (Sebep: KILLED_LOW_TPS | Son Hız: 175.4) -> Optuna bu seti cezalandırdı (Skor: 0)
[I 2026-07-09 23:24:42,280] Trial 557 finished with value: 0.0 and parameters: {'b': 2048, 'ub': 512, 'ngl': 28, 'ngld': 9, 'spec_n': 2, 'moe': 2, 't': 12, 'tb': 24}. Best is trial 0 with value: 0.0.

════════════════════════════════════════════════════════════════════════════════
🤖 OPTUNA DENEMESİ [#559 / 1000] BAŞLIYOR...
🧪 Test Edilen Set: B:2048 | UB:1024 | NGL:20 | DRAFT:5 | MTP:4 | MOE:4 | T:6 | TB:16
      🔍 [Watchdog] Anlık Hız: 199.07 tok/s
   💀 BAŞARISIZ! (Sebep: KILLED_LOW_TPS | Son Hız: 199.1) -> Optuna bu seti cezalandırdı (Skor: 0)
[I 2026-07-09 23:25:00,014] Trial 558 finished with value: 0.0 and parameters: {'b': 2048, 'ub': 1024, 'ngl': 20, 'ngld': 5, 'spec_n': 4, 'moe': 4, 't': 6, 'tb': 16}. Best is trial 0 with value: 0.0.

════════════════════════════════════════════════════════════════════════════════
🤖 OPTUNA DENEMESİ [#560 / 1000] BAŞLIYOR...
🧪 Test Edilen Set: B:2048 | UB:2048 | NGL:28 | DRAFT:3 | MTP:2 | MOE:10 | T:3 | TB:24
      🔍 [Watchdog] Anlık Hız: 226.89 tok/s
      🔍 [Watchdog] Anlık Hız: 168.74 tok/s
   💀 BAŞARISIZ! (Sebep: KILLED_LOW_TPS | Son Hız: 168.7) -> Optuna bu seti cezalandırdı (Skor: 0)
[I 2026-07-09 23:25:32,338] Trial 559 finished with value: 0.0 and parameters: {'b': 2048, 'ub': 2048, 'ngl': 28, 'ngld': 3, 'spec_n': 2, 'moe': 10, 't': 3, 'tb': 24}. Best is trial 0 with value: 0.0.

════════════════════════════════════════════════════════════════════════════════
🤖 OPTUNA DENEMESİ [#561 / 1000] BAŞLIYOR...
🧪 Test Edilen Set: B:2048 | UB:512 | NGL:28 | DRAFT:5 | MTP:4 | MOE:8 | T:12 | TB:16
      🔍 [Watchdog] Anlık Hız: 202.48 tok/s
      🔍 [Watchdog] Anlık Hız: 148.47 tok/s
   💀 BAŞARISIZ! (Sebep: KILLED_LOW_TPS | Son Hız: 148.5) -> Optuna bu seti cezalandırdı (Skor: 0)
[I 2026-07-09 23:26:07,742] Trial 560 finished with value: 0.0 and parameters: {'b': 2048, 'ub': 512, 'ngl': 28, 'ngld': 5, 'spec_n': 4, 'moe': 8, 't': 12, 'tb': 16}. Best is trial 0 with value: 0.0.

════════════════════════════════════════════════════════════════════════════════
🤖 OPTUNA DENEMESİ [#562 / 1000] BAŞLIYOR...
🧪 Test Edilen Set: B:2048 | UB:2048 | NGL:24 | DRAFT:1 | MTP:3 | MOE:4 | T:6 | TB:8
      🔍 [Watchdog] Anlık Hız: 141.79 tok/s
   💀 BAŞARISIZ! (Sebep: KILLED_LOW_TPS | Son Hız: 141.8) -> Optuna bu seti cezalandırdı (Skor: 0)
[I 2026-07-09 23:26:29,545] Trial 561 finished with value: 0.0 and parameters: {'b': 2048, 'ub': 2048, 'ngl': 24, 'ngld': 1, 'spec_n': 3, 'moe': 4, 't': 6, 'tb': 8}. Best is trial 0 with value: 0.0.

════════════════════════════════════════════════════════════════════════════════
🤖 OPTUNA DENEMESİ [#563 / 1000] BAŞLIYOR...
🧪 Test Edilen Set: B:2048 | UB:1024 | NGL:20 | DRAFT:7 | MTP:2 | MOE:2 | T:3 | TB:24
      🔍 [Watchdog] Anlık Hız: 228.01 tok/s
      🔍 [Watchdog] Anlık Hız: 169.80 tok/s
   💀 BAŞARISIZ! (Sebep: KILLED_LOW_TPS | Son Hız: 169.8) -> Optuna bu seti cezalandırdı (Skor: 0)
