[I 2026-07-10 02:42:44,015] Trial 976 finished with value: 0.0 and parameters: {'b': 2048, 'ub': 512, 'ngl': 28, 'ngld': 7, 'spec_n': 4, 'moe': 0, 't': 12, 'tb': 16}. Best is trial 0 with value: 0.0.

════════════════════════════════════════════════════════════════════════════════
🤖 OPTUNA DENEMESİ [#978 / 1000] BAŞLIYOR...
🧪 Test Edilen Set: B:2048 | UB:2048 | NGL:28 | DRAFT:9 | MTP:2 | MOE:10 | T:6 | TB:16
      🔍 [Watchdog] Anlık Hız: 206.20 tok/s
      🔍 [Watchdog] Anlık Hız: 153.96 tok/s
   💀 BAŞARISIZ! (Sebep: KILLED_LOW_TPS | Son Hız: 154.0) -> Optuna bu seti cezalandırdı (Skor: 0)
[I 2026-07-10 02:43:18,384] Trial 977 finished with value: 0.0 and parameters: {'b': 2048, 'ub': 2048, 'ngl': 28, 'ngld': 9, 'spec_n': 2, 'moe': 10, 't': 6, 'tb': 16}. Best is trial 0 with value: 0.0.

════════════════════════════════════════════════════════════════════════════════
🤖 OPTUNA DENEMESİ [#979 / 1000] BAŞLIYOR...
🧪 Test Edilen Set: B:2048 | UB:1024 | NGL:20 | DRAFT:5 | MTP:4 | MOE:4 | T:3 | TB:24
      🔍 [Watchdog] Anlık Hız: 228.15 tok/s
      🔍 [Watchdog] Anlık Hız: 169.98 tok/s
   💀 BAŞARISIZ! (Sebep: KILLED_LOW_TPS | Son Hız: 170.0) -> Optuna bu seti cezalandırdı (Skor: 0)
[I 2026-07-10 02:43:50,786] Trial 978 finished with value: 0.0 and parameters: {'b': 2048, 'ub': 1024, 'ngl': 20, 'ngld': 5, 'spec_n': 4, 'moe': 4, 't': 3, 'tb': 24}. Best is trial 0 with value: 0.0.

════════════════════════════════════════════════════════════════════════════════
🤖 OPTUNA DENEMESİ [#980 / 1000] BAŞLIYOR...
🧪 Test Edilen Set: B:2048 | UB:512 | NGL:28 | DRAFT:1 | MTP:2 | MOE:8 | T:12 | TB:8
      🔍 [Watchdog] Anlık Hız: 144.90 tok/s
   💀 BAŞARISIZ! (Sebep: KILLED_LOW_TPS | Son Hız: 144.9) -> Optuna bu seti cezalandırdı (Skor: 0)
[I 2026-07-10 02:44:11,600] Trial 979 finished with value: 0.0 and parameters: {'b': 2048, 'ub': 512, 'ngl': 28, 'ngld': 1, 'spec_n': 2, 'moe': 8, 't': 12, 'tb': 8}. Best is trial 0 with value: 0.0.

════════════════════════════════════════════════════════════════════════════════
🤖 OPTUNA DENEMESİ [#981 / 1000] BAŞLIYOR...
🧪 Test Edilen Set: B:2048 | UB:2048 | NGL:24 | DRAFT:3 | MTP:3 | MOE:2 | T:6 | TB:16
      🔍 [Watchdog] Anlık Hız: 207.57 tok/s
      🔍 [Watchdog] Anlık Hız: 153.12 tok/s
   💀 BAŞARISIZ! (Sebep: KILLED_LOW_TPS | Son Hız: 153.1) -> Optuna bu seti cezalandırdı (Skor: 0)
[I 2026-07-10 02:44:45,969] Trial 980 finished with value: 0.0 and parameters: {'b': 2048, 'ub': 2048, 'ngl': 24, 'ngld': 3, 'spec_n': 3, 'moe': 2, 't': 6, 'tb': 16}. Best is trial 0 with value: 0.0.

════════════════════════════════════════════════════════════════════════════════
🤖 OPTUNA DENEMESİ [#982 / 1000] BAŞLIYOR...
🧪 Test Edilen Set: B:2048 | UB:1024 | NGL:20 | DRAFT:5 | MTP:4 | MOE:10 | T:12 | TB:24
      🔍 [Watchdog] Anlık Hız: 228.63 tok/s
      🔍 [Watchdog] Anlık Hız: 165.40 tok/s
   💀 BAŞARISIZ! (Sebep: KILLED_LOW_TPS | Son Hız: 165.4) -> Optuna bu seti cezalandırdı (Skor: 0)
[I 2026-07-10 02:45:18,187] Trial 981 finished with value: 0.0 and parameters: {'b': 2048, 'ub': 1024, 'ngl': 20, 'ngld': 5, 'spec_n': 4, 'moe': 10, 't': 12, 'tb': 24}. Best is trial 0 with value: 0.0.

════════════════════════════════════════════════════════════════════════════════
🤖 OPTUNA DENEMESİ [#983 / 1000] BAŞLIYOR...
🧪 Test Edilen Set: B:2048 | UB:512 | NGL:28 | DRAFT:1 | MTP:2 | MOE:4 | T:3 | TB:16
      🔍 [Watchdog] Anlık Hız: 211.00 tok/s
      🔍 [Watchdog] Anlık Hız: 153.23 tok/s
   💀 BAŞARISIZ! (Sebep: KILLED_LOW_TPS | Son Hız: 153.2) -> Optuna bu seti cezalandırdı (Skor: 0)
[I 2026-07-10 02:45:52,557] Trial 982 finished with value: 0.0 and parameters: {'b': 2048, 'ub': 512, 'ngl': 28, 'ngld': 1, 'spec_n': 2, 'moe': 4, 't': 3, 'tb': 16}. Best is trial 0 with value: 0.0.

════════════════════════════════════════════════════════════════════════════════
🤖 OPTUNA DENEMESİ [#984 / 1000] BAŞLIYOR...
🧪 Test Edilen Set: B:2048 | UB:2048 | NGL:28 | DRAFT:7 | MTP:2 | MOE:0 | T:6 | TB:24
   💀 BAŞARISIZ! (Sebep: CRASH_OR_TIMEOUT | Son Hız: 0.0) -> Optuna bu seti cezalandırdı (Skor: 0)
[I 2026-07-10 02:45:59,867] Trial 983 finished with value: 0.0 and parameters: {'b': 2048, 'ub': 2048, 'ngl': 28, 'ngld': 7, 'spec_n': 2, 'moe': 0, 't': 6, 'tb': 24}. Best is trial 0 with value: 0.0.

════════════════════════════════════════════════════════════════════════════════
🤖 OPTUNA DENEMESİ [#985 / 1000] BAŞLIYOR...
🧪 Test Edilen Set: B:2048 | UB:1024 | NGL:20 | DRAFT:5 | MTP:4 | MOE:2 | T:12 | TB:16
      🔍 [Watchdog] Anlık Hız: 206.08 tok/s
      🔍 [Watchdog] Anlık Hız: 149.67 tok/s
   💀 BAŞARISIZ! (Sebep: KILLED_LOW_TPS | Son Hız: 149.7) -> Optuna bu seti cezalandırdı (Skor: 0)
[I 2026-07-10 02:46:35,424] Trial 984 finished with value: 0.0 and parameters: {'b': 2048, 'ub': 1024, 'ngl': 20, 'ngld': 5, 'spec_n': 4, 'moe': 2, 't': 12, 'tb': 16}. Best is trial 0 with value: 0.0.

════════════════════════════════════════════════════════════════════════════════
🤖 OPTUNA DENEMESİ [#986 / 1000] BAŞLIYOR...
🧪 Test Edilen Set: B:2048 | UB:2048 | NGL:28 | DRAFT:5 | MTP:2 | MOE:4 | T:3 | TB:8
      🔍 [Watchdog] Anlık Hız: 143.79 tok/s
   💀 BAŞARISIZ! (Sebep: KILLED_LOW_TPS | Son Hız: 143.8) -> Optuna bu seti cezalandırdı (Skor: 0)
[I 2026-07-10 02:46:57,306] Trial 985 finished with value: 0.0 and parameters: {'b': 2048, 'ub': 2048, 'ngl': 28, 'ngld': 5, 'spec_n': 2, 'moe': 4, 't': 3, 'tb': 8}. Best is trial 0 with value: 0.0.

════════════════════════════════════════════════════════════════════════════════
🤖 OPTUNA DENEMESİ [#987 / 1000] BAŞLIYOR...
🧪 Test Edilen Set: B:2048 | UB:512 | NGL:24 | DRAFT:9 | MTP:4 | MOE:10 | T:6 | TB:24
      🔍 [Watchdog] Anlık Hız: 219.87 tok/s
      🔍 [Watchdog] Anlık Hız: 167.02 tok/s
   💀 BAŞARISIZ! (Sebep: KILLED_LOW_TPS | Son Hız: 167.0) -> Optuna bu seti cezalandırdı (Skor: 0)
[I 2026-07-10 02:47:29,590] Trial 986 finished with value: 0.0 and parameters: {'b': 2048, 'ub': 512, 'ngl': 24, 'ngld': 9, 'spec_n': 4, 'moe': 10, 't': 6, 'tb': 24}. Best is trial 0 with value: 0.0.

════════════════════════════════════════════════════════════════════════════════
🤖 OPTUNA DENEMESİ [#988 / 1000] BAŞLIYOR...
🧪 Test Edilen Set: B:2048 | UB:1024 | NGL:28 | DRAFT:1 | MTP:3 | MOE:8 | T:12 | TB:16
      🔍 [Watchdog] Anlık Hız: 209.02 tok/s
      🔍 [Watchdog] Anlık Hız: 154.41 tok/s
   💀 BAŞARISIZ! (Sebep: KILLED_LOW_TPS | Son Hız: 154.4) -> Optuna bu seti cezalandırdı (Skor: 0)
[I 2026-07-10 02:48:04,105] Trial 987 finished with value: 0.0 and parameters: {'b': 2048, 'ub': 1024, 'ngl': 28, 'ngld': 1, 'spec_n': 3, 'moe': 8, 't': 12, 'tb': 16}. Best is trial 0 with value: 0.0.

════════════════════════════════════════════════════════════════════════════════
🤖 OPTUNA DENEMESİ [#989 / 1000] BAŞLIYOR...
🧪 Test Edilen Set: B:2048 | UB:2048 | NGL:20 | DRAFT:3 | MTP:2 | MOE:2 | T:3 | TB:16
      🔍 [Watchdog] Anlık Hız: 202.72 tok/s
      🔍 [Watchdog] Anlık Hız: 150.69 tok/s
   💀 BAŞARISIZ! (Sebep: KILLED_LOW_TPS | Son Hız: 150.7) -> Optuna bu seti cezalandırdı (Skor: 0)
[I 2026-07-10 02:48:39,724] Trial 988 finished with value: 0.0 and parameters: {'b': 2048, 'ub': 2048, 'ngl': 20, 'ngld': 3, 'spec_n': 2, 'moe': 2, 't': 3, 'tb': 16}. Best is trial 0 with value: 0.0.

════════════════════════════════════════════════════════════════════════════════
🤖 OPTUNA DENEMESİ [#990 / 1000] BAŞLIYOR...
🧪 Test Edilen Set: B:2048 | UB:512 | NGL:28 | DRAFT:5 | MTP:4 | MOE:4 | T:6 | TB:24
      🔍 [Watchdog] Anlık Hız: 236.79 tok/s
      🔍 [Watchdog] Anlık Hız: 175.47 tok/s
   💀 BAŞARISIZ! (Sebep: KILLED_LOW_TPS | Son Hız: 175.5) -> Optuna bu seti cezalandırdı (Skor: 0)
[I 2026-07-10 02:49:09,951] Trial 989 finished with value: 0.0 and parameters: {'b': 2048, 'ub': 512, 'ngl': 28, 'ngld': 5, 'spec_n': 4, 'moe': 4, 't': 6, 'tb': 24}. Best is trial 0 with value: 0.0.

════════════════════════════════════════════════════════════════════════════════
🤖 OPTUNA DENEMESİ [#991 / 1000] BAŞLIYOR...
🧪 Test Edilen Set: B:2048 | UB:1024 | NGL:20 | DRAFT:7 | MTP:2 | MOE:10 | T:12 | TB:8
      🔍 [Watchdog] Anlık Hız: 147.11 tok/s
   💀 BAŞARISIZ! (Sebep: KILLED_LOW_TPS | Son Hız: 147.1) -> Optuna bu seti cezalandırdı (Skor: 0)
[I 2026-07-10 02:49:31,831] Trial 990 finished with value: 0.0 and parameters: {'b': 2048, 'ub': 1024, 'ngl': 20, 'ngld': 7, 'spec_n': 2, 'moe': 10, 't': 12, 'tb': 8}. Best is trial 0 with value: 0.0.

════════════════════════════════════════════════════════════════════════════════
🤖 OPTUNA DENEMESİ [#992 / 1000] BAŞLIYOR...
🧪 Test Edilen Set: B:2048 | UB:2048 | NGL:28 | DRAFT:1 | MTP:3 | MOE:0 | T:3 | TB:16
   💀 BAŞARISIZ! (Sebep: CRASH_OR_TIMEOUT | Son Hız: 0.0) -> Optuna bu seti cezalandırdı (Skor: 0)
[I 2026-07-10 02:49:38,111] Trial 991 finished with value: 0.0 and parameters: {'b': 2048, 'ub': 2048, 'ngl': 28, 'ngld': 1, 'spec_n': 3, 'moe': 0, 't': 3, 'tb': 16}. Best is trial 0 with value: 0.0.

════════════════════════════════════════════════════════════════════════════════
🤖 OPTUNA DENEMESİ [#993 / 1000] BAŞLIYOR...
🧪 Test Edilen Set: B:2048 | UB:512 | NGL:24 | DRAFT:5 | MTP:2 | MOE:2 | T:12 | TB:24
      🔍 [Watchdog] Anlık Hız: 226.82 tok/s
      🔍 [Watchdog] Anlık Hız: 170.75 tok/s
   💀 BAŞARISIZ! (Sebep: KILLED_LOW_TPS | Son Hız: 170.8) -> Optuna bu seti cezalandırdı (Skor: 0)
[I 2026-07-10 02:50:09,366] Trial 992 finished with value: 0.0 and parameters: {'b': 2048, 'ub': 512, 'ngl': 24, 'ngld': 5, 'spec_n': 2, 'moe': 2, 't': 12, 'tb': 24}. Best is trial 0 with value: 0.0.

════════════════════════════════════════════════════════════════════════════════
🤖 OPTUNA DENEMESİ [#994 / 1000] BAŞLIYOR...
🧪 Test Edilen Set: B:2048 | UB:1024 | NGL:28 | DRAFT:9 | MTP:4 | MOE:4 | T:6 | TB:16
      🔍 [Watchdog] Anlık Hız: 212.34 tok/s
      🔍 [Watchdog] Anlık Hız: 156.68 tok/s
   💀 BAŞARISIZ! (Sebep: KILLED_LOW_TPS | Son Hız: 156.7) -> Optuna bu seti cezalandırdı (Skor: 0)
[I 2026-07-10 02:50:42,753] Trial 993 finished with value: 0.0 and parameters: {'b': 2048, 'ub': 1024, 'ngl': 28, 'ngld': 9, 'spec_n': 4, 'moe': 4, 't': 6, 'tb': 16}. Best is trial 0 with value: 0.0.

════════════════════════════════════════════════════════════════════════════════
🤖 OPTUNA DENEMESİ [#995 / 1000] BAŞLIYOR...
🧪 Test Edilen Set: B:2048 | UB:2048 | NGL:20 | DRAFT:5 | MTP:2 | MOE:8 | T:3 | TB:24
      🔍 [Watchdog] Anlık Hız: 210.50 tok/s
      🔍 [Watchdog] Anlık Hız: 158.03 tok/s
   💀 BAŞARISIZ! (Sebep: KILLED_LOW_TPS | Son Hız: 158.0) -> Optuna bu seti cezalandırdı (Skor: 0)
[I 2026-07-10 02:51:17,230] Trial 994 finished with value: 0.0 and parameters: {'b': 2048, 'ub': 2048, 'ngl': 20, 'ngld': 5, 'spec_n': 2, 'moe': 8, 't': 3, 'tb': 24}. Best is trial 0 with value: 0.0.

════════════════════════════════════════════════════════════════════════════════
🤖 OPTUNA DENEMESİ [#996 / 1000] BAŞLIYOR...
🧪 Test Edilen Set: B:2048 | UB:512 | NGL:28 | DRAFT:3 | MTP:4 | MOE:10 | T:12 | TB:16
      🔍 [Watchdog] Anlık Hız: 201.53 tok/s
      🔍 [Watchdog] Anlık Hız: 149.32 tok/s
   💀 BAŞARISIZ! (Sebep: KILLED_LOW_TPS | Son Hız: 149.3) -> Optuna bu seti cezalandırdı (Skor: 0)
[I 2026-07-10 02:51:51,617] Trial 995 finished with value: 0.0 and parameters: {'b': 2048, 'ub': 512, 'ngl': 28, 'ngld': 3, 'spec_n': 4, 'moe': 10, 't': 12, 'tb': 16}. Best is trial 0 with value: 0.0.

════════════════════════════════════════════════════════════════════════════════
🤖 OPTUNA DENEMESİ [#997 / 1000] BAŞLIYOR...
🧪 Test Edilen Set: B:2048 | UB:2048 | NGL:20 | DRAFT:1 | MTP:2 | MOE:4 | T:6 | TB:8
      🔍 [Watchdog] Anlık Hız: 137.91 tok/s
   💀 BAŞARISIZ! (Sebep: KILLED_LOW_TPS | Son Hız: 137.9) -> Optuna bu seti cezalandırdı (Skor: 0)
[I 2026-07-10 02:52:14,541] Trial 996 finished with value: 0.0 and parameters: {'b': 2048, 'ub': 2048, 'ngl': 20, 'ngld': 1, 'spec_n': 2, 'moe': 4, 't': 6, 'tb': 8}. Best is trial 0 with value: 0.0.

════════════════════════════════════════════════════════════════════════════════
🤖 OPTUNA DENEMESİ [#998 / 1000] BAŞLIYOR...
🧪 Test Edilen Set: B:2048 | UB:1024 | NGL:24 | DRAFT:5 | MTP:3 | MOE:2 | T:3 | TB:16
      🔍 [Watchdog] Anlık Hız: 203.43 tok/s
      🔍 [Watchdog] Anlık Hız: 151.66 tok/s
   💀 BAŞARISIZ! (Sebep: KILLED_LOW_TPS | Son Hız: 151.7) -> Optuna bu seti cezalandırdı (Skor: 0)
[I 2026-07-10 02:52:48,945] Trial 997 finished with value: 0.0 and parameters: {'b': 2048, 'ub': 1024, 'ngl': 24, 'ngld': 5, 'spec_n': 3, 'moe': 2, 't': 3, 'tb': 16}. Best is trial 0 with value: 0.0.

════════════════════════════════════════════════════════════════════════════════
🤖 OPTUNA DENEMESİ [#999 / 1000] BAŞLIYOR...
🧪 Test Edilen Set: B:2048 | UB:512 | NGL:28 | DRAFT:7 | MTP:4 | MOE:10 | T:12 | TB:24
      🔍 [Watchdog] Anlık Hız: 221.08 tok/s
      🔍 [Watchdog] Anlık Hız: 166.39 tok/s
   💀 BAŞARISIZ! (Sebep: KILLED_LOW_TPS | Son Hız: 166.4) -> Optuna bu seti cezalandırdı (Skor: 0)
[I 2026-07-10 02:53:21,216] Trial 998 finished with value: 0.0 and parameters: {'b': 2048, 'ub': 512, 'ngl': 28, 'ngld': 7, 'spec_n': 4, 'moe': 10, 't': 12, 'tb': 24}. Best is trial 0 with value: 0.0.

════════════════════════════════════════════════════════════════════════════════
🤖 OPTUNA DENEMESİ [#1000 / 1000] BAŞLIYOR...
🧪 Test Edilen Set: B:2048 | UB:2048 | NGL:28 | DRAFT:1 | MTP:2 | MOE:0 | T:6 | TB:16
   💀 BAŞARISIZ! (Sebep: CRASH_OR_TIMEOUT | Son Hız: 0.0) -> Optuna bu seti cezalandırdı (Skor: 0)
[I 2026-07-10 02:53:28,513] Trial 999 finished with value: 0.0 and parameters: {'b': 2048, 'ub': 2048, 'ngl': 28, 'ngld': 1, 'spec_n': 2, 'moe': 0, 't': 6, 'tb': 16}. Best is trial 0 with value: 0.0.

🔥🔥🔥🔥🔥🔥🔥🔥🔥🔥🔥🔥🔥🔥🔥🔥🔥🔥🔥🔥
🎉 TESTLER BİTTİ! İŞTE BİLGİSAYARINIZ İÇİN BULUNAN EN KUSURSUZ AYAR:
🔥🔥🔥🔥🔥🔥🔥🔥🔥🔥🔥🔥🔥🔥🔥🔥🔥🔥🔥🔥
Skor: 0.00
  -> b: 2048
  -> ub: 2048
  -> ngl: 20
  -> ngld: 5
  -> spec_n: 4
  -> moe: 2
  -> t: 6
  -> tb: 16

Tüm detaylar gemma4_256k_optuna_tuner_2nd.csv dosyasına kaydedildi.
PS F:\> F:\gemma4_256k_optuna_tuner.csv
