[I 2026-07-10 01:48:23,163] Trial 863 finished with value: 0.0 and parameters: {'b': 2048, 'ub': 1024, 'ngl': 20, 'ngld': 3, 'spec_n': 4, 'moe': 2, 't': 3, 'tb': 24}. Best is trial 0 with value: 0.0.

════════════════════════════════════════════════════════════════════════════════
🤖 OPTUNA DENEMESİ [#865 / 1000] BAŞLIYOR...
🧪 Test Edilen Set: B:2048 | UB:512 | NGL:28 | DRAFT:5 | MTP:2 | MOE:4 | T:12 | TB:16
      🔍 [Watchdog] Anlık Hız: 213.92 tok/s
      🔍 [Watchdog] Anlık Hız: 156.37 tok/s
   💀 BAŞARISIZ! (Sebep: KILLED_LOW_TPS | Son Hız: 156.4) -> Optuna bu seti cezalandırdı (Skor: 0)
[I 2026-07-10 01:48:56,499] Trial 864 finished with value: 0.0 and parameters: {'b': 2048, 'ub': 512, 'ngl': 28, 'ngld': 5, 'spec_n': 2, 'moe': 4, 't': 12, 'tb': 16}. Best is trial 0 with value: 0.0.

════════════════════════════════════════════════════════════════════════════════
🤖 OPTUNA DENEMESİ [#866 / 1000] BAŞLIYOR...
🧪 Test Edilen Set: B:2048 | UB:2048 | NGL:28 | DRAFT:7 | MTP:2 | MOE:10 | T:6 | TB:8
      🔍 [Watchdog] Anlık Hız: 143.01 tok/s
   💀 BAŞARISIZ! (Sebep: KILLED_LOW_TPS | Son Hız: 143.0) -> Optuna bu seti cezalandırdı (Skor: 0)
[I 2026-07-10 01:49:18,368] Trial 865 finished with value: 0.0 and parameters: {'b': 2048, 'ub': 2048, 'ngl': 28, 'ngld': 7, 'spec_n': 2, 'moe': 10, 't': 6, 'tb': 8}. Best is trial 0 with value: 0.0.

════════════════════════════════════════════════════════════════════════════════
🤖 OPTUNA DENEMESİ [#867 / 1000] BAŞLIYOR...
🧪 Test Edilen Set: B:2048 | UB:1024 | NGL:20 | DRAFT:1 | MTP:3 | MOE:0 | T:12 | TB:24
      🔍 [Watchdog] Anlık Hız: 228.63 tok/s
      🔍 [Watchdog] Anlık Hız: 171.47 tok/s
   💀 BAŞARISIZ! (Sebep: KILLED_LOW_TPS | Son Hız: 171.5) -> Optuna bu seti cezalandırdı (Skor: 0)
[I 2026-07-10 01:49:50,550] Trial 866 finished with value: 0.0 and parameters: {'b': 2048, 'ub': 1024, 'ngl': 20, 'ngld': 1, 'spec_n': 3, 'moe': 0, 't': 12, 'tb': 24}. Best is trial 0 with value: 0.0.

════════════════════════════════════════════════════════════════════════════════
🤖 OPTUNA DENEMESİ [#868 / 1000] BAŞLIYOR...
🧪 Test Edilen Set: B:2048 | UB:2048 | NGL:24 | DRAFT:9 | MTP:4 | MOE:2 | T:3 | TB:16
      🔍 [Watchdog] Anlık Hız: 205.49 tok/s
      🔍 [Watchdog] Anlık Hız: 153.20 tok/s
   💀 BAŞARISIZ! (Sebep: KILLED_LOW_TPS | Son Hız: 153.2) -> Optuna bu seti cezalandırdı (Skor: 0)
[I 2026-07-10 01:50:24,939] Trial 867 finished with value: 0.0 and parameters: {'b': 2048, 'ub': 2048, 'ngl': 24, 'ngld': 9, 'spec_n': 4, 'moe': 2, 't': 3, 'tb': 16}. Best is trial 0 with value: 0.0.

════════════════════════════════════════════════════════════════════════════════
🤖 OPTUNA DENEMESİ [#869 / 1000] BAŞLIYOR...
🧪 Test Edilen Set: B:2048 | UB:512 | NGL:28 | DRAFT:5 | MTP:2 | MOE:4 | T:6 | TB:24
      🔍 [Watchdog] Anlık Hız: 236.34 tok/s
      🔍 [Watchdog] Anlık Hız: 175.81 tok/s
   💀 BAŞARISIZ! (Sebep: KILLED_LOW_TPS | Son Hız: 175.8) -> Optuna bu seti cezalandırdı (Skor: 0)
[I 2026-07-10 01:50:56,116] Trial 868 finished with value: 0.0 and parameters: {'b': 2048, 'ub': 512, 'ngl': 28, 'ngld': 5, 'spec_n': 2, 'moe': 4, 't': 6, 'tb': 24}. Best is trial 0 with value: 0.0.

════════════════════════════════════════════════════════════════════════════════
🤖 OPTUNA DENEMESİ [#870 / 1000] BAŞLIYOR...
🧪 Test Edilen Set: B:2048 | UB:1024 | NGL:20 | DRAFT:3 | MTP:4 | MOE:8 | T:12 | TB:16
      🔍 [Watchdog] Anlık Hız: 202.88 tok/s
      🔍 [Watchdog] Anlık Hız: 149.94 tok/s
   💀 BAŞARISIZ! (Sebep: KILLED_LOW_TPS | Son Hız: 149.9) -> Optuna bu seti cezalandırdı (Skor: 0)
[I 2026-07-10 01:51:31,580] Trial 869 finished with value: 0.0 and parameters: {'b': 2048, 'ub': 1024, 'ngl': 20, 'ngld': 3, 'spec_n': 4, 'moe': 8, 't': 12, 'tb': 16}. Best is trial 0 with value: 0.0.

════════════════════════════════════════════════════════════════════════════════
🤖 OPTUNA DENEMESİ [#871 / 1000] BAŞLIYOR...
🧪 Test Edilen Set: B:2048 | UB:2048 | NGL:28 | DRAFT:5 | MTP:2 | MOE:10 | T:3 | TB:8
      🔍 [Watchdog] Anlık Hız: 143.22 tok/s
   💀 BAŞARISIZ! (Sebep: KILLED_LOW_TPS | Son Hız: 143.2) -> Optuna bu seti cezalandırdı (Skor: 0)
[I 2026-07-10 01:51:53,449] Trial 870 finished with value: 0.0 and parameters: {'b': 2048, 'ub': 2048, 'ngl': 28, 'ngld': 5, 'spec_n': 2, 'moe': 10, 't': 3, 'tb': 8}. Best is trial 0 with value: 0.0.

════════════════════════════════════════════════════════════════════════════════
🤖 OPTUNA DENEMESİ [#872 / 1000] BAŞLIYOR...
🧪 Test Edilen Set: B:2048 | UB:512 | NGL:24 | DRAFT:1 | MTP:3 | MOE:4 | T:6 | TB:24
      🔍 [Watchdog] Anlık Hız: 227.36 tok/s
      🔍 [Watchdog] Anlık Hız: 170.47 tok/s
   💀 BAŞARISIZ! (Sebep: KILLED_LOW_TPS | Son Hız: 170.5) -> Optuna bu seti cezalandırdı (Skor: 0)
[I 2026-07-10 01:52:24,932] Trial 871 finished with value: 0.0 and parameters: {'b': 2048, 'ub': 512, 'ngl': 24, 'ngld': 1, 'spec_n': 3, 'moe': 4, 't': 6, 'tb': 24}. Best is trial 0 with value: 0.0.

════════════════════════════════════════════════════════════════════════════════
🤖 OPTUNA DENEMESİ [#873 / 1000] BAŞLIYOR...
🧪 Test Edilen Set: B:2048 | UB:1024 | NGL:28 | DRAFT:7 | MTP:4 | MOE:2 | T:12 | TB:16
      🔍 [Watchdog] Anlık Hız: 199.82 tok/s
   💀 BAŞARISIZ! (Sebep: KILLED_LOW_TPS | Son Hız: 199.8) -> Optuna bu seti cezalandırdı (Skor: 0)
[I 2026-07-10 01:52:42,652] Trial 872 finished with value: 0.0 and parameters: {'b': 2048, 'ub': 1024, 'ngl': 28, 'ngld': 7, 'spec_n': 4, 'moe': 2, 't': 12, 'tb': 16}. Best is trial 0 with value: 0.0.

════════════════════════════════════════════════════════════════════════════════
🤖 OPTUNA DENEMESİ [#874 / 1000] BAŞLIYOR...
🧪 Test Edilen Set: B:2048 | UB:2048 | NGL:20 | DRAFT:5 | MTP:2 | MOE:0 | T:3 | TB:16
      🔍 [Watchdog] Anlık Hız: 201.67 tok/s
      🔍 [Watchdog] Anlık Hız: 149.54 tok/s
   💀 BAŞARISIZ! (Sebep: KILLED_LOW_TPS | Son Hız: 149.5) -> Optuna bu seti cezalandırdı (Skor: 0)
[I 2026-07-10 01:53:18,084] Trial 873 finished with value: 0.0 and parameters: {'b': 2048, 'ub': 2048, 'ngl': 20, 'ngld': 5, 'spec_n': 2, 'moe': 0, 't': 3, 'tb': 16}. Best is trial 0 with value: 0.0.

════════════════════════════════════════════════════════════════════════════════
🤖 OPTUNA DENEMESİ [#875 / 1000] BAŞLIYOR...
🧪 Test Edilen Set: B:2048 | UB:512 | NGL:28 | DRAFT:9 | MTP:4 | MOE:10 | T:12 | TB:24
      🔍 [Watchdog] Anlık Hız: 221.27 tok/s
      🔍 [Watchdog] Anlık Hız: 167.70 tok/s
   💀 BAŞARISIZ! (Sebep: KILLED_LOW_TPS | Son Hız: 167.7) -> Optuna bu seti cezalandırdı (Skor: 0)
[I 2026-07-10 01:53:50,164] Trial 874 finished with value: 0.0 and parameters: {'b': 2048, 'ub': 512, 'ngl': 28, 'ngld': 9, 'spec_n': 4, 'moe': 10, 't': 12, 'tb': 24}. Best is trial 0 with value: 0.0.

════════════════════════════════════════════════════════════════════════════════
🤖 OPTUNA DENEMESİ [#876 / 1000] BAŞLIYOR...
🧪 Test Edilen Set: B:2048 | UB:1024 | NGL:20 | DRAFT:1 | MTP:2 | MOE:4 | T:6 | TB:16
      🔍 [Watchdog] Anlık Hız: 204.63 tok/s
      🔍 [Watchdog] Anlık Hız: 154.15 tok/s
   💀 BAŞARISIZ! (Sebep: KILLED_LOW_TPS | Son Hız: 154.2) -> Optuna bu seti cezalandırdı (Skor: 0)
[I 2026-07-10 01:54:24,610] Trial 875 finished with value: 0.0 and parameters: {'b': 2048, 'ub': 1024, 'ngl': 20, 'ngld': 1, 'spec_n': 2, 'moe': 4, 't': 6, 'tb': 16}. Best is trial 0 with value: 0.0.

════════════════════════════════════════════════════════════════════════════════
🤖 OPTUNA DENEMESİ [#877 / 1000] BAŞLIYOR...
🧪 Test Edilen Set: B:2048 | UB:2048 | NGL:28 | DRAFT:5 | MTP:2 | MOE:8 | T:3 | TB:8
      🔍 [Watchdog] Anlık Hız: 143.57 tok/s
   💀 BAŞARISIZ! (Sebep: KILLED_LOW_TPS | Son Hız: 143.6) -> Optuna bu seti cezalandırdı (Skor: 0)
[I 2026-07-10 01:54:46,490] Trial 876 finished with value: 0.0 and parameters: {'b': 2048, 'ub': 2048, 'ngl': 28, 'ngld': 5, 'spec_n': 2, 'moe': 8, 't': 3, 'tb': 8}. Best is trial 0 with value: 0.0.

════════════════════════════════════════════════════════════════════════════════
🤖 OPTUNA DENEMESİ [#878 / 1000] BAŞLIYOR...
🧪 Test Edilen Set: B:2048 | UB:512 | NGL:24 | DRAFT:3 | MTP:3 | MOE:2 | T:12 | TB:24
      🔍 [Watchdog] Anlık Hız: 227.59 tok/s
      🔍 [Watchdog] Anlık Hız: 171.13 tok/s
   💀 BAŞARISIZ! (Sebep: KILLED_LOW_TPS | Son Hız: 171.1) -> Optuna bu seti cezalandırdı (Skor: 0)
[I 2026-07-10 01:55:17,422] Trial 877 finished with value: 0.0 and parameters: {'b': 2048, 'ub': 512, 'ngl': 24, 'ngld': 3, 'spec_n': 3, 'moe': 2, 't': 12, 'tb': 24}. Best is trial 0 with value: 0.0.

════════════════════════════════════════════════════════════════════════════════
🤖 OPTUNA DENEMESİ [#879 / 1000] BAŞLIYOR...
🧪 Test Edilen Set: B:2048 | UB:1024 | NGL:28 | DRAFT:5 | MTP:4 | MOE:10 | T:6 | TB:16
      🔍 [Watchdog] Anlık Hız: 205.75 tok/s
      🔍 [Watchdog] Anlık Hız: 153.24 tok/s
   💀 BAŞARISIZ! (Sebep: KILLED_LOW_TPS | Son Hız: 153.2) -> Optuna bu seti cezalandırdı (Skor: 0)
[I 2026-07-10 01:55:51,813] Trial 878 finished with value: 0.0 and parameters: {'b': 2048, 'ub': 1024, 'ngl': 28, 'ngld': 5, 'spec_n': 4, 'moe': 10, 't': 6, 'tb': 16}. Best is trial 0 with value: 0.0.

════════════════════════════════════════════════════════════════════════════════
🤖 OPTUNA DENEMESİ [#880 / 1000] BAŞLIYOR...
🧪 Test Edilen Set: B:2048 | UB:2048 | NGL:20 | DRAFT:1 | MTP:2 | MOE:4 | T:3 | TB:24
      🔍 [Watchdog] Anlık Hız: 225.97 tok/s
      🔍 [Watchdog] Anlık Hız: 168.74 tok/s
   💀 BAŞARISIZ! (Sebep: KILLED_LOW_TPS | Son Hız: 168.7) -> Optuna bu seti cezalandırdı (Skor: 0)
[I 2026-07-10 01:56:24,073] Trial 879 finished with value: 0.0 and parameters: {'b': 2048, 'ub': 2048, 'ngl': 20, 'ngld': 1, 'spec_n': 2, 'moe': 4, 't': 3, 'tb': 24}. Best is trial 0 with value: 0.0.

════════════════════════════════════════════════════════════════════════════════
🤖 OPTUNA DENEMESİ [#881 / 1000] BAŞLIYOR...
🧪 Test Edilen Set: B:2048 | UB:512 | NGL:28 | DRAFT:7 | MTP:4 | MOE:0 | T:12 | TB:16
      🔍 [Watchdog] Anlık Hız: 214.74 tok/s
      🔍 [Watchdog] Anlık Hız: 159.40 tok/s
   💀 BAŞARISIZ! (Sebep: KILLED_LOW_TPS | Son Hız: 159.4) -> Optuna bu seti cezalandırdı (Skor: 0)
[I 2026-07-10 01:56:57,423] Trial 880 finished with value: 0.0 and parameters: {'b': 2048, 'ub': 512, 'ngl': 28, 'ngld': 7, 'spec_n': 4, 'moe': 0, 't': 12, 'tb': 16}. Best is trial 0 with value: 0.0.

════════════════════════════════════════════════════════════════════════════════
🤖 OPTUNA DENEMESİ [#882 / 1000] BAŞLIYOR...
🧪 Test Edilen Set: B:2048 | UB:2048 | NGL:20 | DRAFT:5 | MTP:2 | MOE:2 | T:6 | TB:8
      🔍 [Watchdog] Anlık Hız: 141.10 tok/s
   💀 BAŞARISIZ! (Sebep: KILLED_LOW_TPS | Son Hız: 141.1) -> Optuna bu seti cezalandırdı (Skor: 0)
[I 2026-07-10 01:57:19,362] Trial 881 finished with value: 0.0 and parameters: {'b': 2048, 'ub': 2048, 'ngl': 20, 'ngld': 5, 'spec_n': 2, 'moe': 2, 't': 6, 'tb': 8}. Best is trial 0 with value: 0.0.

════════════════════════════════════════════════════════════════════════════════
🤖 OPTUNA DENEMESİ [#883 / 1000] BAŞLIYOR...
🧪 Test Edilen Set: B:2048 | UB:1024 | NGL:28 | DRAFT:9 | MTP:3 | MOE:10 | T:3 | TB:16
      🔍 [Watchdog] Anlık Hız: 208.59 tok/s
      🔍 [Watchdog] Anlık Hız: 140.94 tok/s
   💀 BAŞARISIZ! (Sebep: KILLED_LOW_TPS | Son Hız: 140.9) -> Optuna bu seti cezalandırdı (Skor: 0)
[I 2026-07-10 01:57:55,802] Trial 882 finished with value: 0.0 and parameters: {'b': 2048, 'ub': 1024, 'ngl': 28, 'ngld': 9, 'spec_n': 3, 'moe': 10, 't': 3, 'tb': 16}. Best is trial 0 with value: 0.0.

════════════════════════════════════════════════════════════════════════════════
🤖 OPTUNA DENEMESİ [#884 / 1000] BAŞLIYOR...
🧪 Test Edilen Set: B:2048 | UB:512 | NGL:24 | DRAFT:1 | MTP:4 | MOE:4 | T:12 | TB:24
      🔍 [Watchdog] Anlık Hız: 227.20 tok/s
      🔍 [Watchdog] Anlık Hız: 171.17 tok/s
   💀 BAŞARISIZ! (Sebep: KILLED_LOW_TPS | Son Hız: 171.2) -> Optuna bu seti cezalandırdı (Skor: 0)
[I 2026-07-10 01:58:26,831] Trial 883 finished with value: 0.0 and parameters: {'b': 2048, 'ub': 512, 'ngl': 24, 'ngld': 1, 'spec_n': 4, 'moe': 4, 't': 12, 'tb': 24}. Best is trial 0 with value: 0.0.

════════════════════════════════════════════════════════════════════════════════
🤖 OPTUNA DENEMESİ [#885 / 1000] BAŞLIYOR...
🧪 Test Edilen Set: B:2048 | UB:2048 | NGL:28 | DRAFT:5 | MTP:2 | MOE:8 | T:6 | TB:16
      🔍 [Watchdog] Anlık Hız: 205.23 tok/s
      🔍 [Watchdog] Anlık Hız: 152.84 tok/s
   💀 BAŞARISIZ! (Sebep: KILLED_LOW_TPS | Son Hız: 152.8) -> Optuna bu seti cezalandırdı (Skor: 0)
[I 2026-07-10 01:59:01,224] Trial 884 finished with value: 0.0 and parameters: {'b': 2048, 'ub': 2048, 'ngl': 28, 'ngld': 5, 'spec_n': 2, 'moe': 8, 't': 6, 'tb': 16}. Best is trial 0 with value: 0.0.

════════════════════════════════════════════════════════════════════════════════
🤖 OPTUNA DENEMESİ [#886 / 1000] BAŞLIYOR...
🧪 Test Edilen Set: B:2048 | UB:1024 | NGL:20 | DRAFT:3 | MTP:2 | MOE:2 | T:3 | TB:24
      🔍 [Watchdog] Anlık Hız: 230.95 tok/s
      🔍 [Watchdog] Anlık Hız: 169.85 tok/s
   💀 BAŞARISIZ! (Sebep: KILLED_LOW_TPS | Son Hız: 169.8) -> Optuna bu seti cezalandırdı (Skor: 0)
[I 2026-07-10 01:59:33,609] Trial 885 finished with value: 0.0 and parameters: {'b': 2048, 'ub': 1024, 'ngl': 20, 'ngld': 3, 'spec_n': 2, 'moe': 2, 't': 3, 'tb': 24}. Best is trial 0 with value: 0.0.

════════════════════════════════════════════════════════════════════════════════
🤖 OPTUNA DENEMESİ [#887 / 1000] BAŞLIYOR...
🧪 Test Edilen Set: B:2048 | UB:512 | NGL:28 | DRAFT:5 | MTP:4 | MOE:10 | T:12 | TB:16
      🔍 [Watchdog] Anlık Hız: 201.88 tok/s
      🔍 [Watchdog] Anlık Hız: 150.56 tok/s
   💀 BAŞARISIZ! (Sebep: KILLED_LOW_TPS | Son Hız: 150.6) -> Optuna bu seti cezalandırdı (Skor: 0)
[I 2026-07-10 02:00:08,043] Trial 886 finished with value: 0.0 and parameters: {'b': 2048, 'ub': 512, 'ngl': 28, 'ngld': 5, 'spec_n': 4, 'moe': 10, 't': 12, 'tb': 16}. Best is trial 0 with value: 0.0.

════════════════════════════════════════════════════════════════════════════════
🤖 OPTUNA DENEMESİ [#888 / 1000] BAŞLIYOR...
🧪 Test Edilen Set: B:2048 | UB:2048 | NGL:20 | DRAFT:7 | MTP:2 | MOE:4 | T:6 | TB:8
      🔍 [Watchdog] Anlık Hız: 135.49 tok/s
   💀 BAŞARISIZ! (Sebep: KILLED_LOW_TPS | Son Hız: 135.5) -> Optuna bu seti cezalandırdı (Skor: 0)
[I 2026-07-10 02:00:30,986] Trial 887 finished with value: 0.0 and parameters: {'b': 2048, 'ub': 2048, 'ngl': 20, 'ngld': 7, 'spec_n': 2, 'moe': 4, 't': 6, 'tb': 8}. Best is trial 0 with value: 0.0.

════════════════════════════════════════════════════════════════════════════════
🤖 OPTUNA DENEMESİ [#889 / 1000] BAŞLIYOR...
🧪 Test Edilen Set: B:2048 | UB:1024 | NGL:24 | DRAFT:1 | MTP:3 | MOE:0 | T:3 | TB:24
      🔍 [Watchdog] Anlık Hız: 235.37 tok/s
      🔍 [Watchdog] Anlık Hız: 162.46 tok/s
   💀 BAŞARISIZ! (Sebep: KILLED_LOW_TPS | Son Hız: 162.5) -> Optuna bu seti cezalandırdı (Skor: 0)
[I 2026-07-10 02:01:03,435] Trial 888 finished with value: 0.0 and parameters: {'b': 2048, 'ub': 1024, 'ngl': 24, 'ngld': 1, 'spec_n': 3, 'moe': 0, 't': 3, 'tb': 24}. Best is trial 0 with value: 0.0.

════════════════════════════════════════════════════════════════════════════════
🤖 OPTUNA DENEMESİ [#890 / 1000] BAŞLIYOR...
🧪 Test Edilen Set: B:2048 | UB:512 | NGL:28 | DRAFT:9 | MTP:4 | MOE:2 | T:12 | TB:16
      🔍 [Watchdog] Anlık Hız: 214.35 tok/s
      🔍 [Watchdog] Anlık Hız: 157.04 tok/s
   💀 BAŞARISIZ! (Sebep: KILLED_LOW_TPS | Son Hız: 157.0) -> Optuna bu seti cezalandırdı (Skor: 0)
[I 2026-07-10 02:01:36,769] Trial 889 finished with value: 0.0 and parameters: {'b': 2048, 'ub': 512, 'ngl': 28, 'ngld': 9, 'spec_n': 4, 'moe': 2, 't': 12, 'tb': 16}. Best is trial 0 with value: 0.0.

════════════════════════════════════════════════════════════════════════════════
🤖 OPTUNA DENEMESİ [#891 / 1000] BAŞLIYOR...
🧪 Test Edilen Set: B:2048 | UB:2048 | NGL:28 | DRAFT:5 | MTP:2 | MOE:4 | T:6 | TB:16
      🔍 [Watchdog] Anlık Hız: 208.86 tok/s
      🔍 [Watchdog] Anlık Hız: 155.51 tok/s
   💀 BAŞARISIZ! (Sebep: KILLED_LOW_TPS | Son Hız: 155.5) -> Optuna bu seti cezalandırdı (Skor: 0)
[I 2026-07-10 02:02:11,170] Trial 890 finished with value: 0.0 and parameters: {'b': 2048, 'ub': 2048, 'ngl': 28, 'ngld': 5, 'spec_n': 2, 'moe': 4, 't': 6, 'tb': 16}. Best is trial 0 with value: 0.0.

════════════════════════════════════════════════════════════════════════════════
🤖 OPTUNA DENEMESİ [#892 / 1000] BAŞLIYOR...
🧪 Test Edilen Set: B:2048 | UB:1024 | NGL:20 | DRAFT:3 | MTP:4 | MOE:8 | T:3 | TB:24
      🔍 [Watchdog] Anlık Hız: 231.24 tok/s
      🔍 [Watchdog] Anlık Hız: 170.88 tok/s
   💀 BAŞARISIZ! (Sebep: KILLED_LOW_TPS | Son Hız: 170.9) -> Optuna bu seti cezalandırdı (Skor: 0)
[I 2026-07-10 02:02:43,432] Trial 891 finished with value: 0.0 and parameters: {'b': 2048, 'ub': 1024, 'ngl': 20, 'ngld': 3, 'spec_n': 4, 'moe': 8, 't': 3, 'tb': 24}. Best is trial 0 with value: 0.0.

════════════════════════════════════════════════════════════════════════════════
🤖 OPTUNA DENEMESİ [#893 / 1000] BAŞLIYOR...
🧪 Test Edilen Set: B:2048 | UB:512 | NGL:28 | DRAFT:1 | MTP:2 | MOE:10 | T:12 | TB:8
      🔍 [Watchdog] Anlık Hız: 137.61 tok/s
   💀 BAŞARISIZ! (Sebep: KILLED_LOW_TPS | Son Hız: 137.6) -> Optuna bu seti cezalandırdı (Skor: 0)
[I 2026-07-10 02:03:05,320] Trial 892 finished with value: 0.0 and parameters: {'b': 2048, 'ub': 512, 'ngl': 28, 'ngld': 1, 'spec_n': 2, 'moe': 10, 't': 12, 'tb': 8}. Best is trial 0 with value: 0.0.

════════════════════════════════════════════════════════════════════════════════
🤖 OPTUNA DENEMESİ [#894 / 1000] BAŞLIYOR...
🧪 Test Edilen Set: B:2048 | UB:2048 | NGL:24 | DRAFT:5 | MTP:3 | MOE:2 | T:6 | TB:16
      🔍 [Watchdog] Anlık Hız: 207.63 tok/s
      🔍 [Watchdog] Anlık Hız: 152.07 tok/s
   💀 BAŞARISIZ! (Sebep: KILLED_LOW_TPS | Son Hız: 152.1) -> Optuna bu seti cezalandırdı (Skor: 0)
[I 2026-07-10 02:03:39,706] Trial 893 finished with value: 0.0 and parameters: {'b': 2048, 'ub': 2048, 'ngl': 24, 'ngld': 5, 'spec_n': 3, 'moe': 2, 't': 6, 'tb': 16}. Best is trial 0 with value: 0.0.

════════════════════════════════════════════════════════════════════════════════
🤖 OPTUNA DENEMESİ [#895 / 1000] BAŞLIYOR...
🧪 Test Edilen Set: B:2048 | UB:1024 | NGL:20 | DRAFT:7 | MTP:4 | MOE:4 | T:12 | TB:24
      🔍 [Watchdog] Anlık Hız: 230.25 tok/s
      🔍 [Watchdog] Anlık Hız: 172.26 tok/s
   💀 BAŞARISIZ! (Sebep: KILLED_LOW_TPS | Son Hız: 172.3) -> Optuna bu seti cezalandırdı (Skor: 0)
[I 2026-07-10 02:04:11,044] Trial 894 finished with value: 0.0 and parameters: {'b': 2048, 'ub': 1024, 'ngl': 20, 'ngld': 7, 'spec_n': 4, 'moe': 4, 't': 12, 'tb': 24}. Best is trial 0 with value: 0.0.

════════════════════════════════════════════════════════════════════════════════
🤖 OPTUNA DENEMESİ [#896 / 1000] BAŞLIYOR...
🧪 Test Edilen Set: B:2048 | UB:512 | NGL:28 | DRAFT:5 | MTP:2 | MOE:0 | T:3 | TB:16
      🔍 [Watchdog] Anlık Hız: 213.79 tok/s
      🔍 [Watchdog] Anlık Hız: 158.05 tok/s
   💀 BAŞARISIZ! (Sebep: KILLED_LOW_TPS | Son Hız: 158.1) -> Optuna bu seti cezalandırdı (Skor: 0)
[I 2026-07-10 02:04:44,383] Trial 895 finished with value: 0.0 and parameters: {'b': 2048, 'ub': 512, 'ngl': 28, 'ngld': 5, 'spec_n': 2, 'moe': 0, 't': 3, 'tb': 16}. Best is trial 0 with value: 0.0.

════════════════════════════════════════════════════════════════════════════════
🤖 OPTUNA DENEMESİ [#897 / 1000] BAŞLIYOR...
🧪 Test Edilen Set: B:2048 | UB:2048 | NGL:28 | DRAFT:1 | MTP:2 | MOE:10 | T:6 | TB:24
      🔍 [Watchdog] Anlık Hız: 227.52 tok/s
      🔍 [Watchdog] Anlık Hız: 171.43 tok/s
   💀 BAŞARISIZ! (Sebep: KILLED_LOW_TPS | Son Hız: 171.4) -> Optuna bu seti cezalandırdı (Skor: 0)
[I 2026-07-10 02:05:15,625] Trial 896 finished with value: 0.0 and parameters: {'b': 2048, 'ub': 2048, 'ngl': 28, 'ngld': 1, 'spec_n': 2, 'moe': 10, 't': 6, 'tb': 24}. Best is trial 0 with value: 0.0.

════════════════════════════════════════════════════════════════════════════════
🤖 OPTUNA DENEMESİ [#898 / 1000] BAŞLIYOR...
🧪 Test Edilen Set: B:2048 | UB:1024 | NGL:20 | DRAFT:9 | MTP:4 | MOE:2 | T:12 | TB:16
      🔍 [Watchdog] Anlık Hız: 201.82 tok/s
      🔍 [Watchdog] Anlık Hız: 151.49 tok/s
   💀 BAŞARISIZ! (Sebep: KILLED_LOW_TPS | Son Hız: 151.5) -> Optuna bu seti cezalandırdı (Skor: 0)
[I 2026-07-10 02:05:49,997] Trial 897 finished with value: 0.0 and parameters: {'b': 2048, 'ub': 1024, 'ngl': 20, 'ngld': 9, 'spec_n': 4, 'moe': 2, 't': 12, 'tb': 16}. Best is trial 0 with value: 0.0.

════════════════════════════════════════════════════════════════════════════════
🤖 OPTUNA DENEMESİ [#899 / 1000] BAŞLIYOR...
🧪 Test Edilen Set: B:2048 | UB:2048 | NGL:28 | DRAFT:5 | MTP:2 | MOE:8 | T:3 | TB:8
      🔍 [Watchdog] Anlık Hız: 140.35 tok/s
   💀 BAŞARISIZ! (Sebep: KILLED_LOW_TPS | Son Hız: 140.3) -> Optuna bu seti cezalandırdı (Skor: 0)
[I 2026-07-10 02:06:11,888] Trial 898 finished with value: 0.0 and parameters: {'b': 2048, 'ub': 2048, 'ngl': 28, 'ngld': 5, 'spec_n': 2, 'moe': 8, 't': 3, 'tb': 8}. Best is trial 0 with value: 0.0.

════════════════════════════════════════════════════════════════════════════════
🤖 OPTUNA DENEMESİ [#900 / 1000] BAŞLIYOR...
🧪 Test Edilen Set: B:2048 | UB:512 | NGL:24 | DRAFT:3 | MTP:3 | MOE:4 | T:6 | TB:24
      🔍 [Watchdog] Anlık Hız: 228.02 tok/s
      🔍 [Watchdog] Anlık Hız: 170.64 tok/s
   💀 BAŞARISIZ! (Sebep: KILLED_LOW_TPS | Son Hız: 170.6) -> Optuna bu seti cezalandırdı (Skor: 0)
[I 2026-07-10 02:06:42,990] Trial 899 finished with value: 0.0 and parameters: {'b': 2048, 'ub': 512, 'ngl': 24, 'ngld': 3, 'spec_n': 3, 'moe': 4, 't': 6, 'tb': 24}. Best is trial 0 with value: 0.0.

════════════════════════════════════════════════════════════════════════════════
🤖 OPTUNA DENEMESİ [#901 / 1000] BAŞLIYOR...
🧪 Test Edilen Set: B:2048 | UB:1024 | NGL:28 | DRAFT:5 | MTP:4 | MOE:10 | T:12 | TB:16
      🔍 [Watchdog] Anlık Hız: 208.29 tok/s
      🔍 [Watchdog] Anlık Hız: 154.47 tok/s
   💀 BAŞARISIZ! (Sebep: KILLED_LOW_TPS | Son Hız: 154.5) -> Optuna bu seti cezalandırdı (Skor: 0)
