[I 2026-07-09 19:54:12,508] Trial 112 finished with value: 0.0 and parameters: {'b': 2048, 'ub': 512, 'ngl': 20, 'ngld': 5, 'spec_n': 4, 'moe': 10, 't': 12, 'tb': 16}. Best is trial 0 with value: 0.0.

════════════════════════════════════════════════════════════════════════════════
🤖 OPTUNA DENEMESİ [#114 / 1000] BAŞLIYOR...
🧪 Test Edilen Set: B:2048 | UB:512 | NGL:20 | DRAFT:5 | MTP:4 | MOE:10 | T:12 | TB:16
      🔍 [Watchdog] Anlık Hız: 189.32 tok/s
   💀 BAŞARISIZ! (Sebep: KILLED_LOW_TPS | Son Hız: 189.3) -> Optuna bu seti cezalandırdı (Skor: 0)
[I 2026-07-09 19:54:31,286] Trial 113 finished with value: 0.0 and parameters: {'b': 2048, 'ub': 512, 'ngl': 20, 'ngld': 5, 'spec_n': 4, 'moe': 10, 't': 12, 'tb': 16}. Best is trial 0 with value: 0.0.

════════════════════════════════════════════════════════════════════════════════
🤖 OPTUNA DENEMESİ [#115 / 1000] BAŞLIYOR...
🧪 Test Edilen Set: B:2048 | UB:512 | NGL:20 | DRAFT:5 | MTP:4 | MOE:0 | T:12 | TB:16
      🔍 [Watchdog] Anlık Hız: 192.81 tok/s
   💀 BAŞARISIZ! (Sebep: KILLED_LOW_TPS | Son Hız: 192.8) -> Optuna bu seti cezalandırdı (Skor: 0)
[I 2026-07-09 19:54:50,054] Trial 114 finished with value: 0.0 and parameters: {'b': 2048, 'ub': 512, 'ngl': 20, 'ngld': 5, 'spec_n': 4, 'moe': 0, 't': 12, 'tb': 16}. Best is trial 0 with value: 0.0.

════════════════════════════════════════════════════════════════════════════════
🤖 OPTUNA DENEMESİ [#116 / 1000] BAŞLIYOR...
🧪 Test Edilen Set: B:2048 | UB:512 | NGL:28 | DRAFT:5 | MTP:4 | MOE:2 | T:12 | TB:8
      🔍 [Watchdog] Anlık Hız: 146.96 tok/s
   💀 BAŞARISIZ! (Sebep: KILLED_LOW_TPS | Son Hız: 147.0) -> Optuna bu seti cezalandırdı (Skor: 0)
[I 2026-07-09 19:55:10,818] Trial 115 finished with value: 0.0 and parameters: {'b': 2048, 'ub': 512, 'ngl': 28, 'ngld': 5, 'spec_n': 4, 'moe': 2, 't': 12, 'tb': 8}. Best is trial 0 with value: 0.0.

════════════════════════════════════════════════════════════════════════════════
🤖 OPTUNA DENEMESİ [#117 / 1000] BAŞLIYOR...
🧪 Test Edilen Set: B:2048 | UB:512 | NGL:20 | DRAFT:3 | MTP:3 | MOE:4 | T:3 | TB:16
      🔍 [Watchdog] Anlık Hız: 191.70 tok/s
   💀 BAŞARISIZ! (Sebep: KILLED_LOW_TPS | Son Hız: 191.7) -> Optuna bu seti cezalandırdı (Skor: 0)
[I 2026-07-09 19:55:29,614] Trial 116 finished with value: 0.0 and parameters: {'b': 2048, 'ub': 512, 'ngl': 20, 'ngld': 3, 'spec_n': 3, 'moe': 4, 't': 3, 'tb': 16}. Best is trial 0 with value: 0.0.

════════════════════════════════════════════════════════════════════════════════
🤖 OPTUNA DENEMESİ [#118 / 1000] BAŞLIYOR...
🧪 Test Edilen Set: B:2048 | UB:2048 | NGL:28 | DRAFT:5 | MTP:2 | MOE:10 | T:6 | TB:24
      🔍 [Watchdog] Anlık Hız: 226.76 tok/s
      🔍 [Watchdog] Anlık Hız: 169.87 tok/s
   💀 BAŞARISIZ! (Sebep: KILLED_LOW_TPS | Son Hız: 169.9) -> Optuna bu seti cezalandırdı (Skor: 0)
[I 2026-07-09 19:56:01,779] Trial 117 finished with value: 0.0 and parameters: {'b': 2048, 'ub': 2048, 'ngl': 28, 'ngld': 5, 'spec_n': 2, 'moe': 10, 't': 6, 'tb': 24}. Best is trial 0 with value: 0.0.

════════════════════════════════════════════════════════════════════════════════
🤖 OPTUNA DENEMESİ [#119 / 1000] BAŞLIYOR...
🧪 Test Edilen Set: B:2048 | UB:1024 | NGL:20 | DRAFT:1 | MTP:4 | MOE:8 | T:3 | TB:16
      🔍 [Watchdog] Anlık Hız: 202.26 tok/s
      🔍 [Watchdog] Anlık Hız: 150.16 tok/s
   💀 BAŞARISIZ! (Sebep: KILLED_LOW_TPS | Son Hız: 150.2) -> Optuna bu seti cezalandırdı (Skor: 0)
[I 2026-07-09 19:56:37,198] Trial 118 finished with value: 0.0 and parameters: {'b': 2048, 'ub': 1024, 'ngl': 20, 'ngld': 1, 'spec_n': 4, 'moe': 8, 't': 3, 'tb': 16}. Best is trial 0 with value: 0.0.

════════════════════════════════════════════════════════════════════════════════
🤖 OPTUNA DENEMESİ [#120 / 1000] BAŞLIYOR...
🧪 Test Edilen Set: B:2048 | UB:512 | NGL:24 | DRAFT:9 | MTP:2 | MOE:2 | T:12 | TB:8
      🔍 [Watchdog] Anlık Hız: 148.61 tok/s
   💀 BAŞARISIZ! (Sebep: KILLED_LOW_TPS | Son Hız: 148.6) -> Optuna bu seti cezalandırdı (Skor: 0)
[I 2026-07-09 19:56:57,982] Trial 119 finished with value: 0.0 and parameters: {'b': 2048, 'ub': 512, 'ngl': 24, 'ngld': 9, 'spec_n': 2, 'moe': 2, 't': 12, 'tb': 8}. Best is trial 0 with value: 0.0.

════════════════════════════════════════════════════════════════════════════════
🤖 OPTUNA DENEMESİ [#121 / 1000] BAŞLIYOR...
🧪 Test Edilen Set: B:2048 | UB:2048 | NGL:28 | DRAFT:7 | MTP:3 | MOE:10 | T:6 | TB:24
      🔍 [Watchdog] Anlık Hız: 226.31 tok/s
      🔍 [Watchdog] Anlık Hız: 168.09 tok/s
   💀 BAŞARISIZ! (Sebep: KILLED_LOW_TPS | Son Hız: 168.1) -> Optuna bu seti cezalandırdı (Skor: 0)
[I 2026-07-09 19:57:30,269] Trial 120 finished with value: 0.0 and parameters: {'b': 2048, 'ub': 2048, 'ngl': 28, 'ngld': 7, 'spec_n': 3, 'moe': 10, 't': 6, 'tb': 24}. Best is trial 0 with value: 0.0.

════════════════════════════════════════════════════════════════════════════════
🤖 OPTUNA DENEMESİ [#122 / 1000] BAŞLIYOR...
🧪 Test Edilen Set: B:2048 | UB:2048 | NGL:28 | DRAFT:5 | MTP:4 | MOE:8 | T:12 | TB:24
      🔍 [Watchdog] Anlık Hız: 226.31 tok/s
      🔍 [Watchdog] Anlık Hız: 170.05 tok/s
   💀 BAŞARISIZ! (Sebep: KILLED_LOW_TPS | Son Hız: 170.1) -> Optuna bu seti cezalandırdı (Skor: 0)
[I 2026-07-09 19:58:02,655] Trial 121 finished with value: 0.0 and parameters: {'b': 2048, 'ub': 2048, 'ngl': 28, 'ngld': 5, 'spec_n': 4, 'moe': 8, 't': 12, 'tb': 24}. Best is trial 0 with value: 0.0.

════════════════════════════════════════════════════════════════════════════════
🤖 OPTUNA DENEMESİ [#123 / 1000] BAŞLIYOR...
🧪 Test Edilen Set: B:2048 | UB:2048 | NGL:28 | DRAFT:5 | MTP:4 | MOE:8 | T:12 | TB:24
      🔍 [Watchdog] Anlık Hız: 226.68 tok/s
      🔍 [Watchdog] Anlık Hız: 170.84 tok/s
   💀 BAŞARISIZ! (Sebep: KILLED_LOW_TPS | Son Hız: 170.8) -> Optuna bu seti cezalandırdı (Skor: 0)
[I 2026-07-09 19:58:34,944] Trial 122 finished with value: 0.0 and parameters: {'b': 2048, 'ub': 2048, 'ngl': 28, 'ngld': 5, 'spec_n': 4, 'moe': 8, 't': 12, 'tb': 24}. Best is trial 0 with value: 0.0.

════════════════════════════════════════════════════════════════════════════════
🤖 OPTUNA DENEMESİ [#124 / 1000] BAŞLIYOR...
🧪 Test Edilen Set: B:2048 | UB:2048 | NGL:28 | DRAFT:5 | MTP:4 | MOE:8 | T:12 | TB:24
      🔍 [Watchdog] Anlık Hız: 228.32 tok/s
      🔍 [Watchdog] Anlık Hız: 170.83 tok/s
   💀 BAŞARISIZ! (Sebep: KILLED_LOW_TPS | Son Hız: 170.8) -> Optuna bu seti cezalandırdı (Skor: 0)
[I 2026-07-09 19:59:07,397] Trial 123 finished with value: 0.0 and parameters: {'b': 2048, 'ub': 2048, 'ngl': 28, 'ngld': 5, 'spec_n': 4, 'moe': 8, 't': 12, 'tb': 24}. Best is trial 0 with value: 0.0.

════════════════════════════════════════════════════════════════════════════════
🤖 OPTUNA DENEMESİ [#125 / 1000] BAŞLIYOR...
🧪 Test Edilen Set: B:2048 | UB:2048 | NGL:28 | DRAFT:5 | MTP:4 | MOE:4 | T:12 | TB:24
      🔍 [Watchdog] Anlık Hız: 231.25 tok/s
      🔍 [Watchdog] Anlık Hız: 172.27 tok/s
   💀 BAŞARISIZ! (Sebep: KILLED_LOW_TPS | Son Hız: 172.3) -> Optuna bu seti cezalandırdı (Skor: 0)
[I 2026-07-09 19:59:38,600] Trial 124 finished with value: 0.0 and parameters: {'b': 2048, 'ub': 2048, 'ngl': 28, 'ngld': 5, 'spec_n': 4, 'moe': 4, 't': 12, 'tb': 24}. Best is trial 0 with value: 0.0.

════════════════════════════════════════════════════════════════════════════════
🤖 OPTUNA DENEMESİ [#126 / 1000] BAŞLIYOR...
🧪 Test Edilen Set: B:2048 | UB:1024 | NGL:20 | DRAFT:3 | MTP:2 | MOE:8 | T:3 | TB:24
      🔍 [Watchdog] Anlık Hız: 229.22 tok/s
      🔍 [Watchdog] Anlık Hız: 159.87 tok/s
   💀 BAŞARISIZ! (Sebep: KILLED_LOW_TPS | Son Hız: 159.9) -> Optuna bu seti cezalandırdı (Skor: 0)
[I 2026-07-09 20:00:12,079] Trial 125 finished with value: 0.0 and parameters: {'b': 2048, 'ub': 1024, 'ngl': 20, 'ngld': 3, 'spec_n': 2, 'moe': 8, 't': 3, 'tb': 24}. Best is trial 0 with value: 0.0.

════════════════════════════════════════════════════════════════════════════════
🤖 OPTUNA DENEMESİ [#127 / 1000] BAŞLIYOR...
🧪 Test Edilen Set: B:2048 | UB:512 | NGL:24 | DRAFT:5 | MTP:4 | MOE:0 | T:6 | TB:16
      🔍 [Watchdog] Anlık Hız: 204.10 tok/s
      🔍 [Watchdog] Anlık Hız: 149.03 tok/s
   💀 BAŞARISIZ! (Sebep: KILLED_LOW_TPS | Son Hız: 149.0) -> Optuna bu seti cezalandırdı (Skor: 0)
[I 2026-07-09 20:00:46,478] Trial 126 finished with value: 0.0 and parameters: {'b': 2048, 'ub': 512, 'ngl': 24, 'ngld': 5, 'spec_n': 4, 'moe': 0, 't': 6, 'tb': 16}. Best is trial 0 with value: 0.0.

════════════════════════════════════════════════════════════════════════════════
🤖 OPTUNA DENEMESİ [#128 / 1000] BAŞLIYOR...
🧪 Test Edilen Set: B:2048 | UB:2048 | NGL:28 | DRAFT:5 | MTP:2 | MOE:2 | T:12 | TB:24
   💀 BAŞARISIZ! (Sebep: CRASH_OR_TIMEOUT | Son Hız: 0.0) -> Optuna bu seti cezalandırdı (Skor: 0)
[I 2026-07-09 20:00:53,770] Trial 127 finished with value: 0.0 and parameters: {'b': 2048, 'ub': 2048, 'ngl': 28, 'ngld': 5, 'spec_n': 2, 'moe': 2, 't': 12, 'tb': 24}. Best is trial 0 with value: 0.0.

════════════════════════════════════════════════════════════════════════════════
🤖 OPTUNA DENEMESİ [#129 / 1000] BAŞLIYOR...
🧪 Test Edilen Set: B:2048 | UB:1024 | NGL:20 | DRAFT:9 | MTP:3 | MOE:10 | T:6 | TB:8
      🔍 [Watchdog] Anlık Hız: 137.84 tok/s
   💀 BAŞARISIZ! (Sebep: KILLED_LOW_TPS | Son Hız: 137.8) -> Optuna bu seti cezalandırdı (Skor: 0)
[I 2026-07-09 20:01:16,675] Trial 128 finished with value: 0.0 and parameters: {'b': 2048, 'ub': 1024, 'ngl': 20, 'ngld': 9, 'spec_n': 3, 'moe': 10, 't': 6, 'tb': 8}. Best is trial 0 with value: 0.0.

════════════════════════════════════════════════════════════════════════════════
🤖 OPTUNA DENEMESİ [#130 / 1000] BAŞLIYOR...
🧪 Test Edilen Set: B:2048 | UB:512 | NGL:28 | DRAFT:1 | MTP:2 | MOE:4 | T:3 | TB:16
      🔍 [Watchdog] Anlık Hız: 208.02 tok/s
      🔍 [Watchdog] Anlık Hız: 151.84 tok/s
   💀 BAŞARISIZ! (Sebep: KILLED_LOW_TPS | Son Hız: 151.8) -> Optuna bu seti cezalandırdı (Skor: 0)
[I 2026-07-09 20:01:51,077] Trial 129 finished with value: 0.0 and parameters: {'b': 2048, 'ub': 512, 'ngl': 28, 'ngld': 1, 'spec_n': 2, 'moe': 4, 't': 3, 'tb': 16}. Best is trial 0 with value: 0.0.

════════════════════════════════════════════════════════════════════════════════
🤖 OPTUNA DENEMESİ [#131 / 1000] BAŞLIYOR...
🧪 Test Edilen Set: B:2048 | UB:2048 | NGL:24 | DRAFT:3 | MTP:4 | MOE:2 | T:12 | TB:24
      🔍 [Watchdog] Anlık Hız: 229.05 tok/s
      🔍 [Watchdog] Anlık Hız: 170.88 tok/s
   💀 BAŞARISIZ! (Sebep: KILLED_LOW_TPS | Son Hız: 170.9) -> Optuna bu seti cezalandırdı (Skor: 0)
[I 2026-07-09 20:02:23,504] Trial 130 finished with value: 0.0 and parameters: {'b': 2048, 'ub': 2048, 'ngl': 24, 'ngld': 3, 'spec_n': 4, 'moe': 2, 't': 12, 'tb': 24}. Best is trial 0 with value: 0.0.

════════════════════════════════════════════════════════════════════════════════
🤖 OPTUNA DENEMESİ [#132 / 1000] BAŞLIYOR...
🧪 Test Edilen Set: B:2048 | UB:512 | NGL:28 | DRAFT:5 | MTP:4 | MOE:0 | T:12 | TB:16
      🔍 [Watchdog] Anlık Hız: 209.72 tok/s
      🔍 [Watchdog] Anlık Hız: 155.07 tok/s
   💀 BAŞARISIZ! (Sebep: KILLED_LOW_TPS | Son Hız: 155.1) -> Optuna bu seti cezalandırdı (Skor: 0)
[I 2026-07-09 20:02:56,838] Trial 131 finished with value: 0.0 and parameters: {'b': 2048, 'ub': 512, 'ngl': 28, 'ngld': 5, 'spec_n': 4, 'moe': 0, 't': 12, 'tb': 16}. Best is trial 0 with value: 0.0.

════════════════════════════════════════════════════════════════════════════════
🤖 OPTUNA DENEMESİ [#133 / 1000] BAŞLIYOR...
🧪 Test Edilen Set: B:2048 | UB:512 | NGL:28 | DRAFT:5 | MTP:4 | MOE:0 | T:12 | TB:16
      🔍 [Watchdog] Anlık Hız: 208.11 tok/s
      🔍 [Watchdog] Anlık Hız: 152.90 tok/s
   💀 BAŞARISIZ! (Sebep: KILLED_LOW_TPS | Son Hız: 152.9) -> Optuna bu seti cezalandırdı (Skor: 0)
[I 2026-07-09 20:03:31,201] Trial 132 finished with value: 0.0 and parameters: {'b': 2048, 'ub': 512, 'ngl': 28, 'ngld': 5, 'spec_n': 4, 'moe': 0, 't': 12, 'tb': 16}. Best is trial 0 with value: 0.0.

════════════════════════════════════════════════════════════════════════════════
🤖 OPTUNA DENEMESİ [#134 / 1000] BAŞLIYOR...
🧪 Test Edilen Set: B:2048 | UB:512 | NGL:28 | DRAFT:5 | MTP:4 | MOE:0 | T:12 | TB:16
      🔍 [Watchdog] Anlık Hız: 212.50 tok/s
      🔍 [Watchdog] Anlık Hız: 153.15 tok/s
   💀 BAŞARISIZ! (Sebep: KILLED_LOW_TPS | Son Hız: 153.2) -> Optuna bu seti cezalandırdı (Skor: 0)
[I 2026-07-09 20:04:05,613] Trial 133 finished with value: 0.0 and parameters: {'b': 2048, 'ub': 512, 'ngl': 28, 'ngld': 5, 'spec_n': 4, 'moe': 0, 't': 12, 'tb': 16}. Best is trial 0 with value: 0.0.

════════════════════════════════════════════════════════════════════════════════
🤖 OPTUNA DENEMESİ [#135 / 1000] BAŞLIYOR...
🧪 Test Edilen Set: B:2048 | UB:512 | NGL:28 | DRAFT:5 | MTP:4 | MOE:0 | T:12 | TB:16
      🔍 [Watchdog] Anlık Hız: 211.29 tok/s
      🔍 [Watchdog] Anlık Hız: 153.56 tok/s
   💀 BAŞARISIZ! (Sebep: KILLED_LOW_TPS | Son Hız: 153.6) -> Optuna bu seti cezalandırdı (Skor: 0)
[I 2026-07-09 20:04:40,078] Trial 134 finished with value: 0.0 and parameters: {'b': 2048, 'ub': 512, 'ngl': 28, 'ngld': 5, 'spec_n': 4, 'moe': 0, 't': 12, 'tb': 16}. Best is trial 0 with value: 0.0.

════════════════════════════════════════════════════════════════════════════════
🤖 OPTUNA DENEMESİ [#136 / 1000] BAŞLIYOR...
🧪 Test Edilen Set: B:2048 | UB:512 | NGL:20 | DRAFT:5 | MTP:2 | MOE:10 | T:6 | TB:16
      🔍 [Watchdog] Anlık Hız: 194.14 tok/s
   💀 BAŞARISIZ! (Sebep: KILLED_LOW_TPS | Son Hız: 194.1) -> Optuna bu seti cezalandırdı (Skor: 0)
[I 2026-07-09 20:04:57,802] Trial 135 finished with value: 0.0 and parameters: {'b': 2048, 'ub': 512, 'ngl': 20, 'ngld': 5, 'spec_n': 2, 'moe': 10, 't': 6, 'tb': 16}. Best is trial 0 with value: 0.0.

════════════════════════════════════════════════════════════════════════════════
🤖 OPTUNA DENEMESİ [#137 / 1000] BAŞLIYOR...
🧪 Test Edilen Set: B:2048 | UB:1024 | NGL:28 | DRAFT:7 | MTP:4 | MOE:8 | T:6 | TB:24
      🔍 [Watchdog] Anlık Hız: 234.64 tok/s
      🔍 [Watchdog] Anlık Hız: 166.10 tok/s
   💀 BAŞARISIZ! (Sebep: KILLED_LOW_TPS | Son Hız: 166.1) -> Optuna bu seti cezalandırdı (Skor: 0)
[I 2026-07-09 20:05:30,137] Trial 136 finished with value: 0.0 and parameters: {'b': 2048, 'ub': 1024, 'ngl': 28, 'ngld': 7, 'spec_n': 4, 'moe': 8, 't': 6, 'tb': 24}. Best is trial 0 with value: 0.0.

════════════════════════════════════════════════════════════════════════════════
🤖 OPTUNA DENEMESİ [#138 / 1000] BAŞLIYOR...
🧪 Test Edilen Set: B:2048 | UB:2048 | NGL:24 | DRAFT:5 | MTP:3 | MOE:2 | T:3 | TB:8
      🔍 [Watchdog] Anlık Hız: 140.98 tok/s
   💀 BAŞARISIZ! (Sebep: KILLED_LOW_TPS | Son Hız: 141.0) -> Optuna bu seti cezalandırdı (Skor: 0)
[I 2026-07-09 20:05:51,972] Trial 137 finished with value: 0.0 and parameters: {'b': 2048, 'ub': 2048, 'ngl': 24, 'ngld': 5, 'spec_n': 3, 'moe': 2, 't': 3, 'tb': 8}. Best is trial 0 with value: 0.0.

════════════════════════════════════════════════════════════════════════════════
🤖 OPTUNA DENEMESİ [#139 / 1000] BAŞLIYOR...
🧪 Test Edilen Set: B:2048 | UB:512 | NGL:20 | DRAFT:9 | MTP:2 | MOE:4 | T:12 | TB:16
      🔍 [Watchdog] Anlık Hız: 193.06 tok/s
   💀 BAŞARISIZ! (Sebep: KILLED_LOW_TPS | Son Hız: 193.1) -> Optuna bu seti cezalandırdı (Skor: 0)
[I 2026-07-09 20:06:10,855] Trial 138 finished with value: 0.0 and parameters: {'b': 2048, 'ub': 512, 'ngl': 20, 'ngld': 9, 'spec_n': 2, 'moe': 4, 't': 12, 'tb': 16}. Best is trial 0 with value: 0.0.

════════════════════════════════════════════════════════════════════════════════
🤖 OPTUNA DENEMESİ [#140 / 1000] BAŞLIYOR...
🧪 Test Edilen Set: B:2048 | UB:1024 | NGL:28 | DRAFT:1 | MTP:4 | MOE:10 | T:6 | TB:24
      🔍 [Watchdog] Anlık Hız: 230.74 tok/s
      🔍 [Watchdog] Anlık Hız: 171.50 tok/s
   💀 BAŞARISIZ! (Sebep: KILLED_LOW_TPS | Son Hız: 171.5) -> Optuna bu seti cezalandırdı (Skor: 0)
[I 2026-07-09 20:06:42,107] Trial 139 finished with value: 0.0 and parameters: {'b': 2048, 'ub': 1024, 'ngl': 28, 'ngld': 1, 'spec_n': 4, 'moe': 10, 't': 6, 'tb': 24}. Best is trial 0 with value: 0.0.

════════════════════════════════════════════════════════════════════════════════
🤖 OPTUNA DENEMESİ [#141 / 1000] BAŞLIYOR...
🧪 Test Edilen Set: B:2048 | UB:2048 | NGL:28 | DRAFT:3 | MTP:2 | MOE:0 | T:3 | TB:16
   💀 BAŞARISIZ! (Sebep: CRASH_OR_TIMEOUT | Son Hız: 0.0) -> Optuna bu seti cezalandırdı (Skor: 0)
[I 2026-07-09 20:06:48,371] Trial 140 finished with value: 0.0 and parameters: {'b': 2048, 'ub': 2048, 'ngl': 28, 'ngld': 3, 'spec_n': 2, 'moe': 0, 't': 3, 'tb': 16}. Best is trial 0 with value: 0.0.

════════════════════════════════════════════════════════════════════════════════
🤖 OPTUNA DENEMESİ [#142 / 1000] BAŞLIYOR...
🧪 Test Edilen Set: B:2048 | UB:2048 | NGL:20 | DRAFT:7 | MTP:3 | MOE:2 | T:12 | TB:8
      🔍 [Watchdog] Anlık Hız: 138.05 tok/s
   💀 BAŞARISIZ! (Sebep: KILLED_LOW_TPS | Son Hız: 138.1) -> Optuna bu seti cezalandırdı (Skor: 0)
[I 2026-07-09 20:07:11,220] Trial 141 finished with value: 0.0 and parameters: {'b': 2048, 'ub': 2048, 'ngl': 20, 'ngld': 7, 'spec_n': 3, 'moe': 2, 't': 12, 'tb': 8}. Best is trial 0 with value: 0.0.

════════════════════════════════════════════════════════════════════════════════
🤖 OPTUNA DENEMESİ [#143 / 1000] BAŞLIYOR...
🧪 Test Edilen Set: B:2048 | UB:2048 | NGL:20 | DRAFT:7 | MTP:3 | MOE:2 | T:12 | TB:8
      🔍 [Watchdog] Anlık Hız: 136.32 tok/s
   💀 BAŞARISIZ! (Sebep: KILLED_LOW_TPS | Son Hız: 136.3) -> Optuna bu seti cezalandırdı (Skor: 0)
[I 2026-07-09 20:07:34,109] Trial 142 finished with value: 0.0 and parameters: {'b': 2048, 'ub': 2048, 'ngl': 20, 'ngld': 7, 'spec_n': 3, 'moe': 2, 't': 12, 'tb': 8}. Best is trial 0 with value: 0.0.

════════════════════════════════════════════════════════════════════════════════
🤖 OPTUNA DENEMESİ [#144 / 1000] BAŞLIYOR...
🧪 Test Edilen Set: B:2048 | UB:2048 | NGL:20 | DRAFT:7 | MTP:3 | MOE:2 | T:12 | TB:8
      🔍 [Watchdog] Anlık Hız: 135.35 tok/s
   💀 BAŞARISIZ! (Sebep: KILLED_LOW_TPS | Son Hız: 135.3) -> Optuna bu seti cezalandırdı (Skor: 0)
[I 2026-07-09 20:07:56,951] Trial 143 finished with value: 0.0 and parameters: {'b': 2048, 'ub': 2048, 'ngl': 20, 'ngld': 7, 'spec_n': 3, 'moe': 2, 't': 12, 'tb': 8}. Best is trial 0 with value: 0.0.

════════════════════════════════════════════════════════════════════════════════
🤖 OPTUNA DENEMESİ [#145 / 1000] BAŞLIYOR...
🧪 Test Edilen Set: B:2048 | UB:2048 | NGL:20 | DRAFT:7 | MTP:3 | MOE:2 | T:12 | TB:8
      🔍 [Watchdog] Anlık Hız: 138.36 tok/s
   💀 BAŞARISIZ! (Sebep: KILLED_LOW_TPS | Son Hız: 138.4) -> Optuna bu seti cezalandırdı (Skor: 0)
[I 2026-07-09 20:08:19,822] Trial 144 finished with value: 0.0 and parameters: {'b': 2048, 'ub': 2048, 'ngl': 20, 'ngld': 7, 'spec_n': 3, 'moe': 2, 't': 12, 'tb': 8}. Best is trial 0 with value: 0.0.

════════════════════════════════════════════════════════════════════════════════
🤖 OPTUNA DENEMESİ [#146 / 1000] BAŞLIYOR...
🧪 Test Edilen Set: B:2048 | UB:512 | NGL:20 | DRAFT:5 | MTP:3 | MOE:2 | T:6 | TB:8
      🔍 [Watchdog] Anlık Hız: 143.64 tok/s
   💀 BAŞARISIZ! (Sebep: KILLED_LOW_TPS | Son Hız: 143.6) -> Optuna bu seti cezalandırdı (Skor: 0)
[I 2026-07-09 20:08:41,643] Trial 145 finished with value: 0.0 and parameters: {'b': 2048, 'ub': 512, 'ngl': 20, 'ngld': 5, 'spec_n': 3, 'moe': 2, 't': 6, 'tb': 8}. Best is trial 0 with value: 0.0.

════════════════════════════════════════════════════════════════════════════════
🤖 OPTUNA DENEMESİ [#147 / 1000] BAŞLIYOR...
🧪 Test Edilen Set: B:2048 | UB:2048 | NGL:24 | DRAFT:9 | MTP:2 | MOE:10 | T:12 | TB:24
      🔍 [Watchdog] Anlık Hız: 225.93 tok/s
      🔍 [Watchdog] Anlık Hız: 168.81 tok/s
   💀 BAŞARISIZ! (Sebep: KILLED_LOW_TPS | Son Hız: 168.8) -> Optuna bu seti cezalandırdı (Skor: 0)
[I 2026-07-09 20:09:13,727] Trial 146 finished with value: 0.0 and parameters: {'b': 2048, 'ub': 2048, 'ngl': 24, 'ngld': 9, 'spec_n': 2, 'moe': 10, 't': 12, 'tb': 24}. Best is trial 0 with value: 0.0.

════════════════════════════════════════════════════════════════════════════════
🤖 OPTUNA DENEMESİ [#148 / 1000] BAŞLIYOR...
🧪 Test Edilen Set: B:2048 | UB:1024 | NGL:20 | DRAFT:7 | MTP:4 | MOE:8 | T:6 | TB:16
      🔍 [Watchdog] Anlık Hız: 200.86 tok/s
      🔍 [Watchdog] Anlık Hız: 149.83 tok/s
   💀 BAŞARISIZ! (Sebep: KILLED_LOW_TPS | Son Hız: 149.8) -> Optuna bu seti cezalandırdı (Skor: 0)
[I 2026-07-09 20:09:49,266] Trial 147 finished with value: 0.0 and parameters: {'b': 2048, 'ub': 1024, 'ngl': 20, 'ngld': 7, 'spec_n': 4, 'moe': 8, 't': 6, 'tb': 16}. Best is trial 0 with value: 0.0.

════════════════════════════════════════════════════════════════════════════════
🤖 OPTUNA DENEMESİ [#149 / 1000] BAŞLIYOR...
🧪 Test Edilen Set: B:2048 | UB:512 | NGL:28 | DRAFT:1 | MTP:2 | MOE:2 | T:12 | TB:24
      🔍 [Watchdog] Anlık Hız: 239.77 tok/s
      🔍 [Watchdog] Anlık Hız: 176.54 tok/s
   💀 BAŞARISIZ! (Sebep: KILLED_LOW_TPS | Son Hız: 176.5) -> Optuna bu seti cezalandırdı (Skor: 0)
[I 2026-07-09 20:10:20,377] Trial 148 finished with value: 0.0 and parameters: {'b': 2048, 'ub': 512, 'ngl': 28, 'ngld': 1, 'spec_n': 2, 'moe': 2, 't': 12, 'tb': 24}. Best is trial 0 with value: 0.0.

════════════════════════════════════════════════════════════════════════════════
🤖 OPTUNA DENEMESİ [#150 / 1000] BAŞLIYOR...
🧪 Test Edilen Set: B:2048 | UB:2048 | NGL:24 | DRAFT:5 | MTP:4 | MOE:4 | T:3 | TB:8
      🔍 [Watchdog] Anlık Hız: 141.27 tok/s
   💀 BAŞARISIZ! (Sebep: KILLED_LOW_TPS | Son Hız: 141.3) -> Optuna bu seti cezalandırdı (Skor: 0)
[I 2026-07-09 20:10:42,265] Trial 149 finished with value: 0.0 and parameters: {'b': 2048, 'ub': 2048, 'ngl': 24, 'ngld': 5, 'spec_n': 4, 'moe': 4, 't': 3, 'tb': 8}. Best is trial 0 with value: 0.0.

════════════════════════════════════════════════════════════════════════════════
🤖 OPTUNA DENEMESİ [#151 / 1000] BAŞLIYOR...
🧪 Test Edilen Set: B:2048 | UB:512 | NGL:20 | DRAFT:3 | MTP:3 | MOE:10 | T:6 | TB:16
      🔍 [Watchdog] Anlık Hız: 193.97 tok/s
   💀 BAŞARISIZ! (Sebep: KILLED_LOW_TPS | Son Hız: 194.0) -> Optuna bu seti cezalandırdı (Skor: 0)
