[I 2026-07-10 00:54:49,820] Trial 751 finished with value: 0.0 and parameters: {'b': 2048, 'ub': 1024, 'ngl': 20, 'ngld': 5, 'spec_n': 4, 'moe': 4, 't': 12, 'tb': 8}. Best is trial 0 with value: 0.0.

════════════════════════════════════════════════════════════════════════════════
🤖 OPTUNA DENEMESİ [#753 / 1000] BAŞLIYOR...
🧪 Test Edilen Set: B:2048 | UB:2048 | NGL:24 | DRAFT:3 | MTP:3 | MOE:2 | T:3 | TB:16
      🔍 [Watchdog] Anlık Hız: 204.21 tok/s
      🔍 [Watchdog] Anlık Hız: 152.56 tok/s
   💀 BAŞARISIZ! (Sebep: KILLED_LOW_TPS | Son Hız: 152.6) -> Optuna bu seti cezalandırdı (Skor: 0)
[I 2026-07-10 00:55:24,222] Trial 752 finished with value: 0.0 and parameters: {'b': 2048, 'ub': 2048, 'ngl': 24, 'ngld': 3, 'spec_n': 3, 'moe': 2, 't': 3, 'tb': 16}. Best is trial 0 with value: 0.0.

════════════════════════════════════════════════════════════════════════════════
🤖 OPTUNA DENEMESİ [#754 / 1000] BAŞLIYOR...
🧪 Test Edilen Set: B:2048 | UB:512 | NGL:28 | DRAFT:5 | MTP:2 | MOE:10 | T:6 | TB:24
      🔍 [Watchdog] Anlık Hız: 222.52 tok/s
      🔍 [Watchdog] Anlık Hız: 168.30 tok/s
   💀 BAŞARISIZ! (Sebep: KILLED_LOW_TPS | Son Hız: 168.3) -> Optuna bu seti cezalandırdı (Skor: 0)
[I 2026-07-10 00:55:56,296] Trial 753 finished with value: 0.0 and parameters: {'b': 2048, 'ub': 512, 'ngl': 28, 'ngld': 5, 'spec_n': 2, 'moe': 10, 't': 6, 'tb': 24}. Best is trial 0 with value: 0.0.

════════════════════════════════════════════════════════════════════════════════
🤖 OPTUNA DENEMESİ [#755 / 1000] BAŞLIYOR...
🧪 Test Edilen Set: B:2048 | UB:1024 | NGL:20 | DRAFT:1 | MTP:4 | MOE:4 | T:12 | TB:16
      🔍 [Watchdog] Anlık Hız: 205.71 tok/s
      🔍 [Watchdog] Anlık Hız: 147.88 tok/s
   💀 BAŞARISIZ! (Sebep: KILLED_LOW_TPS | Son Hız: 147.9) -> Optuna bu seti cezalandırdı (Skor: 0)
[I 2026-07-10 00:56:31,719] Trial 754 finished with value: 0.0 and parameters: {'b': 2048, 'ub': 1024, 'ngl': 20, 'ngld': 1, 'spec_n': 4, 'moe': 4, 't': 12, 'tb': 16}. Best is trial 0 with value: 0.0.

════════════════════════════════════════════════════════════════════════════════
🤖 OPTUNA DENEMESİ [#756 / 1000] BAŞLIYOR...
🧪 Test Edilen Set: B:2048 | UB:2048 | NGL:28 | DRAFT:7 | MTP:2 | MOE:0 | T:3 | TB:16
   💀 BAŞARISIZ! (Sebep: CRASH_OR_TIMEOUT | Son Hız: 0.0) -> Optuna bu seti cezalandırdı (Skor: 0)
[I 2026-07-10 00:56:37,998] Trial 755 finished with value: 0.0 and parameters: {'b': 2048, 'ub': 2048, 'ngl': 28, 'ngld': 7, 'spec_n': 2, 'moe': 0, 't': 3, 'tb': 16}. Best is trial 0 with value: 0.0.

════════════════════════════════════════════════════════════════════════════════
🤖 OPTUNA DENEMESİ [#757 / 1000] BAŞLIYOR...
🧪 Test Edilen Set: B:2048 | UB:512 | NGL:28 | DRAFT:9 | MTP:4 | MOE:2 | T:6 | TB:24
      🔍 [Watchdog] Anlık Hız: 239.41 tok/s
      🔍 [Watchdog] Anlık Hız: 177.17 tok/s
   💀 BAŞARISIZ! (Sebep: KILLED_LOW_TPS | Son Hız: 177.2) -> Optuna bu seti cezalandırdı (Skor: 0)
[I 2026-07-10 00:57:08,162] Trial 756 finished with value: 0.0 and parameters: {'b': 2048, 'ub': 512, 'ngl': 28, 'ngld': 9, 'spec_n': 4, 'moe': 2, 't': 6, 'tb': 24}. Best is trial 0 with value: 0.0.

════════════════════════════════════════════════════════════════════════════════
🤖 OPTUNA DENEMESİ [#758 / 1000] BAŞLIYOR...
🧪 Test Edilen Set: B:2048 | UB:1024 | NGL:24 | DRAFT:5 | MTP:3 | MOE:10 | T:12 | TB:8
      🔍 [Watchdog] Anlık Hız: 140.95 tok/s
   💀 BAŞARISIZ! (Sebep: KILLED_LOW_TPS | Son Hız: 140.9) -> Optuna bu seti cezalandırdı (Skor: 0)
[I 2026-07-10 00:57:30,030] Trial 757 finished with value: 0.0 and parameters: {'b': 2048, 'ub': 1024, 'ngl': 24, 'ngld': 5, 'spec_n': 3, 'moe': 10, 't': 12, 'tb': 8}. Best is trial 0 with value: 0.0.

════════════════════════════════════════════════════════════════════════════════
🤖 OPTUNA DENEMESİ [#759 / 1000] BAŞLIYOR...
🧪 Test Edilen Set: B:2048 | UB:2048 | NGL:20 | DRAFT:1 | MTP:2 | MOE:8 | T:3 | TB:16
      🔍 [Watchdog] Anlık Hız: 198.10 tok/s
   💀 BAŞARISIZ! (Sebep: KILLED_LOW_TPS | Son Hız: 198.1) -> Optuna bu seti cezalandırdı (Skor: 0)
[I 2026-07-10 00:57:48,801] Trial 758 finished with value: 0.0 and parameters: {'b': 2048, 'ub': 2048, 'ngl': 20, 'ngld': 1, 'spec_n': 2, 'moe': 8, 't': 3, 'tb': 16}. Best is trial 0 with value: 0.0.

════════════════════════════════════════════════════════════════════════════════
🤖 OPTUNA DENEMESİ [#760 / 1000] BAŞLIYOR...
🧪 Test Edilen Set: B:2048 | UB:512 | NGL:28 | DRAFT:3 | MTP:4 | MOE:4 | T:12 | TB:24
      🔍 [Watchdog] Anlık Hız: 235.95 tok/s
      🔍 [Watchdog] Anlık Hız: 175.49 tok/s
   💀 BAŞARISIZ! (Sebep: KILLED_LOW_TPS | Son Hız: 175.5) -> Optuna bu seti cezalandırdı (Skor: 0)
[I 2026-07-10 00:58:20,015] Trial 759 finished with value: 0.0 and parameters: {'b': 2048, 'ub': 512, 'ngl': 28, 'ngld': 3, 'spec_n': 4, 'moe': 4, 't': 12, 'tb': 24}. Best is trial 0 with value: 0.0.

════════════════════════════════════════════════════════════════════════════════
🤖 OPTUNA DENEMESİ [#761 / 1000] BAŞLIYOR...
🧪 Test Edilen Set: B:2048 | UB:1024 | NGL:20 | DRAFT:5 | MTP:2 | MOE:2 | T:6 | TB:16
      🔍 [Watchdog] Anlık Hız: 204.30 tok/s
      🔍 [Watchdog] Anlık Hız: 153.39 tok/s
   💀 BAŞARISIZ! (Sebep: KILLED_LOW_TPS | Son Hız: 153.4) -> Optuna bu seti cezalandırdı (Skor: 0)
[I 2026-07-10 00:58:54,432] Trial 760 finished with value: 0.0 and parameters: {'b': 2048, 'ub': 1024, 'ngl': 20, 'ngld': 5, 'spec_n': 2, 'moe': 2, 't': 6, 'tb': 16}. Best is trial 0 with value: 0.0.

════════════════════════════════════════════════════════════════════════════════
🤖 OPTUNA DENEMESİ [#762 / 1000] BAŞLIYOR...
🧪 Test Edilen Set: B:2048 | UB:2048 | NGL:28 | DRAFT:7 | MTP:2 | MOE:10 | T:3 | TB:24
      🔍 [Watchdog] Anlık Hız: 226.58 tok/s
      🔍 [Watchdog] Anlık Hız: 170.47 tok/s
   💀 BAŞARISIZ! (Sebep: KILLED_LOW_TPS | Son Hız: 170.5) -> Optuna bu seti cezalandırdı (Skor: 0)
[I 2026-07-10 00:59:26,552] Trial 761 finished with value: 0.0 and parameters: {'b': 2048, 'ub': 2048, 'ngl': 28, 'ngld': 7, 'spec_n': 2, 'moe': 10, 't': 3, 'tb': 24}. Best is trial 0 with value: 0.0.

════════════════════════════════════════════════════════════════════════════════
🤖 OPTUNA DENEMESİ [#763 / 1000] BAŞLIYOR...
🧪 Test Edilen Set: B:2048 | UB:512 | NGL:28 | DRAFT:5 | MTP:4 | MOE:0 | T:12 | TB:8
      🔍 [Watchdog] Anlık Hız: 147.60 tok/s
   💀 BAŞARISIZ! (Sebep: KILLED_LOW_TPS | Son Hız: 147.6) -> Optuna bu seti cezalandırdı (Skor: 0)
[I 2026-07-10 00:59:47,385] Trial 762 finished with value: 0.0 and parameters: {'b': 2048, 'ub': 512, 'ngl': 28, 'ngld': 5, 'spec_n': 4, 'moe': 0, 't': 12, 'tb': 8}. Best is trial 0 with value: 0.0.

════════════════════════════════════════════════════════════════════════════════
🤖 OPTUNA DENEMESİ [#764 / 1000] BAŞLIYOR...
🧪 Test Edilen Set: B:2048 | UB:1024 | NGL:24 | DRAFT:1 | MTP:3 | MOE:4 | T:6 | TB:16
      🔍 [Watchdog] Anlık Hız: 208.47 tok/s
      🔍 [Watchdog] Anlık Hız: 146.45 tok/s
   💀 BAŞARISIZ! (Sebep: KILLED_LOW_TPS | Son Hız: 146.4) -> Optuna bu seti cezalandırdı (Skor: 0)
[I 2026-07-10 01:00:22,834] Trial 763 finished with value: 0.0 and parameters: {'b': 2048, 'ub': 1024, 'ngl': 24, 'ngld': 1, 'spec_n': 3, 'moe': 4, 't': 6, 'tb': 16}. Best is trial 0 with value: 0.0.

════════════════════════════════════════════════════════════════════════════════
🤖 OPTUNA DENEMESİ [#765 / 1000] BAŞLIYOR...
🧪 Test Edilen Set: B:2048 | UB:2048 | NGL:20 | DRAFT:9 | MTP:2 | MOE:2 | T:3 | TB:24
      🔍 [Watchdog] Anlık Hız: 216.20 tok/s
      🔍 [Watchdog] Anlık Hız: 160.53 tok/s
   💀 BAŞARISIZ! (Sebep: KILLED_LOW_TPS | Son Hız: 160.5) -> Optuna bu seti cezalandırdı (Skor: 0)
[I 2026-07-10 01:00:56,160] Trial 764 finished with value: 0.0 and parameters: {'b': 2048, 'ub': 2048, 'ngl': 20, 'ngld': 9, 'spec_n': 2, 'moe': 2, 't': 3, 'tb': 24}. Best is trial 0 with value: 0.0.

════════════════════════════════════════════════════════════════════════════════
🤖 OPTUNA DENEMESİ [#766 / 1000] BAŞLIYOR...
🧪 Test Edilen Set: B:2048 | UB:512 | NGL:28 | DRAFT:5 | MTP:4 | MOE:8 | T:12 | TB:16
      🔍 [Watchdog] Anlık Hız: 204.63 tok/s
      🔍 [Watchdog] Anlık Hız: 151.69 tok/s
   💀 BAŞARISIZ! (Sebep: KILLED_LOW_TPS | Son Hız: 151.7) -> Optuna bu seti cezalandırdı (Skor: 0)
[I 2026-07-10 01:01:30,563] Trial 765 finished with value: 0.0 and parameters: {'b': 2048, 'ub': 512, 'ngl': 28, 'ngld': 5, 'spec_n': 4, 'moe': 8, 't': 12, 'tb': 16}. Best is trial 0 with value: 0.0.

════════════════════════════════════════════════════════════════════════════════
🤖 OPTUNA DENEMESİ [#767 / 1000] BAŞLIYOR...
🧪 Test Edilen Set: B:2048 | UB:2048 | NGL:20 | DRAFT:3 | MTP:2 | MOE:10 | T:6 | TB:16
      🔍 [Watchdog] Anlık Hız: 199.56 tok/s
   💀 BAŞARISIZ! (Sebep: KILLED_LOW_TPS | Son Hız: 199.6) -> Optuna bu seti cezalandırdı (Skor: 0)
[I 2026-07-10 01:01:48,371] Trial 766 finished with value: 0.0 and parameters: {'b': 2048, 'ub': 2048, 'ngl': 20, 'ngld': 3, 'spec_n': 2, 'moe': 10, 't': 6, 'tb': 16}. Best is trial 0 with value: 0.0.

════════════════════════════════════════════════════════════════════════════════
🤖 OPTUNA DENEMESİ [#768 / 1000] BAŞLIYOR...
🧪 Test Edilen Set: B:2048 | UB:1024 | NGL:28 | DRAFT:1 | MTP:4 | MOE:4 | T:3 | TB:8
      🔍 [Watchdog] Anlık Hız: 134.99 tok/s
   💀 BAŞARISIZ! (Sebep: KILLED_LOW_TPS | Son Hız: 135.0) -> Optuna bu seti cezalandırdı (Skor: 0)
[I 2026-07-10 01:02:11,361] Trial 767 finished with value: 0.0 and parameters: {'b': 2048, 'ub': 1024, 'ngl': 28, 'ngld': 1, 'spec_n': 4, 'moe': 4, 't': 3, 'tb': 8}. Best is trial 0 with value: 0.0.

════════════════════════════════════════════════════════════════════════════════
🤖 OPTUNA DENEMESİ [#769 / 1000] BAŞLIYOR...
🧪 Test Edilen Set: B:2048 | UB:512 | NGL:24 | DRAFT:5 | MTP:3 | MOE:2 | T:12 | TB:24
      🔍 [Watchdog] Anlık Hız: 228.14 tok/s
      🔍 [Watchdog] Anlık Hız: 169.96 tok/s
   💀 BAŞARISIZ! (Sebep: KILLED_LOW_TPS | Son Hız: 170.0) -> Optuna bu seti cezalandırdı (Skor: 0)
[I 2026-07-10 01:02:42,702] Trial 768 finished with value: 0.0 and parameters: {'b': 2048, 'ub': 512, 'ngl': 24, 'ngld': 5, 'spec_n': 3, 'moe': 2, 't': 12, 'tb': 24}. Best is trial 0 with value: 0.0.

════════════════════════════════════════════════════════════════════════════════
🤖 OPTUNA DENEMESİ [#770 / 1000] BAŞLIYOR...
🧪 Test Edilen Set: B:2048 | UB:2048 | NGL:28 | DRAFT:7 | MTP:2 | MOE:0 | T:6 | TB:16
   💀 BAŞARISIZ! (Sebep: CRASH_OR_TIMEOUT | Son Hız: 0.0) -> Optuna bu seti cezalandırdı (Skor: 0)
[I 2026-07-10 01:02:48,982] Trial 769 finished with value: 0.0 and parameters: {'b': 2048, 'ub': 2048, 'ngl': 28, 'ngld': 7, 'spec_n': 2, 'moe': 0, 't': 6, 'tb': 16}. Best is trial 0 with value: 0.0.

════════════════════════════════════════════════════════════════════════════════
🤖 OPTUNA DENEMESİ [#771 / 1000] BAŞLIYOR...
🧪 Test Edilen Set: B:2048 | UB:1024 | NGL:20 | DRAFT:5 | MTP:2 | MOE:4 | T:3 | TB:24
      🔍 [Watchdog] Anlık Hız: 229.90 tok/s
      🔍 [Watchdog] Anlık Hız: 171.29 tok/s
   💀 BAŞARISIZ! (Sebep: KILLED_LOW_TPS | Son Hız: 171.3) -> Optuna bu seti cezalandırdı (Skor: 0)
[I 2026-07-10 01:03:21,134] Trial 770 finished with value: 0.0 and parameters: {'b': 2048, 'ub': 1024, 'ngl': 20, 'ngld': 5, 'spec_n': 2, 'moe': 4, 't': 3, 'tb': 24}. Best is trial 0 with value: 0.0.

════════════════════════════════════════════════════════════════════════════════
🤖 OPTUNA DENEMESİ [#772 / 1000] BAŞLIYOR...
🧪 Test Edilen Set: B:2048 | UB:512 | NGL:28 | DRAFT:9 | MTP:4 | MOE:10 | T:12 | TB:16
      🔍 [Watchdog] Anlık Hız: 201.32 tok/s
      🔍 [Watchdog] Anlık Hız: 149.32 tok/s
   💀 BAŞARISIZ! (Sebep: KILLED_LOW_TPS | Son Hız: 149.3) -> Optuna bu seti cezalandırdı (Skor: 0)
[I 2026-07-10 01:03:55,529] Trial 771 finished with value: 0.0 and parameters: {'b': 2048, 'ub': 512, 'ngl': 28, 'ngld': 9, 'spec_n': 4, 'moe': 10, 't': 12, 'tb': 16}. Best is trial 0 with value: 0.0.

════════════════════════════════════════════════════════════════════════════════
🤖 OPTUNA DENEMESİ [#773 / 1000] BAŞLIYOR...
🧪 Test Edilen Set: B:2048 | UB:2048 | NGL:28 | DRAFT:1 | MTP:2 | MOE:8 | T:6 | TB:8
      🔍 [Watchdog] Anlık Hız: 142.23 tok/s
   💀 BAŞARISIZ! (Sebep: KILLED_LOW_TPS | Son Hız: 142.2) -> Optuna bu seti cezalandırdı (Skor: 0)
[I 2026-07-10 01:04:17,367] Trial 772 finished with value: 0.0 and parameters: {'b': 2048, 'ub': 2048, 'ngl': 28, 'ngld': 1, 'spec_n': 2, 'moe': 8, 't': 6, 'tb': 8}. Best is trial 0 with value: 0.0.

════════════════════════════════════════════════════════════════════════════════
🤖 OPTUNA DENEMESİ [#774 / 1000] BAŞLIYOR...
🧪 Test Edilen Set: B:2048 | UB:1024 | NGL:20 | DRAFT:5 | MTP:4 | MOE:2 | T:3 | TB:24
      🔍 [Watchdog] Anlık Hız: 229.22 tok/s
      🔍 [Watchdog] Anlık Hız: 167.79 tok/s
   💀 BAŞARISIZ! (Sebep: KILLED_LOW_TPS | Son Hız: 167.8) -> Optuna bu seti cezalandırdı (Skor: 0)
[I 2026-07-10 01:04:49,713] Trial 773 finished with value: 0.0 and parameters: {'b': 2048, 'ub': 1024, 'ngl': 20, 'ngld': 5, 'spec_n': 4, 'moe': 2, 't': 3, 'tb': 24}. Best is trial 0 with value: 0.0.

════════════════════════════════════════════════════════════════════════════════
🤖 OPTUNA DENEMESİ [#775 / 1000] BAŞLIYOR...
🧪 Test Edilen Set: B:2048 | UB:512 | NGL:24 | DRAFT:3 | MTP:3 | MOE:4 | T:12 | TB:16
      🔍 [Watchdog] Anlık Hız: 205.71 tok/s
      🔍 [Watchdog] Anlık Hız: 152.41 tok/s
   💀 BAŞARISIZ! (Sebep: KILLED_LOW_TPS | Son Hız: 152.4) -> Optuna bu seti cezalandırdı (Skor: 0)
[I 2026-07-10 01:05:24,164] Trial 774 finished with value: 0.0 and parameters: {'b': 2048, 'ub': 512, 'ngl': 24, 'ngld': 3, 'spec_n': 3, 'moe': 4, 't': 12, 'tb': 16}. Best is trial 0 with value: 0.0.

════════════════════════════════════════════════════════════════════════════════
🤖 OPTUNA DENEMESİ [#776 / 1000] BAŞLIYOR...
🧪 Test Edilen Set: B:2048 | UB:2048 | NGL:28 | DRAFT:1 | MTP:2 | MOE:10 | T:6 | TB:16
      🔍 [Watchdog] Anlık Hız: 203.70 tok/s
      🔍 [Watchdog] Anlık Hız: 152.32 tok/s
   💀 BAŞARISIZ! (Sebep: KILLED_LOW_TPS | Son Hız: 152.3) -> Optuna bu seti cezalandırdı (Skor: 0)
[I 2026-07-10 01:05:58,530] Trial 775 finished with value: 0.0 and parameters: {'b': 2048, 'ub': 2048, 'ngl': 28, 'ngld': 1, 'spec_n': 2, 'moe': 10, 't': 6, 'tb': 16}. Best is trial 0 with value: 0.0.

════════════════════════════════════════════════════════════════════════════════
🤖 OPTUNA DENEMESİ [#777 / 1000] BAŞLIYOR...
🧪 Test Edilen Set: B:2048 | UB:1024 | NGL:20 | DRAFT:5 | MTP:4 | MOE:0 | T:3 | TB:24
      🔍 [Watchdog] Anlık Hız: 229.53 tok/s
      🔍 [Watchdog] Anlık Hız: 166.94 tok/s
   💀 BAŞARISIZ! (Sebep: KILLED_LOW_TPS | Son Hız: 166.9) -> Optuna bu seti cezalandırdı (Skor: 0)
[I 2026-07-10 01:06:31,129] Trial 776 finished with value: 0.0 and parameters: {'b': 2048, 'ub': 1024, 'ngl': 20, 'ngld': 5, 'spec_n': 4, 'moe': 0, 't': 3, 'tb': 24}. Best is trial 0 with value: 0.0.

════════════════════════════════════════════════════════════════════════════════
🤖 OPTUNA DENEMESİ [#778 / 1000] BAŞLIYOR...
🧪 Test Edilen Set: B:2048 | UB:512 | NGL:28 | DRAFT:7 | MTP:2 | MOE:2 | T:12 | TB:16
      🔍 [Watchdog] Anlık Hız: 214.93 tok/s
      🔍 [Watchdog] Anlık Hız: 158.20 tok/s
   💀 BAŞARISIZ! (Sebep: KILLED_LOW_TPS | Son Hız: 158.2) -> Optuna bu seti cezalandırdı (Skor: 0)
[I 2026-07-10 01:07:04,532] Trial 777 finished with value: 0.0 and parameters: {'b': 2048, 'ub': 512, 'ngl': 28, 'ngld': 7, 'spec_n': 2, 'moe': 2, 't': 12, 'tb': 16}. Best is trial 0 with value: 0.0.

════════════════════════════════════════════════════════════════════════════════
🤖 OPTUNA DENEMESİ [#779 / 1000] BAŞLIYOR...
🧪 Test Edilen Set: B:2048 | UB:2048 | NGL:28 | DRAFT:9 | MTP:3 | MOE:4 | T:6 | TB:8
      🔍 [Watchdog] Anlık Hız: 143.59 tok/s
   💀 BAŞARISIZ! (Sebep: KILLED_LOW_TPS | Son Hız: 143.6) -> Optuna bu seti cezalandırdı (Skor: 0)
[I 2026-07-10 01:07:26,410] Trial 778 finished with value: 0.0 and parameters: {'b': 2048, 'ub': 2048, 'ngl': 28, 'ngld': 9, 'spec_n': 3, 'moe': 4, 't': 6, 'tb': 8}. Best is trial 0 with value: 0.0.

════════════════════════════════════════════════════════════════════════════════
🤖 OPTUNA DENEMESİ [#780 / 1000] BAŞLIYOR...
🧪 Test Edilen Set: B:2048 | UB:1024 | NGL:24 | DRAFT:5 | MTP:2 | MOE:10 | T:12 | TB:24
      🔍 [Watchdog] Anlık Hız: 232.48 tok/s
      🔍 [Watchdog] Anlık Hız: 173.42 tok/s
   💀 BAŞARISIZ! (Sebep: KILLED_LOW_TPS | Son Hız: 173.4) -> Optuna bu seti cezalandırdı (Skor: 0)
[I 2026-07-10 01:07:57,791] Trial 779 finished with value: 0.0 and parameters: {'b': 2048, 'ub': 1024, 'ngl': 24, 'ngld': 5, 'spec_n': 2, 'moe': 10, 't': 12, 'tb': 24}. Best is trial 0 with value: 0.0.

════════════════════════════════════════════════════════════════════════════════
🤖 OPTUNA DENEMESİ [#781 / 1000] BAŞLIYOR...
🧪 Test Edilen Set: B:2048 | UB:2048 | NGL:20 | DRAFT:1 | MTP:4 | MOE:8 | T:3 | TB:16
      🔍 [Watchdog] Anlık Hız: 200.52 tok/s
      🔍 [Watchdog] Anlık Hız: 147.31 tok/s
   💀 BAŞARISIZ! (Sebep: KILLED_LOW_TPS | Son Hız: 147.3) -> Optuna bu seti cezalandırdı (Skor: 0)
[I 2026-07-10 01:08:33,256] Trial 780 finished with value: 0.0 and parameters: {'b': 2048, 'ub': 2048, 'ngl': 20, 'ngld': 1, 'spec_n': 4, 'moe': 8, 't': 3, 'tb': 16}. Best is trial 0 with value: 0.0.

════════════════════════════════════════════════════════════════════════════════
🤖 OPTUNA DENEMESİ [#782 / 1000] BAŞLIYOR...
🧪 Test Edilen Set: B:2048 | UB:512 | NGL:28 | DRAFT:3 | MTP:2 | MOE:4 | T:6 | TB:24
      🔍 [Watchdog] Anlık Hız: 236.35 tok/s
      🔍 [Watchdog] Anlık Hız: 175.03 tok/s
   💀 BAŞARISIZ! (Sebep: KILLED_LOW_TPS | Son Hız: 175.0) -> Optuna bu seti cezalandırdı (Skor: 0)
[I 2026-07-10 01:09:04,499] Trial 781 finished with value: 0.0 and parameters: {'b': 2048, 'ub': 512, 'ngl': 28, 'ngld': 3, 'spec_n': 2, 'moe': 4, 't': 6, 'tb': 24}. Best is trial 0 with value: 0.0.

════════════════════════════════════════════════════════════════════════════════
🤖 OPTUNA DENEMESİ [#783 / 1000] BAŞLIYOR...
🧪 Test Edilen Set: B:2048 | UB:1024 | NGL:20 | DRAFT:5 | MTP:4 | MOE:2 | T:12 | TB:16
      🔍 [Watchdog] Anlık Hız: 194.16 tok/s
   💀 BAŞARISIZ! (Sebep: KILLED_LOW_TPS | Son Hız: 194.2) -> Optuna bu seti cezalandırdı (Skor: 0)
[I 2026-07-10 01:09:22,201] Trial 782 finished with value: 0.0 and parameters: {'b': 2048, 'ub': 1024, 'ngl': 20, 'ngld': 5, 'spec_n': 4, 'moe': 2, 't': 12, 'tb': 16}. Best is trial 0 with value: 0.0.

════════════════════════════════════════════════════════════════════════════════
🤖 OPTUNA DENEMESİ [#784 / 1000] BAŞLIYOR...
🧪 Test Edilen Set: B:2048 | UB:2048 | NGL:28 | DRAFT:7 | MTP:2 | MOE:10 | T:3 | TB:8
      🔍 [Watchdog] Anlık Hız: 142.92 tok/s
   💀 BAŞARISIZ! (Sebep: KILLED_LOW_TPS | Son Hız: 142.9) -> Optuna bu seti cezalandırdı (Skor: 0)
[I 2026-07-10 01:09:44,074] Trial 783 finished with value: 0.0 and parameters: {'b': 2048, 'ub': 2048, 'ngl': 28, 'ngld': 7, 'spec_n': 2, 'moe': 10, 't': 3, 'tb': 8}. Best is trial 0 with value: 0.0.

════════════════════════════════════════════════════════════════════════════════
🤖 OPTUNA DENEMESİ [#785 / 1000] BAŞLIYOR...
🧪 Test Edilen Set: B:2048 | UB:512 | NGL:24 | DRAFT:5 | MTP:3 | MOE:0 | T:6 | TB:24
      🔍 [Watchdog] Anlık Hız: 227.25 tok/s
      🔍 [Watchdog] Anlık Hız: 168.66 tok/s
   💀 BAŞARISIZ! (Sebep: KILLED_LOW_TPS | Son Hız: 168.7) -> Optuna bu seti cezalandırdı (Skor: 0)
[I 2026-07-10 01:10:16,086] Trial 784 finished with value: 0.0 and parameters: {'b': 2048, 'ub': 512, 'ngl': 24, 'ngld': 5, 'spec_n': 3, 'moe': 0, 't': 6, 'tb': 24}. Best is trial 0 with value: 0.0.

════════════════════════════════════════════════════════════════════════════════
🤖 OPTUNA DENEMESİ [#786 / 1000] BAŞLIYOR...
🧪 Test Edilen Set: B:2048 | UB:1024 | NGL:28 | DRAFT:1 | MTP:4 | MOE:4 | T:12 | TB:16
      🔍 [Watchdog] Anlık Hız: 217.03 tok/s
      🔍 [Watchdog] Anlık Hız: 151.11 tok/s
   💀 BAŞARISIZ! (Sebep: KILLED_LOW_TPS | Son Hız: 151.1) -> Optuna bu seti cezalandırdı (Skor: 0)
[I 2026-07-10 01:10:50,457] Trial 785 finished with value: 0.0 and parameters: {'b': 2048, 'ub': 1024, 'ngl': 28, 'ngld': 1, 'spec_n': 4, 'moe': 4, 't': 12, 'tb': 16}. Best is trial 0 with value: 0.0.

════════════════════════════════════════════════════════════════════════════════
🤖 OPTUNA DENEMESİ [#787 / 1000] BAŞLIYOR...
🧪 Test Edilen Set: B:2048 | UB:2048 | NGL:20 | DRAFT:9 | MTP:2 | MOE:2 | T:3 | TB:16
      🔍 [Watchdog] Anlık Hız: 195.68 tok/s
   💀 BAŞARISIZ! (Sebep: KILLED_LOW_TPS | Son Hız: 195.7) -> Optuna bu seti cezalandırdı (Skor: 0)
[I 2026-07-10 01:11:09,339] Trial 786 finished with value: 0.0 and parameters: {'b': 2048, 'ub': 2048, 'ngl': 20, 'ngld': 9, 'spec_n': 2, 'moe': 2, 't': 3, 'tb': 16}. Best is trial 0 with value: 0.0.

════════════════════════════════════════════════════════════════════════════════
🤖 OPTUNA DENEMESİ [#788 / 1000] BAŞLIYOR...
🧪 Test Edilen Set: B:2048 | UB:512 | NGL:28 | DRAFT:5 | MTP:4 | MOE:8 | T:12 | TB:24
      🔍 [Watchdog] Anlık Hız: 225.66 tok/s
      🔍 [Watchdog] Anlık Hız: 169.14 tok/s
   💀 BAŞARISIZ! (Sebep: KILLED_LOW_TPS | Son Hız: 169.1) -> Optuna bu seti cezalandırdı (Skor: 0)
[I 2026-07-10 01:11:41,483] Trial 787 finished with value: 0.0 and parameters: {'b': 2048, 'ub': 512, 'ngl': 28, 'ngld': 5, 'spec_n': 4, 'moe': 8, 't': 12, 'tb': 24}. Best is trial 0 with value: 0.0.

════════════════════════════════════════════════════════════════════════════════
🤖 OPTUNA DENEMESİ [#789 / 1000] BAŞLIYOR...
🧪 Test Edilen Set: B:2048 | UB:1024 | NGL:20 | DRAFT:3 | MTP:2 | MOE:10 | T:6 | TB:16
      🔍 [Watchdog] Anlık Hız: 203.04 tok/s
      🔍 [Watchdog] Anlık Hız: 145.11 tok/s
   💀 BAŞARISIZ! (Sebep: KILLED_LOW_TPS | Son Hız: 145.1) -> Optuna bu seti cezalandırdı (Skor: 0)
[I 2026-07-10 01:12:16,933] Trial 788 finished with value: 0.0 and parameters: {'b': 2048, 'ub': 1024, 'ngl': 20, 'ngld': 3, 'spec_n': 2, 'moe': 10, 't': 6, 'tb': 16}. Best is trial 0 with value: 0.0.

════════════════════════════════════════════════════════════════════════════════
🤖 OPTUNA DENEMESİ [#790 / 1000] BAŞLIYOR...
🧪 Test Edilen Set: B:2048 | UB:2048 | NGL:28 | DRAFT:1 | MTP:3 | MOE:4 | T:3 | TB:8
      🔍 [Watchdog] Anlık Hız: 144.34 tok/s
   💀 BAŞARISIZ! (Sebep: KILLED_LOW_TPS | Son Hız: 144.3) -> Optuna bu seti cezalandırdı (Skor: 0)
